<?xml version="1.0" encoding="utf-8"?><testsuites name="pytest tests"><testsuite name="pytest" errors="0" failures="0" skipped="1" tests="173" time="4.073" timestamp="2026-07-25T18:55:14.493554+08:00" hostname="ProArtJH"><testcase classname="tests.contract.test_loop5_frozen_contract" name="test_manifest_freezes_one_synthetic_origin_and_exact_read_operations" time="0.004" /><testcase classname="tests.contract.test_loop5_frozen_contract" name="test_loading_manifest_verifies_every_declared_fixture_hash" time="0.017" /><testcase classname="tests.contract.test_loop5_frozen_contract" name="test_synthetic_contract_contains_no_credentials_or_production_markers" time="0.004" /><testcase classname="tests.contract.test_loop5_frozen_contract" name="test_frozen_adapter_replays_list_details_and_images_without_socket_access" time="0.006" /><testcase classname="tests.contract.test_loop5_frozen_contract" name="test_normal_application_cannot_enable_or_expose_real_platform_access" time="0.156" /><testcase classname="tests.contract.test_loop5_no_platform_write_surface" name="test_public_connector_operation_enum_contains_only_frozen_read_operations" time="0.000" /><testcase classname="tests.contract.test_loop5_no_platform_write_surface" name="test_connector_command_rejects_unknown_and_financial_write_operations" time="0.000" /><testcase classname="tests.contract.test_loop5_no_platform_write_surface" name="test_openapi_has_no_financial_or_generic_platform_write_route" time="0.093" /><testcase classname="tests.contract.test_loop5_no_platform_write_surface" name="test_frozen_adapter_has_no_generic_request_or_platform_write_method" time="0.000" /><testcase classname="tests.integration.test_loop5_browser_checkpoint_recovery" name="test_sqlite_navigation_authorizer_fences_job_identity" time="0.102" /><testcase classname="tests.integration.test_loop5_browser_checkpoint_recovery" name="test_sqlite_navigation_authorizer_rejects_old_token_after_recovery" time="0.091" /><testcase classname="tests.integration.test_loop5_durable_capture" name="test_durable_capture_commits_structured_checkpoints_and_evidence" time="0.177" /><testcase classname="tests.integration.test_loop5_durable_capture" name="test_each_advance_performs_at_most_one_platform_read" time="0.245" /><testcase classname="tests.integration.test_loop5_durable_capture" name="test_post_read_fence_failure_does_not_commit_the_list_result" time="0.109" /><testcase classname="tests.integration.test_loop5_durable_capture" name="test_untrusted_connector_result_cannot_reach_checkpoint_or_evidence[mismatched-result]" time="0.106" /><testcase classname="tests.integration.test_loop5_durable_capture" name="test_untrusted_connector_result_cannot_reach_checkpoint_or_evidence[tampered-staged-payload]" time="0.104" /><testcase classname="tests.integration.test_loop5_durable_capture" name="test_connector_runtime_rejects_stale_authority_before_frozen_read" time="0.097" /><testcase classname="tests.integration.test_loop5_durable_capture" name="test_new_coordinator_resumes_after_last_committed_detail_without_repeating_reads" time="0.224" /><testcase classname="tests.integration.test_loop5_durable_capture" name="test_image_file_precedes_atomic_reference_and_checkpoint_commit" time="0.173" /><testcase classname="tests.integration.test_loop5_durable_capture" name="test_fake_browser_close_retries_only_the_uncommitted_image" time="0.164" /><testcase classname="tests.integration.test_loop5_durable_capture" name="test_invalid_browser_replacement_cannot_commit_the_unfinished_image" time="0.118" /><testcase classname="tests.integration.test_loop5_durable_capture" name="test_checkpoint_identity_cannot_be_reused_for_a_different_invocation" time="0.259" /><testcase classname="tests.integration.test_loop5_durable_capture" name="test_store_rejects_a_valid_grant_for_a_different_checkpoint_job" time="0.096" /><testcase classname="tests.unit.platform.test_loop5_adversarial_contract" name="test_loaded_manifest_and_authorized_payload_are_deeply_frozen" time="0.004" /><testcase classname="tests.unit.platform.test_loop5_adversarial_contract" name="test_fixture_changed_after_manifest_load_is_reverified_before_replay" time="0.016" /><testcase classname="tests.unit.platform.test_loop5_adversarial_contract" name="test_transport_rejects_authority_from_a_different_response_contract" time="0.021" /><testcase classname="tests.unit.platform.test_loop5_adversarial_contract" name="test_safety_flags_are_verified_against_sanitized_fixture_content[mutation0]" time="0.010" /><testcase classname="tests.unit.platform.test_loop5_adversarial_contract" name="test_safety_flags_are_verified_against_sanitized_fixture_content[mutation1]" time="0.010" /><testcase classname="tests.unit.platform.test_loop5_adversarial_contract" name="test_safety_flags_are_verified_against_sanitized_fixture_content[mutation2]" time="0.010" /><testcase classname="tests.unit.platform.test_loop5_adversarial_contract" name="test_firewall_rejects_same_origin_deception[https://contract.chengfeng.invalid@attacker.test]" time="0.003" /><testcase classname="tests.unit.platform.test_loop5_adversarial_contract" name="test_firewall_rejects_same_origin_deception[https://contract.chengfeng.invalid.attacker.test]" time="0.003" /><testcase classname="tests.unit.platform.test_loop5_adversarial_contract" name="test_firewall_rejects_same_origin_deception[https://contract.chengfeng.invalid%2eattacker.test]" time="0.003" /><testcase classname="tests.unit.platform.test_loop5_adversarial_contract" name="test_firewall_rejects_same_origin_deception[https://contract.chengfeng.invalid.]" time="0.004" /><testcase classname="tests.unit.platform.test_loop5_adversarial_contract" name="test_firewall_rejects_same_origin_deception[https://contract\u3002chengfeng.invalid]" time="0.004" /><testcase classname="tests.unit.platform.test_loop5_adversarial_contract" name="test_firewall_rejects_same_origin_deception[https://attacker.test/https://contract.chengfeng.invalid]" time="0.003" /><testcase classname="tests.unit.platform.test_loop5_adversarial_contract" name="test_adapter_rejects_non_json_and_critical_list_mismatches[not-json]" time="0.003" /><testcase classname="tests.unit.platform.test_loop5_adversarial_contract" name="test_adapter_rejects_non_json_and_critical_list_mismatches[{&quot;ok&quot;:1,&quot;data&quot;:{}}]" time="0.003" /><testcase classname="tests.unit.platform.test_loop5_adversarial_contract" name="test_adapter_rejects_non_json_and_critical_list_mismatches[{&quot;ok&quot;:true,&quot;data&quot;:{&quot;page_number&quot;:2,&quot;page_size&quot;:50,&quot;total&quot;:0,&quot;items&quot;:[]}}]" time="0.003" /><testcase classname="tests.unit.platform.test_loop5_adversarial_contract" name="test_adapter_rejects_non_json_and_critical_list_mismatches[{&quot;ok&quot;:true,&quot;data&quot;:{&quot;page_number&quot;:1,&quot;page_size&quot;:50,&quot;total&quot;:2,&quot;items&quot;:[{&quot;platform_waybill_id&quot;:&quot;duplicate&quot;,&quot;waybill_number&quot;:&quot;A&quot;,&quot;vehicle_number&quot;:null},{&quot;platform_waybill_id&quot;:&quot;duplicate&quot;,&quot;waybill_number&quot;:&quot;B&quot;,&quot;vehicle_number&quot;:null}]}}]" time="0.003" /><testcase classname="tests.unit.platform.test_loop5_adversarial_contract" name="test_dns_probe_exception_cannot_block_the_business_request" time="0.004" /><testcase classname="tests.unit.platform.test_loop5_adversarial_contract" name="test_fault_queue_is_ordered_and_each_failure_is_consumed_once" time="0.004" /><testcase classname="tests.unit.platform.test_loop5_connector_staging" name="test_command_cleanup_removes_only_the_named_command_directory" time="0.004" /><testcase classname="tests.unit.platform.test_loop5_connector_staging" name="test_startup_recovery_removes_safe_orphan_command_directories" time="0.003" /><testcase classname="tests.unit.platform.test_loop5_connector_staging" name="test_recovery_retains_a_command_active_in_this_process" time="0.003" /><testcase classname="tests.unit.platform.test_loop5_connector_staging" name="test_recovery_refuses_unknown_or_nested_staging_entries" time="0.003" /><testcase classname="tests.unit.platform.test_loop5_redaction" name="test_redact_text_removes_headers_credentials_signed_queries_and_phone" time="0.000" /><testcase classname="tests.unit.platform.test_loop5_redaction" name="test_redact_mapping_recurses_without_mutating_the_input" time="0.000" /><testcase classname="tests.unit.platform.test_loop5_redaction" name="test_safe_diagnostic_keeps_classification_but_omits_raw_response_and_secrets" time="0.000" /><testcase classname="tests.unit.platform.test_loop5_redaction" name="test_connector_command_serialization_contains_authority_not_credentials" time="0.000" /><testcase classname="tests.unit.platform.test_loop5_redaction" name="test_authority_repr_does_not_expose_the_process_local_fencing_token" time="0.000" /><testcase classname="tests.unit.platform.test_loop5_request_firewall" name="test_every_frozen_request_is_authorized_by_exact_contract" time="0.003" /><testcase classname="tests.unit.platform.test_loop5_request_firewall" name="test_origin_rejects_scheme_port_userinfo_suffix_subdomain_ip_and_trailing_dot" time="0.003" /><testcase classname="tests.unit.platform.test_loop5_request_firewall" name="test_path_rejects_aliases_traversal_encoding_and_near_matches" time="0.003" /><testcase classname="tests.unit.platform.test_loop5_request_firewall" name="test_method_and_parameter_location_must_match_the_operation_contract" time="0.003" /><testcase classname="tests.unit.platform.test_loop5_request_firewall" name="test_payload_is_key_order_independent_but_rejects_missing_extra_null_and_wrong_type" time="0.003" /><testcase classname="tests.unit.platform.test_loop5_request_firewall" name="test_unknown_operations_redirects_and_named_write_requests_are_denied" time="0.003" /><testcase classname="tests.unit.platform.test_loop5_response_errors" name="test_list_and_detail_ignore_irrelevant_fields_but_preserve_nullable_values" time="0.004" /><testcase classname="tests.unit.platform.test_loop5_response_errors" name="test_login_page_is_classified_as_waiting_external_not_page_change" time="0.004" /><testcase classname="tests.unit.platform.test_loop5_response_errors" name="test_unknown_html_is_page_contract_change_not_login_failure" time="0.003" /><testcase classname="tests.unit.platform.test_loop5_response_errors" name="test_image_timeout_is_retryable_and_distinct_from_login_and_page_change" time="0.003" /><testcase classname="tests.unit.platform.test_loop5_response_errors" name="test_transient_list_failure_is_retryable_network_error_with_original_cause" time="0.003" /><testcase classname="tests.unit.platform.test_loop5_response_errors" name="test_dns_diagnostic_failure_does_not_block_successful_business_request" time="0.003" /><testcase classname="tests.unit.platform.test_loop5_result_file_verifier" name="test_verified_payload_is_immutable_and_authorized_before_and_after_read" time="0.004" /><testcase classname="tests.unit.platform.test_loop5_result_file_verifier" name="test_result_mismatch_is_rejected_before_authorization" time="0.001" /><testcase classname="tests.unit.platform.test_loop5_result_file_verifier" name="test_result_cannot_reference_another_commands_staged_payload" time="0.002" /><testcase classname="tests.unit.platform.test_loop5_result_file_verifier" name="test_second_authorization_failure_never_returns_verified_content" time="0.003" /><testcase classname="tests.unit.platform.test_loop5_result_file_verifier" name="test_declared_hash_size_and_json_media_are_reverified[ffffffffffffffffffffffffffffffffffffffffffffffffffffffffffffffff-None-{&quot;ok&quot;:true}-SHA-256]" time="0.004" /><testcase classname="tests.unit.platform.test_loop5_result_file_verifier" name="test_declared_hash_size_and_json_media_are_reverified[None-1-{&quot;ok&quot;:true}-size]" time="0.002" /><testcase classname="tests.unit.platform.test_loop5_result_file_verifier" name="test_declared_hash_size_and_json_media_are_reverified[None-None-not-json-UTF-8 JSON]" time="0.004" /><testcase classname="tests.unit.platform.test_loop5_result_file_verifier" name="test_ticket_image_signature_is_reverified[not-an-image]" time="0.003" /><testcase classname="tests.unit.platform.test_loop5_result_file_verifier" name="test_ticket_image_signature_is_reverified[\x89PNGbad]" time="0.003" /><testcase classname="tests.unit.platform.test_loop5_result_file_verifier" name="test_ticket_image_signature_is_reverified[\xff\xd8\xffmissing-end-marker]" time="0.003" /><testcase classname="tests.unit.platform.test_loop5_result_file_verifier" name="test_ticket_image_signature_must_match_declared_media_type[image/png-\x89PNG\r\n\x1a\nsynthetic]" time="0.003" /><testcase classname="tests.unit.platform.test_loop5_result_file_verifier" name="test_ticket_image_signature_must_match_declared_media_type[image/jpeg-\xff\xd8\xff\xe0synthetic\xff\xd9]" time="0.004" /><testcase classname="tests.unit.platform.test_loop5_result_file_verifier" name="test_ticket_image_rejects_a_different_valid_image_signature" time="0.267" /><testcase classname="tests.unit.platform.test_loop5_result_file_verifier" name="test_path_scope_reserved_names_and_missing_files_are_rejected[other-directory/page.json-connector-staging]" time="0.002" /><testcase classname="tests.unit.platform.test_loop5_result_file_verifier" name="test_path_scope_reserved_names_and_missing_files_are_rejected[connector-staging/CON.json-reserved]" time="0.002" /><testcase classname="tests.unit.platform.test_loop5_result_file_verifier" name="test_path_scope_reserved_names_and_missing_files_are_rejected[connector-staging/5659b1c78073831657b2155bff88ebac5c1ad43650d1ce59cd8b8f97457ef201/missing.json-does not exist]" time="0.001" /><testcase classname="tests.unit.platform.test_loop5_result_file_verifier" name="test_lexical_escape_is_rejected_even_if_protocol_object_is_tampered" time="0.002" /><testcase classname="tests.unit.platform.test_loop5_result_file_verifier" name="test_symlink_component_is_rejected_when_supported" time="0.002"><skipped type="pytest.skip" message="symlinks unavailable: [WinError 1314] 客户端没有所需的特权。: 'C:\\Users\\aya72\\AppData\\Local\\Temp\\pytest-of-aya72\\pytest-594\\test_symlink_component_is_reje0\\outside' -&gt; 'C:\\Users\\aya72\\AppData\\Local\\Temp\\pytest-of-aya72\\pytest-594\\test_symlink_component_is_reje0\\connector-staging\\5659b1c78073831657b2155bff88ebac5c1ad43650d1ce59cd8b8f97457ef201'">C:\Users\aya72\OneDrive\Desktop\AI开发\DaHe\tests\unit\platform\test_loop5_result_file_verifier.py:365: symlinks unavailable: [WinError 1314] 客户端没有所需的特权。: 'C:\\Users\\aya72\\AppData\\Local\\Temp\\pytest-of-aya72\\pytest-594\\test_symlink_component_is_reje0\\outside' -&gt; 'C:\\Users\\aya72\\AppData\\Local\\Temp\\pytest-of-aya72\\pytest-594\\test_symlink_component_is_reje0\\connector-staging\\5659b1c78073831657b2155bff88ebac5c1ad43650d1ce59cd8b8f97457ef201'</skipped></testcase><testcase classname="tests.unit.platform.test_loop5_result_protocol" name="test_command_round_trips_as_one_strict_utf8_ndjson_record" time="0.001" /><testcase classname="tests.unit.platform.test_loop5_result_protocol" name="test_command_accepts_urlsafe_fencing_token_prefixes[_]" time="0.001" /><testcase classname="tests.unit.platform.test_loop5_result_protocol" name="test_command_accepts_urlsafe_fencing_token_prefixes[-]" time="0.001" /><testcase classname="tests.unit.platform.test_loop5_result_protocol" name="test_command_parser_accepts_each_declared_read_operation[get_waybill_detail-parameters0]" time="0.000" /><testcase classname="tests.unit.platform.test_loop5_result_protocol" name="test_command_parser_accepts_each_declared_read_operation[download_ticket_image-parameters1]" time="0.000" /><testcase classname="tests.unit.platform.test_loop5_result_protocol" name="test_command_parser_rejects_wrong_types_versions_and_write_operations[protocol_version-2]" time="0.000" /><testcase classname="tests.unit.platform.test_loop5_result_protocol" name="test_command_parser_rejects_wrong_types_versions_and_write_operations[protocol_version-True]" time="0.000" /><testcase classname="tests.unit.platform.test_loop5_result_protocol" name="test_command_parser_rejects_wrong_types_versions_and_write_operations[command_id-123]" time="0.000" /><testcase classname="tests.unit.platform.test_loop5_result_protocol" name="test_command_parser_rejects_wrong_types_versions_and_write_operations[operation-settlement_confirm]" time="0.000" /><testcase classname="tests.unit.platform.test_loop5_result_protocol" name="test_command_parser_rejects_wrong_types_versions_and_write_operations[operation-receipt_cancel]" time="0.000" /><testcase classname="tests.unit.platform.test_loop5_result_protocol" name="test_command_parser_rejects_wrong_types_versions_and_write_operations[operation-pay]" time="0.000" /><testcase classname="tests.unit.platform.test_loop5_result_protocol" name="test_command_parser_rejects_wrong_types_versions_and_write_operations[authority-value6]" time="0.000" /><testcase classname="tests.unit.platform.test_loop5_result_protocol" name="test_command_parser_rejects_wrong_types_versions_and_write_operations[parameters-value7]" time="0.000" /><testcase classname="tests.unit.platform.test_loop5_result_protocol" name="test_command_parser_rejects_wrong_types_versions_and_write_operations[credential_reference-123]" time="0.000" /><testcase classname="tests.unit.platform.test_loop5_result_protocol" name="test_command_parser_rejects_extra_top_level_fields[extra0]" time="0.002" /><testcase classname="tests.unit.platform.test_loop5_result_protocol" name="test_command_parser_rejects_extra_top_level_fields[extra1]" time="0.000" /><testcase classname="tests.unit.platform.test_loop5_result_protocol" name="test_command_parser_rejects_extra_top_level_fields[extra2]" time="0.000" /><testcase classname="tests.unit.platform.test_loop5_result_protocol" name="test_command_parser_rejects_wrong_authority_field_types[session_id-1]" time="0.001" /><testcase classname="tests.unit.platform.test_loop5_result_protocol" name="test_command_parser_rejects_wrong_authority_field_types[instance_id-None]" time="0.000" /><testcase classname="tests.unit.platform.test_loop5_result_protocol" name="test_command_parser_rejects_wrong_authority_field_types[worker_id-value2]" time="0.000" /><testcase classname="tests.unit.platform.test_loop5_result_protocol" name="test_command_parser_rejects_wrong_authority_field_types[job_id-True]" time="0.000" /><testcase classname="tests.unit.platform.test_loop5_result_protocol" name="test_command_parser_rejects_wrong_authority_field_types[control_epoch-1]" time="0.000" /><testcase classname="tests.unit.platform.test_loop5_result_protocol" name="test_command_parser_rejects_wrong_authority_field_types[control_epoch-False]" time="0.000" /><testcase classname="tests.unit.platform.test_loop5_result_protocol" name="test_command_parser_rejects_wrong_authority_field_types[fencing_token-value6]" time="0.000" /><testcase classname="tests.unit.platform.test_loop5_result_protocol" name="test_command_parser_rejects_missing_or_extra_authority_fields" time="0.000" /><testcase classname="tests.unit.platform.test_loop5_result_protocol" name="test_command_parser_rejects_sensitive_parameters[parameters0]" time="0.000" /><testcase classname="tests.unit.platform.test_loop5_result_protocol" name="test_command_parser_rejects_sensitive_parameters[parameters1]" time="0.000" /><testcase classname="tests.unit.platform.test_loop5_result_protocol" name="test_command_parser_rejects_sensitive_parameters[parameters2]" time="0.000" /><testcase classname="tests.unit.platform.test_loop5_result_protocol" name="test_command_parser_rejects_sensitive_parameters[parameters3]" time="0.000" /><testcase classname="tests.unit.platform.test_loop5_result_protocol" name="test_command_parser_rejects_sensitive_parameters[parameters4]" time="0.000" /><testcase classname="tests.unit.platform.test_loop5_result_protocol" name="test_command_parser_rejects_sensitive_parameters[parameters5]" time="0.000" /><testcase classname="tests.unit.platform.test_loop5_result_protocol" name="test_command_parser_rejects_sensitive_parameters[parameters6]" time="0.000" /><testcase classname="tests.unit.platform.test_loop5_result_protocol" name="test_command_parser_rejects_newline_and_multi_record_injection[{&quot;authority&quot;:{&quot;control_epoch&quot;:1,&quot;fencing_token&quot;:&quot;process-local-fencing-token&quot;,&quot;instance_id&quot;:&quot;synthetic-instance&quot;,&quot;job_id&quot;:&quot;synthetic-job&quot;,&quot;session_id&quot;:&quot;synthetic-session&quot;,&quot;worker_id&quot;:&quot;synthetic-worker&quot;},&quot;command_id&quot;:&quot;synthetic-command-001&quot;,&quot;credential_reference&quot;:&quot;windows-credential:chengfeng-test&quot;,&quot;operation&quot;:&quot;list_waybills&quot;,&quot;parameters&quot;:{&quot;page_number&quot;:1,&quot;page_size&quot;:50,&quot;scope&quot;:&quot;loop5-synthetic-scope&quot;},&quot;protocol_version&quot;:1}\n{&quot;authority&quot;:{&quot;control_epoch&quot;:1,&quot;fencing_token&quot;:&quot;process-local-fencing-token&quot;,&quot;instance_id&quot;:&quot;synthetic-instance&quot;,&quot;job_id&quot;:&quot;synthetic-job&quot;,&quot;session_id&quot;:&quot;synthetic-session&quot;,&quot;worker_id&quot;:&quot;synthetic-worker&quot;},&quot;command_id&quot;:&quot;synthetic-command-001&quot;,&quot;credential_reference&quot;:&quot;windows-credential:chengfeng-test&quot;,&quot;operation&quot;:&quot;list_waybills&quot;,&quot;parameters&quot;:{&quot;page_number&quot;:1,&quot;page_size&quot;:50,&quot;scope&quot;:&quot;loop5-synthetic-scope&quot;},&quot;protocol_version&quot;:1}\n]" time="0.000" /><testcase classname="tests.unit.platform.test_loop5_result_protocol" name="test_command_parser_rejects_newline_and_multi_record_injection[{&quot;authority&quot;:{&quot;control_epoch&quot;:1,&quot;fencing_token&quot;:&quot;process-local-fencing-token&quot;,&quot;instance_id&quot;:&quot;synthetic-instance&quot;,&quot;job_id&quot;:&quot;synthetic-job&quot;,&quot;session_id&quot;:&quot;synthetic-session&quot;,&quot;worker_id&quot;:&quot;synthetic-worker&quot;},&quot;command_id&quot;:&quot;synthetic-command-001&quot;,&quot;credential_reference&quot;:&quot;windows-credential:chengfeng-test&quot;,&quot;operation&quot;:&quot;list_waybills&quot;,&quot;parameters&quot;:{&quot;page_number&quot;:1,&quot;page_size&quot;:50,&quot;scope&quot;:&quot;loop5-synthetic-scope&quot;},&quot;protocol_version&quot;:1}]" time="0.000" /><testcase classname="tests.unit.platform.test_loop5_result_protocol" name="test_command_parser_rejects_newline_and_multi_record_injection[{&quot;authority&quot;:{&quot;control_epoch&quot;:1,&quot;fencing_token&quot;:&quot;process-local-fencing-token&quot;,&quot;instance_id&quot;:&quot;synthetic-instance&quot;,&quot;job_id&quot;:&quot;synthetic-job&quot;,&quot;session_id&quot;:&quot;synthetic-session&quot;,&quot;worker_id&quot;:&quot;synthetic-worker&quot;},&quot;command_id&quot;:&quot;synthetic-command-001&quot;,&quot;credential_reference&quot;:&quot;windows-credential:chengfeng-test&quot;,&quot;operation&quot;:&quot;list_waybills&quot;,&quot;parameters&quot;:{&quot;page_number&quot;:1,&quot;page_size&quot;:50,&quot;scope&quot;:&quot;loop5-synthetic-scope&quot;},&quot;protocol_version&quot;:1}\r\n]" time="0.000" /><testcase classname="tests.unit.platform.test_loop5_result_protocol" name="test_command_parser_rejects_newline_and_multi_record_injection[{&quot;authority&quot;:{&quot;control_epoch&quot;:1,&quot;fencing_token&quot;:&quot;process-local-fencing-token&quot;,&quot;instance_id&quot;:&quot;synthetic-instance&quot;,&quot;job_id&quot;:&quot;synthetic-job&quot;,&quot;session_id&quot;:&quot;synthetic-session&quot;,&quot;worker_id&quot;:&quot;synthetic-worker&quot;},&quot;command_id&quot;:&quot;synthetic-command-001&quot;,&quot;credential_reference&quot;:&quot;windows-credential:chengfeng-test&quot;,&quot;operation&quot;:&quot;list_waybills&quot;,&quot;parameters&quot;:{&quot;page_number&quot;:1,&quot;page_size&quot;:50,&quot;scope&quot;:&quot;loop5-synthetic-scope&quot;},&quot;protocol_version&quot;:1}\n{}\n]" time="0.000" /><testcase classname="tests.unit.platform.test_loop5_result_protocol" name="test_command_parser_rejects_invalid_utf8" time="0.000" /><testcase classname="tests.unit.platform.test_loop5_result_protocol" name="test_command_parser_rejects_duplicate_json_fields[{&quot;protocol_version&quot;:1,&quot;protocol_version&quot;:1}\n]" time="0.000" /><testcase classname="tests.unit.platform.test_loop5_result_protocol" name="test_command_parser_rejects_duplicate_json_fields[{&quot;protocol_version&quot;:1,&quot;command_id&quot;:&quot;synthetic-command-001&quot;,&quot;operation&quot;:&quot;list_waybills&quot;,&quot;authority&quot;:{&quot;session_id&quot;:&quot;one&quot;,&quot;session_id&quot;:&quot;two&quot;},&quot;parameters&quot;:{},&quot;credential_reference&quot;:null}\n]" time="0.000" /><testcase classname="tests.unit.platform.test_loop5_result_protocol" name="test_command_parser_enforces_exact_parameters_for_each_read_operation[list_waybills-parameters0]" time="0.000" /><testcase classname="tests.unit.platform.test_loop5_result_protocol" name="test_command_parser_enforces_exact_parameters_for_each_read_operation[list_waybills-parameters1]" time="0.001" /><testcase classname="tests.unit.platform.test_loop5_result_protocol" name="test_command_parser_enforces_exact_parameters_for_each_read_operation[list_waybills-parameters2]" time="0.000" /><testcase classname="tests.unit.platform.test_loop5_result_protocol" name="test_command_parser_enforces_exact_parameters_for_each_read_operation[get_waybill_detail-parameters3]" time="0.000" /><testcase classname="tests.unit.platform.test_loop5_result_protocol" name="test_command_parser_enforces_exact_parameters_for_each_read_operation[download_ticket_image-parameters4]" time="0.001" /><testcase classname="tests.unit.platform.test_loop5_result_protocol" name="test_success_result_round_trips_as_one_strict_ndjson_record" time="0.001" /><testcase classname="tests.unit.platform.test_loop5_result_protocol" name="test_result_correlation_accepts_its_originating_command" time="0.000" /><testcase classname="tests.unit.platform.test_loop5_result_protocol" name="test_result_correlation_rejects_protocol_command_and_operation_mismatches" time="0.001" /><testcase classname="tests.unit.platform.test_loop5_result_protocol" name="test_failed_result_round_trips_without_a_payload_or_raw_error" time="0.001" /><testcase classname="tests.unit.platform.test_loop5_result_protocol" name="test_image_timeout_cannot_be_attached_to_a_non_image_operation" time="0.001" /><testcase classname="tests.unit.platform.test_loop5_result_protocol" name="test_parser_rejects_unknown_versions_write_operations_and_enum_values[protocol_version-2]" time="0.001" /><testcase classname="tests.unit.platform.test_loop5_result_protocol" name="test_parser_rejects_unknown_versions_write_operations_and_enum_values[protocol_version-True]" time="0.000" /><testcase classname="tests.unit.platform.test_loop5_result_protocol" name="test_parser_rejects_unknown_versions_write_operations_and_enum_values[operation-settlement_confirm]" time="0.000" /><testcase classname="tests.unit.platform.test_loop5_result_protocol" name="test_parser_rejects_unknown_versions_write_operations_and_enum_values[operation-receipt_cancel]" time="0.000" /><testcase classname="tests.unit.platform.test_loop5_result_protocol" name="test_parser_rejects_unknown_versions_write_operations_and_enum_values[operation-pay]" time="0.000" /><testcase classname="tests.unit.platform.test_loop5_result_protocol" name="test_parser_rejects_unknown_versions_write_operations_and_enum_values[outcome-partial]" time="0.001" /><testcase classname="tests.unit.platform.test_loop5_result_protocol" name="test_parser_rejects_unknown_versions_write_operations_and_enum_values[stage-settlement]" time="0.000" /><testcase classname="tests.unit.platform.test_loop5_result_protocol" name="test_parser_rejects_unknown_versions_write_operations_and_enum_values[diagnostic_classification-raw_exception]" time="0.000" /><testcase classname="tests.unit.platform.test_loop5_result_protocol" name="test_parser_rejects_every_extra_top_level_field[payload0]" time="0.000" /><testcase classname="tests.unit.platform.test_loop5_result_protocol" name="test_parser_rejects_every_extra_top_level_field[payload1]" time="0.000" /><testcase classname="tests.unit.platform.test_loop5_result_protocol" name="test_parser_rejects_every_extra_top_level_field[payload2]" time="0.001" /><testcase classname="tests.unit.platform.test_loop5_result_protocol" name="test_parser_rejects_every_extra_top_level_field[payload3]" time="0.000" /><testcase classname="tests.unit.platform.test_loop5_result_protocol" name="test_parser_rejects_wrong_top_level_types[protocol_version-1]" time="0.000" /><testcase classname="tests.unit.platform.test_loop5_result_protocol" name="test_parser_rejects_wrong_top_level_types[command_id-1]" time="0.000" /><testcase classname="tests.unit.platform.test_loop5_result_protocol" name="test_parser_rejects_wrong_top_level_types[operation-1]" time="0.000" /><testcase classname="tests.unit.platform.test_loop5_result_protocol" name="test_parser_rejects_wrong_top_level_types[outcome-True]" time="0.001" /><testcase classname="tests.unit.platform.test_loop5_result_protocol" name="test_parser_rejects_wrong_top_level_types[stage-None]" time="0.000" /><testcase classname="tests.unit.platform.test_loop5_result_protocol" name="test_parser_rejects_wrong_top_level_types[diagnostic_classification-value5]" time="0.000" /><testcase classname="tests.unit.platform.test_loop5_result_protocol" name="test_parser_rejects_wrong_top_level_types[payload_references-value6]" time="0.000" /><testcase classname="tests.unit.platform.test_loop5_result_protocol" name="test_payload_reference_rejects_escape_paths_urls_and_signed_urls[../outside.png]" time="0.000" /><testcase classname="tests.unit.platform.test_loop5_result_protocol" name="test_payload_reference_rejects_escape_paths_urls_and_signed_urls[/absolute/image.png]" time="0.000" /><testcase classname="tests.unit.platform.test_loop5_result_protocol" name="test_payload_reference_rejects_escape_paths_urls_and_signed_urls[C:\\images\\ticket.png]" time="0.000" /><testcase classname="tests.unit.platform.test_loop5_result_protocol" name="test_payload_reference_rejects_escape_paths_urls_and_signed_urls[https://files.example/ticket.png?token=secret]" time="0.000" /><testcase classname="tests.unit.platform.test_loop5_result_protocol" name="test_payload_reference_rejects_escape_paths_urls_and_signed_urls[images/ticket.png?signature=secret]" time="0.000" /><testcase classname="tests.unit.platform.test_loop5_result_protocol" name="test_payload_reference_rejects_escape_paths_urls_and_signed_urls[images//ticket.png]" time="0.001" /><testcase classname="tests.unit.platform.test_loop5_result_protocol" name="test_payload_reference_rejects_escape_paths_urls_and_signed_urls[images/./ticket.png]" time="0.000" /><testcase classname="tests.unit.platform.test_loop5_result_protocol" name="test_payload_reference_rejects_media_type_that_does_not_match_kind[waybill_page-image/png]" time="0.000" /><testcase classname="tests.unit.platform.test_loop5_result_protocol" name="test_payload_reference_rejects_media_type_that_does_not_match_kind[waybill_detail-image/jpeg]" time="0.000" /><testcase classname="tests.unit.platform.test_loop5_result_protocol" name="test_payload_reference_rejects_media_type_that_does_not_match_kind[ticket_image-application/json]" time="0.000" /><testcase classname="tests.unit.platform.test_loop5_result_protocol" name="test_payload_reference_accepts_v1_size_boundary[waybill_page-application/json-8388608]" time="0.000" /><testcase classname="tests.unit.platform.test_loop5_result_protocol" name="test_payload_reference_accepts_v1_size_boundary[waybill_detail-application/json-8388608]" time="0.000" /><testcase classname="tests.unit.platform.test_loop5_result_protocol" name="test_payload_reference_accepts_v1_size_boundary[ticket_image-image/png-33554432]" time="0.000" /><testcase classname="tests.unit.platform.test_loop5_result_protocol" name="test_payload_reference_rejects_size_above_v1_limit[waybill_page-application/json-8388608]" time="0.000" /><testcase classname="tests.unit.platform.test_loop5_result_protocol" name="test_payload_reference_rejects_size_above_v1_limit[waybill_detail-application/json-8388608]" time="0.000" /><testcase classname="tests.unit.platform.test_loop5_result_protocol" name="test_payload_reference_rejects_size_above_v1_limit[ticket_image-image/jpeg-33554432]" time="0.001" /><testcase classname="tests.unit.platform.test_loop5_result_protocol" name="test_parser_rejects_extra_payload_fields[mutation0]" time="0.001" /><testcase classname="tests.unit.platform.test_loop5_result_protocol" name="test_parser_rejects_extra_payload_fields[mutation1]" time="0.001" /><testcase classname="tests.unit.platform.test_loop5_result_protocol" name="test_parser_rejects_extra_payload_fields[mutation2]" time="0.001" /><testcase classname="tests.unit.platform.test_loop5_result_protocol" name="test_parser_rejects_newline_and_multi_record_injection[{&quot;command_id&quot;:&quot;synthetic-command-001&quot;,&quot;diagnostic_classification&quot;:&quot;none&quot;,&quot;operation&quot;:&quot;list_waybills&quot;,&quot;outcome&quot;:&quot;succeeded&quot;,&quot;payload_references&quot;:[{&quot;byte_size&quot;:123,&quot;kind&quot;:&quot;waybill_page&quot;,&quot;media_type&quot;:&quot;application/json&quot;,&quot;relative_path&quot;:&quot;connector-results/00/page.json&quot;,&quot;sha256&quot;:&quot;0000000000000000000000000000000000000000000000000000000000000000&quot;}],&quot;protocol_version&quot;:1,&quot;stage&quot;:&quot;list_query&quot;}\n{&quot;command_id&quot;:&quot;synthetic-command-001&quot;,&quot;diagnostic_classification&quot;:&quot;none&quot;,&quot;operation&quot;:&quot;list_waybills&quot;,&quot;outcome&quot;:&quot;succeeded&quot;,&quot;payload_references&quot;:[{&quot;byte_size&quot;:123,&quot;kind&quot;:&quot;waybill_page&quot;,&quot;media_type&quot;:&quot;application/json&quot;,&quot;relative_path&quot;:&quot;connector-results/00/page.json&quot;,&quot;sha256&quot;:&quot;0000000000000000000000000000000000000000000000000000000000000000&quot;}],&quot;protocol_version&quot;:1,&quot;stage&quot;:&quot;list_query&quot;}\n]" time="0.000" /><testcase classname="tests.unit.platform.test_loop5_result_protocol" name="test_parser_rejects_newline_and_multi_record_injection[{&quot;command_id&quot;:&quot;synthetic-command-001&quot;,&quot;diagnostic_classification&quot;:&quot;none&quot;,&quot;operation&quot;:&quot;list_waybills&quot;,&quot;outcome&quot;:&quot;succeeded&quot;,&quot;payload_references&quot;:[{&quot;byte_size&quot;:123,&quot;kind&quot;:&quot;waybill_page&quot;,&quot;media_type&quot;:&quot;application/json&quot;,&quot;relative_path&quot;:&quot;connector-results/00/page.json&quot;,&quot;sha256&quot;:&quot;0000000000000000000000000000000000000000000000000000000000000000&quot;}],&quot;protocol_version&quot;:1,&quot;stage&quot;:&quot;list_query&quot;}]" time="0.000" /><testcase classname="tests.unit.platform.test_loop5_result_protocol" name="test_parser_rejects_newline_and_multi_record_injection[{&quot;command_id&quot;:&quot;synthetic-command-001&quot;,&quot;diagnostic_classification&quot;:&quot;none&quot;,&quot;operation&quot;:&quot;list_waybills&quot;,&quot;outcome&quot;:&quot;succeeded&quot;,&quot;payload_references&quot;:[{&quot;byte_size&quot;:123,&quot;kind&quot;:&quot;waybill_page&quot;,&quot;media_type&quot;:&quot;application/json&quot;,&quot;relative_path&quot;:&quot;connector-results/00/page.json&quot;,&quot;sha256&quot;:&quot;0000000000000000000000000000000000000000000000000000000000000000&quot;}],&quot;protocol_version&quot;:1,&quot;stage&quot;:&quot;list_query&quot;}\r\n]" time="0.000" /><testcase classname="tests.unit.platform.test_loop5_result_protocol" name="test_parser_rejects_newline_and_multi_record_injection[{&quot;command_id&quot;:&quot;synthetic-command-001&quot;,&quot;diagnostic_classification&quot;:&quot;none&quot;,&quot;operation&quot;:&quot;list_waybills&quot;,&quot;outcome&quot;:&quot;succeeded&quot;,&quot;payload_references&quot;:[{&quot;byte_size&quot;:123,&quot;kind&quot;:&quot;waybill_page&quot;,&quot;media_type&quot;:&quot;application/json&quot;,&quot;relative_path&quot;:&quot;connector-results/00/page.json&quot;,&quot;sha256&quot;:&quot;0000000000000000000000000000000000000000000000000000000000000000&quot;}],&quot;protocol_version&quot;:1,&quot;stage&quot;:&quot;list_query&quot;}\n{}\n]" time="0.000" /><testcase classname="tests.unit.platform.test_loop5_result_protocol" name="test_result_invariants_prevent_mislabeled_payload_or_error" time="0.000" /><testcase classname="tests.unit.platform.test_loop5_result_protocol" name="test_image_result_contains_only_a_hash_and_relative_reference" time="0.000" /></testsuite></testsuites>