<?xml version="1.0" encoding="utf-8"?><testsuites name="pytest tests"><testsuite name="pytest" errors="0" failures="0" skipped="0" tests="132" time="11.461" timestamp="2026-07-25T15:43:19.806900+08:00" hostname="ProArtJH"><properties><property name="hypothesis-statistics-tests/unit/domain/audit/test_weights.py::test_kilograms_convert_to_exact_tonnes" value="dGVzdHMvdW5pdC9kb21haW4vYXVkaXQvdGVzdF93ZWlnaHRzLnB5Ojp0ZXN0X2tpbG9ncmFtc19jb252ZXJ0X3RvX2V4YWN0X3Rvbm5lczoKCiAgLSBkdXJpbmcgZ2VuZXJhdGUgcGhhc2UgKDAuMDYgc2Vjb25kcyk6CiAgICAtIFR5cGljYWwgcnVudGltZXM6IDwgMW1zLCBvZiB3aGljaCA8IDFtcyBpbiBkYXRhIGdlbmVyYXRpb24KICAgIC0gMTAwIHBhc3NpbmcsIDAgZmFpbGluZywgYW5kIDAgaW52YWxpZCB0ZXN0IGNhc2VzCgogIC0gU3RvcHBlZCBiZWNhdXNlIHNldHRpbmdzLm1heF9leGFtcGxlcz0xMDA=" /></properties><testcase classname="tests.contract.test_bootstrap_safety" name="test_startup_check_writes_only_below_explicit_test_root" time="0.040" /><testcase classname="tests.contract.test_bootstrap_safety" name="test_startup_check_never_opens_outbound_connection" time="0.020" /><testcase classname="tests.contract.test_bootstrap_safety" name="test_project_entry_rejects_non_project_python" time="0.002" /><testcase classname="tests.contract.test_repository_boundaries" name="test_phase_two_source_has_no_real_platform_or_ocr_runtime_dependencies" time="0.148" /><testcase classname="tests.contract.test_repository_boundaries" name="test_domain_layer_stays_independent_of_framework_and_persistence" time="0.014" /><testcase classname="tests.contract.test_repository_boundaries" name="test_source_contains_no_developer_absolute_path" time="0.010" /><testcase classname="tests.contract.test_repository_boundaries" name="test_agents_remains_a_short_execution_rule_file" time="0.001" /><testcase classname="tests.integration.test_cli_preflight" name="test_cli_startup_check_succeeds_offline" time="0.381" /><testcase classname="tests.integration.test_cli_preflight" name="test_cli_protected_fixtures_require_an_explicit_data_root" time="0.343" /><testcase classname="tests.integration.test_cli_preflight" name="test_cli_port_conflict_stops_without_replacing_owner" time="0.343" /><testcase classname="tests.integration.test_cli_preflight" name="test_cli_second_instance_is_rejected" time="0.291" /><testcase classname="tests.integration.test_cli_preflight" name="test_cli_incompatible_temporary_schema_stops_cleanly_without_mutation" time="1.078" /><testcase classname="tests.integration.test_loop2_api" name="test_meta_exposes_one_version_and_fake_adapter_boundary" time="0.171" /><testcase classname="tests.integration.test_loop2_api" name="test_version_mismatch_stops_before_reading_business_state" time="0.075" /><testcase classname="tests.integration.test_loop2_api" name="test_local_writes_require_session_csrf_and_idempotency" time="0.073" /><testcase classname="tests.integration.test_loop2_api" name="test_duplicate_start_uses_idempotency_key_and_finishes_one_normal_item" time="0.203" /><testcase classname="tests.integration.test_loop2_api" name="test_queued_job_actions_are_entirely_supplied_by_backend" time="0.093" /><testcase classname="tests.integration.test_loop2_api" name="test_normal_audit_can_pause_resume_and_cancel_through_the_api" time="0.155" /><testcase classname="tests.integration.test_loop2_api" name="test_page_refresh_can_restore_job_from_file_backed_temporary_sqlite" time="0.189" /><testcase classname="tests.integration.test_loop2_api" name="test_unknown_host_and_forbidden_financial_routes_are_rejected" time="0.085" /><testcase classname="tests.integration.test_loop2_api" name="test_built_console_is_served_without_exposing_arbitrary_files" time="0.123" /><testcase classname="tests.integration.test_loop2_backend_blockers" name="test_failed_job_persists_diagnostic_without_business_review" time="0.188" /><testcase classname="tests.integration.test_loop2_backend_blockers" name="test_normal_audit_uses_the_unified_resource_scheduler" time="0.308" /><testcase classname="tests.integration.test_loop2_backend_blockers" name="test_configured_non_default_host_and_port_define_local_boundary" time="0.105" /><testcase classname="tests.integration.test_loop2_backend_blockers" name="test_incompatible_old_temporary_schema_fails_before_use" time="0.020" /><testcase classname="tests.integration.test_loop2_backend_blockers" name="test_partial_current_version_schema_fails_without_write_or_lock" time="0.017" /><testcase classname="tests.integration.test_loop3_operator_contract" name="test_operator_contract_exposes_versioned_starts_controls_and_resources" time="0.153" /><testcase classname="tests.integration.test_loop3_operator_contract" name="test_fixture_start_version_is_scoped_and_reusable_after_terminal_job" time="0.185" /><testcase classname="tests.integration.test_loop3_operator_contract" name="test_conflict_creation_and_control_cas_are_atomic_under_threads" time="0.100" /><testcase classname="tests.integration.test_loop3_operator_contract" name="test_control_boundary_emits_final_paused_and_cancelled_events" time="0.170" /><testcase classname="tests.integration.test_loop3_operator_contract" name="test_every_resource_projection_change_advances_the_event_cursor" time="0.424" /><testcase classname="tests.integration.test_loop3_operator_contract" name="test_failed_shared_work_fails_future_consumer_without_human_review" time="0.358" /><testcase classname="tests.integration.test_loop3_operator_contract" name="test_restart_keeps_one_scheduler_owner_for_queued_loop3_job" time="0.243" /><testcase classname="tests.integration.test_loop3_scheduler" name="test_loop3_temporary_schema_persists_all_scheduler_models" time="0.064" /><testcase classname="tests.integration.test_loop3_scheduler" name="test_conflict_key_rejects_duplicate_but_unrelated_three_jobs_coexist" time="0.264" /><testcase classname="tests.integration.test_loop3_scheduler" name="test_scheduler_runs_independent_resources_fairly_and_isolates_review_items" time="0.537" /><testcase classname="tests.integration.test_loop3_scheduler" name="test_pause_finishes_atomic_ocr_releases_lease_and_resume_skips_download" time="0.316" /><testcase classname="tests.integration.test_loop3_scheduler" name="test_control_writes_are_idempotent_and_reject_stale_versions" time="0.108" /><testcase classname="tests.integration.test_loop3_scheduler" name="test_pause_then_cancel_preserves_results_and_does_not_stop_shared_work" time="0.249" /><testcase classname="tests.integration.test_loop3_scheduler" name="test_injected_technical_ocr_failure_never_enters_human_review" time="0.150" /><testcase classname="tests.integration.test_loop3_scheduler" name="test_loading_probe_requires_explicit_test_fixture_gate" time="0.070" /><testcase classname="tests.unit.adapters.fake.test_fake_ocr_independence" name="test_ocr_input_contains_only_evidence_identity_and_image_fields" time="0.001" /><testcase classname="tests.unit.adapters.fake.test_fake_ocr_independence" name="test_fake_ocr_values_are_independent_from_platform_expected_weights" time="0.001" /><testcase classname="tests.unit.api.test_sse" name="test_sse_uses_default_message_events_for_browser_onmessage" time="0.001" /><testcase classname="tests.unit.application.audit.test_service" name="test_failure_persistence_error_is_not_silenced" time="0.003" /><testcase classname="tests.unit.config.test_paths" name="test_default_data_root_comes_only_from_local_app_data" time="0.003" /><testcase classname="tests.unit.config.test_paths" name="test_missing_local_app_data_fails_without_cwd_fallback" time="0.001" /><testcase classname="tests.unit.config.test_paths" name="test_test_profile_uses_only_explicit_temporary_root" time="0.003" /><testcase classname="tests.unit.config.test_paths" name="test_application_paths_are_created_below_data_root" time="0.012" /><testcase classname="tests.unit.config.test_paths" name="test_existing_file_cannot_be_used_as_data_root" time="0.004" /><testcase classname="tests.unit.config.test_paths" name="test_safe_child_rejects_path_escape[../escape]" time="0.004" /><testcase classname="tests.unit.config.test_paths" name="test_safe_child_rejects_path_escape[a/../../escape]" time="0.003" /><testcase classname="tests.unit.config.test_paths" name="test_safe_child_rejects_path_escape[/absolute]" time="0.002" /><testcase classname="tests.unit.config.test_schema" name="test_default_configuration_is_shadow_and_local_only" time="0.001" /><testcase classname="tests.unit.config.test_schema" name="test_configuration_rejects_noncanonical_host[0.0.0.0]" time="0.001" /><testcase classname="tests.unit.config.test_schema" name="test_configuration_rejects_noncanonical_host[localhost]" time="0.001" /><testcase classname="tests.unit.config.test_schema" name="test_configuration_rejects_noncanonical_host[192.168.1.2]" time="0.000" /><testcase classname="tests.unit.config.test_schema" name="test_configuration_rejects_noncanonical_host[::1]" time="0.001" /><testcase classname="tests.unit.config.test_schema" name="test_configuration_rejects_legacy_port" time="0.000" /><testcase classname="tests.unit.config.test_schema" name="test_configuration_rejects_unknown_fields_and_schema_versions" time="0.000" /><testcase classname="tests.unit.config.test_schema" name="test_test_profile_requires_explicit_absolute_data_root" time="0.002" /><testcase classname="tests.unit.config.test_schema" name="test_real_platform_access_cannot_be_enabled_in_phase_one" time="0.001" /><testcase classname="tests.unit.domain.audit.test_evidence_and_shadow" name="test_evidence_fingerprint_is_deterministic_and_rule_versioned" time="0.001" /><testcase classname="tests.unit.domain.audit.test_evidence_and_shadow" name="test_key_evidence_changes_invalidate_the_identity" time="0.001" /><testcase classname="tests.unit.domain.audit.test_evidence_and_shadow" name="test_shadow_problem_is_only_excluded_from_the_shadow_normal_sample" time="0.001" /><testcase classname="tests.unit.domain.audit.test_evidence_and_shadow" name="test_every_shadow_outcome_has_no_real_platform_effect" time="0.001" /><testcase classname="tests.unit.domain.audit.test_manual_actions" name="test_correction_requires_reason_correct_value_and_operator" time="0.002" /><testcase classname="tests.unit.domain.audit.test_manual_actions" name="test_correction_replaces_only_the_selected_ordinary_net_and_recompares" time="0.002" /><testcase classname="tests.unit.domain.audit.test_manual_actions" name="test_correction_that_still_differs_does_not_pass" time="0.002" /><testcase classname="tests.unit.domain.audit.test_manual_actions" name="test_unloading_correction_recompares_the_unloading_ordinary_net" time="0.002" /><testcase classname="tests.unit.domain.audit.test_manual_actions" name="test_evidence_change_invalidates_an_older_correction" time="0.002" /><testcase classname="tests.unit.domain.audit.test_manual_actions" name="test_problem_confirmation_requires_a_preset_reason_and_operator" time="0.002" /><testcase classname="tests.unit.domain.audit.test_manual_actions" name="test_problem_confirmation_allows_unknown_correct_weight" time="0.002" /><testcase classname="tests.unit.domain.audit.test_manual_actions" name="test_optional_problem_weight_requires_an_explicit_ticket_target" time="0.002" /><testcase classname="tests.unit.domain.audit.test_manual_actions" name="test_auto_pass_cannot_be_turned_into_a_problem_without_new_evidence" time="0.002" /><testcase classname="tests.unit.domain.audit.test_manual_actions" name="test_dismissing_a_suspicion_requires_a_basis_and_forces_reevaluation" time="0.004" /><testcase classname="tests.unit.domain.audit.test_manual_actions" name="test_revocation_is_append_only_and_requires_reevaluation" time="0.002" /><testcase classname="tests.unit.domain.audit.test_ticket_roles_and_decisions" name="test_expected_ticket_roles_are_accepted" time="0.002" /><testcase classname="tests.unit.domain.audit.test_ticket_roles_and_decisions" name="test_role_conflicts_have_stable_classification[unloading-loading-suspected_swapped]" time="0.002" /><testcase classname="tests.unit.domain.audit.test_ticket_roles_and_decisions" name="test_role_conflicts_have_stable_classification[loading-loading-both_loading]" time="0.001" /><testcase classname="tests.unit.domain.audit.test_ticket_roles_and_decisions" name="test_role_conflicts_have_stable_classification[unloading-unloading-both_unloading]" time="0.001" /><testcase classname="tests.unit.domain.audit.test_ticket_roles_and_decisions" name="test_role_conflicts_have_stable_classification[unknown-unloading-role_unknown]" time="0.001" /><testcase classname="tests.unit.domain.audit.test_ticket_roles_and_decisions" name="test_duplicate_image_takes_priority_over_role_conflict" time="0.001" /><testcase classname="tests.unit.domain.audit.test_ticket_roles_and_decisions" name="test_missing_ticket_is_not_inferred_from_the_upload_slot" time="0.001" /><testcase classname="tests.unit.domain.audit.test_ticket_roles_and_decisions" name="test_uncertain_role_is_not_forced_to_a_binary_role" time="0.000" /><testcase classname="tests.unit.domain.audit.test_ticket_roles_and_decisions" name="test_ticket_position_mismatch_is_a_contract_error" time="0.001" /><testcase classname="tests.unit.domain.audit.test_ticket_roles_and_decisions" name="test_normal_audit_passes_only_when_both_ordinary_nets_match" time="0.002" /><testcase classname="tests.unit.domain.audit.test_ticket_roles_and_decisions" name="test_any_reliable_weight_mismatch_requires_a_recorded_resolution[30.01-30.00]" time="0.001" /><testcase classname="tests.unit.domain.audit.test_ticket_roles_and_decisions" name="test_any_reliable_weight_mismatch_requires_a_recorded_resolution[30.00-29.99]" time="0.001" /><testcase classname="tests.unit.domain.audit.test_ticket_roles_and_decisions" name="test_any_reliable_weight_mismatch_requires_a_recorded_resolution[30.01-29.99]" time="0.001" /><testcase classname="tests.unit.domain.audit.test_ticket_roles_and_decisions" name="test_ineligible_weight_evidence_never_auto_passes[changed0-platform_weight_missing]" time="0.001" /><testcase classname="tests.unit.domain.audit.test_ticket_roles_and_decisions" name="test_ineligible_weight_evidence_never_auto_passes[changed1-ticket_net_missing]" time="0.001" /><testcase classname="tests.unit.domain.audit.test_ticket_roles_and_decisions" name="test_ineligible_weight_evidence_never_auto_passes[changed2-ticket_weight_precision_requires_review]" time="0.001" /><testcase classname="tests.unit.domain.audit.test_ticket_roles_and_decisions" name="test_ineligible_weight_evidence_never_auto_passes[changed3-ticket_weight_unit_requires_review]" time="0.001" /><testcase classname="tests.unit.domain.audit.test_ticket_roles_and_decisions" name="test_role_swap_is_suspected_but_never_automatically_exchanged" time="0.001" /><testcase classname="tests.unit.domain.audit.test_ticket_roles_and_decisions" name="test_role_pair_issues_block_automatic_pass[loading0-unloading0-suspected_problem]" time="0.003" /><testcase classname="tests.unit.domain.audit.test_ticket_roles_and_decisions" name="test_role_pair_issues_block_automatic_pass[loading1-unloading1-suspected_problem]" time="0.001" /><testcase classname="tests.unit.domain.audit.test_ticket_roles_and_decisions" name="test_role_pair_issues_block_automatic_pass[loading2-unloading2-suspected_problem]" time="0.001" /><testcase classname="tests.unit.domain.audit.test_ticket_roles_and_decisions" name="test_factory_net_never_changes_audit_result" time="0.001" /><testcase classname="tests.unit.domain.audit.test_ticket_roles_and_decisions" name="test_uncertain_evidence_takes_precedence_over_a_known_mismatch" time="0.001" /><testcase classname="tests.unit.domain.audit.test_ticket_roles_and_decisions" name="test_system_failures_are_raised_instead_of_becoming_finance_review" time="0.002" /><testcase classname="tests.unit.domain.audit.test_weights" name="test_weight_reading_rejects_float_input" time="0.001" /><testcase classname="tests.unit.domain.audit.test_weights" name="test_weight_reading_rejects_invalid_amounts[amount0]" time="0.001" /><testcase classname="tests.unit.domain.audit.test_weights" name="test_weight_reading_rejects_invalid_amounts[amount1]" time="0.002" /><testcase classname="tests.unit.domain.audit.test_weights" name="test_weight_reading_rejects_invalid_amounts[amount2]" time="0.001" /><testcase classname="tests.unit.domain.audit.test_weights" name="test_weight_reading_requires_original_text" time="0.001" /><testcase classname="tests.unit.domain.audit.test_weights" name="test_kilograms_convert_to_exact_tonnes" time="0.068" /><testcase classname="tests.unit.domain.audit.test_weights" name="test_tonnes_are_not_scaled_during_normalization" time="0.001" /><testcase classname="tests.unit.domain.audit.test_weights" name="test_values_requiring_rounding_have_no_automatic_comparison_value" time="0.001" /><testcase classname="tests.unit.domain.audit.test_weights" name="test_weight_policy_is_fixed_to_two_decimal_places" time="0.002" /><testcase classname="tests.unit.domain.audit.test_weights" name="test_comparison_uses_normalized_two_decimal_values" time="0.002" /><testcase classname="tests.unit.domain.audit.test_weights" name="test_comparison_has_no_business_tolerance" time="0.001" /><testcase classname="tests.unit.jobs.test_action_matrix" name="test_queued_loop2_job_only_exposes_a_safe_details_action" time="0.001" /><testcase classname="tests.unit.jobs.test_action_matrix" name="test_succeeded_loop2_job_exposes_results_without_inventing_controls" time="0.001" /><testcase classname="tests.unit.jobs.test_action_matrix" name="test_start_action_reports_the_real_conflict_reason" time="0.001" /><testcase classname="tests.unit.jobs.test_action_matrix" name="test_versioned_controls_serialize_the_authoritative_job_version" time="0.001" /><testcase classname="tests.unit.jobs.test_loop3_scheduler_policy" name="test_scheduler_priority_uses_business_first_then_bounded_aging" time="0.001" /><testcase classname="tests.unit.jobs.test_loop3_scheduler_policy" name="test_scheduler_rotation_and_fifo_are_deterministic" time="0.000" /><testcase classname="tests.unit.jobs.test_loop3_scheduler_policy" name="test_three_sustained_jobs_rotate_without_starvation" time="0.001" /><testcase classname="tests.unit.jobs.test_loop3_scheduler_policy" name="test_shared_evidence_identity_includes_pipeline_fingerprint" time="0.000" /><testcase classname="tests.unit.jobs.test_loop3_scheduler_policy" name="test_runner_waits_between_atomic_ticks_and_can_stop_during_wait" time="0.048" /><testcase classname="tests.unit.system.test_instance_lock" name="test_second_instance_for_same_data_root_is_rejected" time="0.036" /><testcase classname="tests.unit.system.test_instance_lock" name="test_different_data_roots_can_hold_independent_instances" time="0.010" /><testcase classname="tests.unit.system.test_instance_lock" name="test_stale_diagnostic_file_is_not_treated_as_an_active_instance" time="0.020" /><testcase classname="tests.unit.system.test_port_guard" name="test_port_reservation_uses_requested_loopback_port" time="0.001" /><testcase classname="tests.unit.system.test_port_guard" name="test_second_reservation_fails_without_closing_or_replacing_owner" time="0.002" /><testcase classname="tests.unit.system.test_port_guard" name="test_port_guard_does_not_enable_reuseaddr" time="0.001" /><testcase classname="tests.unit.system.test_versioning" name="test_version_manifest_matches_package" time="0.001" /><testcase classname="tests.unit.verification.test_ledger" name="test_repository_ledger_matches_json_schema" time="0.002" /><testcase classname="tests.unit.verification.test_ledger" name="test_ledger_update_is_atomic_and_revision_guarded" time="0.013" /><testcase classname="tests.unit.verification.test_ledger" name="test_failure_before_replace_preserves_previous_ledger" time="0.010" /><testcase classname="tests.unit.verification.test_ledger" name="test_accepted_ledger_requires_passed_gates_and_commit" time="0.005" /></testsuite></testsuites>