<?xml version="1.0" encoding="utf-8"?><testsuites name="pytest tests"><testsuite name="pytest" errors="0" failures="0" skipped="0" tests="203" time="24.064" timestamp="2026-07-25T17:24:02.227214+08:00" hostname="ProArtJH"><properties><property name="hypothesis-statistics-tests/unit/domain/audit/test_weights.py::test_kilograms_convert_to_exact_tonnes" value="dGVzdHMvdW5pdC9kb21haW4vYXVkaXQvdGVzdF93ZWlnaHRzLnB5Ojp0ZXN0X2tpbG9ncmFtc19jb252ZXJ0X3RvX2V4YWN0X3Rvbm5lczoKCiAgLSBkdXJpbmcgZ2VuZXJhdGUgcGhhc2UgKDAuMDcgc2Vjb25kcyk6CiAgICAtIFR5cGljYWwgcnVudGltZXM6IDwgMW1zLCBvZiB3aGljaCA8IDFtcyBpbiBkYXRhIGdlbmVyYXRpb24KICAgIC0gMTAwIHBhc3NpbmcsIDAgZmFpbGluZywgYW5kIDAgaW52YWxpZCB0ZXN0IGNhc2VzCgogIC0gU3RvcHBlZCBiZWNhdXNlIHNldHRpbmdzLm1heF9leGFtcGxlcz0xMDA=" /></properties><testcase classname="tests.contract.test_bootstrap_safety" name="test_startup_check_writes_only_below_explicit_test_root" time="0.020" /><testcase classname="tests.contract.test_bootstrap_safety" name="test_startup_check_never_opens_outbound_connection" time="0.011" /><testcase classname="tests.contract.test_bootstrap_safety" name="test_project_entry_rejects_non_project_python" time="0.001" /><testcase classname="tests.contract.test_repository_boundaries" name="test_phase_two_source_has_no_real_platform_or_ocr_runtime_dependencies" time="0.117" /><testcase classname="tests.contract.test_repository_boundaries" name="test_domain_layer_stays_independent_of_framework_and_persistence" time="0.011" /><testcase classname="tests.contract.test_repository_boundaries" name="test_source_contains_no_developer_absolute_path" time="0.009" /><testcase classname="tests.contract.test_repository_boundaries" name="test_agents_remains_a_short_execution_rule_file" time="0.001" /><testcase classname="tests.integration.test_cli_preflight" name="test_cli_startup_check_succeeds_offline" time="0.217" /><testcase classname="tests.integration.test_cli_preflight" name="test_cli_protected_fixtures_require_an_explicit_data_root" time="0.228" /><testcase classname="tests.integration.test_cli_preflight" name="test_cli_port_conflict_stops_without_replacing_owner" time="0.233" /><testcase classname="tests.integration.test_cli_preflight" name="test_cli_second_instance_is_rejected" time="0.225" /><testcase classname="tests.integration.test_cli_preflight" name="test_cli_unmanaged_formal_database_stops_cleanly_without_mutation" time="0.802" /><testcase classname="tests.integration.test_loop2_api" name="test_meta_exposes_one_version_and_fake_adapter_boundary" time="0.240" /><testcase classname="tests.integration.test_loop2_api" name="test_version_mismatch_stops_before_reading_business_state" time="0.139" /><testcase classname="tests.integration.test_loop2_api" name="test_local_writes_require_session_csrf_and_idempotency" time="0.226" /><testcase classname="tests.integration.test_loop2_api" name="test_duplicate_start_uses_idempotency_key_and_finishes_one_normal_item" time="0.322" /><testcase classname="tests.integration.test_loop2_api" name="test_queued_job_actions_are_entirely_supplied_by_backend" time="0.174" /><testcase classname="tests.integration.test_loop2_api" name="test_normal_audit_can_pause_resume_and_cancel_through_the_api" time="0.245" /><testcase classname="tests.integration.test_loop2_api" name="test_page_refresh_can_restore_job_from_file_backed_temporary_sqlite" time="0.240" /><testcase classname="tests.integration.test_loop2_api" name="test_unknown_host_and_forbidden_financial_routes_are_rejected" time="0.254" /><testcase classname="tests.integration.test_loop2_api" name="test_built_console_is_served_without_exposing_arbitrary_files" time="0.210" /><testcase classname="tests.integration.test_loop2_backend_blockers" name="test_failed_job_persists_diagnostic_without_business_review" time="0.295" /><testcase classname="tests.integration.test_loop2_backend_blockers" name="test_normal_audit_uses_the_unified_resource_scheduler" time="0.270" /><testcase classname="tests.integration.test_loop2_backend_blockers" name="test_configured_non_default_host_and_port_define_local_boundary" time="0.174" /><testcase classname="tests.integration.test_loop2_backend_blockers" name="test_old_temporary_schema_is_ignored_without_modification" time="0.153" /><testcase classname="tests.integration.test_loop2_backend_blockers" name="test_unmanaged_formal_database_fails_without_write_or_lock" time="0.015" /><testcase classname="tests.integration.test_loop3_operator_contract" name="test_operator_contract_exposes_versioned_starts_controls_and_resources" time="0.358" /><testcase classname="tests.integration.test_loop3_operator_contract" name="test_fixture_start_version_is_scoped_and_reusable_after_terminal_job" time="0.297" /><testcase classname="tests.integration.test_loop3_operator_contract" name="test_conflict_creation_and_control_cas_are_atomic_under_threads" time="0.168" /><testcase classname="tests.integration.test_loop3_operator_contract" name="test_control_boundary_emits_final_paused_and_cancelled_events" time="0.222" /><testcase classname="tests.integration.test_loop3_operator_contract" name="test_every_resource_projection_change_advances_the_event_cursor" time="0.757" /><testcase classname="tests.integration.test_loop3_operator_contract" name="test_failed_shared_work_fails_future_consumer_without_human_review" time="0.569" /><testcase classname="tests.integration.test_loop3_operator_contract" name="test_restart_keeps_one_scheduler_owner_for_queued_loop3_job" time="0.358" /><testcase classname="tests.integration.test_loop3_scheduler" name="test_durable_alembic_schema_persists_all_scheduler_models" time="0.156" /><testcase classname="tests.integration.test_loop3_scheduler" name="test_conflict_key_rejects_duplicate_but_unrelated_three_jobs_coexist" time="0.216" /><testcase classname="tests.integration.test_loop3_scheduler" name="test_scheduler_runs_independent_resources_fairly_and_isolates_review_items" time="0.777" /><testcase classname="tests.integration.test_loop3_scheduler" name="test_pause_finishes_atomic_ocr_releases_lease_and_resume_skips_download" time="0.414" /><testcase classname="tests.integration.test_loop3_scheduler" name="test_control_writes_are_idempotent_and_reject_stale_versions" time="0.180" /><testcase classname="tests.integration.test_loop3_scheduler" name="test_pause_then_cancel_preserves_results_and_does_not_stop_shared_work" time="0.320" /><testcase classname="tests.integration.test_loop3_scheduler" name="test_injected_technical_ocr_failure_never_enters_human_review" time="0.438" /><testcase classname="tests.integration.test_loop3_scheduler" name="test_loading_probe_requires_explicit_test_fixture_gate" time="0.141" /><testcase classname="tests.integration.test_loop4_audit_atomicity" name="test_snapshots_decisions_and_references_commit_as_one_revision" time="0.148" /><testcase classname="tests.integration.test_loop4_audit_atomicity" name="test_failure_after_decision_insert_rolls_back_the_entire_database_revision" time="0.152" /><testcase classname="tests.integration.test_loop4_audit_atomicity" name="test_process_crash_inside_snapshot_transaction_is_rolled_back_on_reopen" time="0.701" /><testcase classname="tests.integration.test_loop4_audit_atomicity" name="test_committed_business_evidence_is_immutable[platform_snapshots]" time="0.129" /><testcase classname="tests.integration.test_loop4_audit_atomicity" name="test_committed_business_evidence_is_immutable[audit_decisions]" time="0.134" /><testcase classname="tests.integration.test_loop4_data_foundation" name="test_fresh_runtime_is_at_migration_head_with_required_sqlite_pragmas" time="0.139" /><testcase classname="tests.integration.test_loop4_data_foundation" name="test_runtime_upgrades_0001_with_backup_and_preserves_data" time="0.218" /><testcase classname="tests.integration.test_loop4_data_foundation" name="test_alembic_task_schema_matches_the_runtime_metadata_contract" time="0.129" /><testcase classname="tests.integration.test_loop4_data_foundation" name="test_import_bundle_is_atomic_idempotent_and_keeps_one_blob_per_hash" time="0.134" /><testcase classname="tests.integration.test_loop4_data_foundation" name="test_failure_inside_snapshot_transaction_leaves_no_partial_business_rows" time="0.129" /><testcase classname="tests.integration.test_loop4_data_foundation" name="test_hold_blocks_cleanup_and_cleanup_claim_races_safely_with_new_reference" time="0.158" /><testcase classname="tests.integration.test_loop4_data_foundation" name="test_online_backup_restores_database_and_evidence_to_an_empty_temporary_root" time="0.258" /><testcase classname="tests.integration.test_loop4_data_foundation" name="test_online_backup_includes_evidence_protected_only_by_an_active_hold" time="0.195" /><testcase classname="tests.integration.test_loop4_data_foundation" name="test_failed_restore_leaves_target_retryable_after_evidence_is_repaired" time="0.206" /><testcase classname="tests.integration.test_loop4_data_foundation" name="test_restore_rejects_manifest_missing_an_active_database_evidence_identity" time="0.401" /><testcase classname="tests.integration.test_loop4_data_foundation" name="test_restore_refuses_a_nonempty_target" time="0.218" /><testcase classname="tests.integration.test_loop4_data_foundation" name="test_unknown_alembic_revision_is_rejected_without_modifying_database" time="0.021" /><testcase classname="tests.integration.test_loop4_data_foundation" name="test_pre_migration_backup_is_integrity_checked_and_self_describing" time="0.037" /><testcase classname="tests.integration.test_loop4_instance_lifecycle" name="test_persistent_instance_heartbeat_and_clean_shutdown" time="0.154" /><testcase classname="tests.integration.test_loop4_instance_lifecycle" name="test_application_lifespan_registers_and_stops_the_guarded_instance" time="0.147" /><testcase classname="tests.integration.test_loop4_instance_lifecycle" name="test_application_shutdown_abandons_only_its_uncommitted_atomic_attempt" time="0.178" /><testcase classname="tests.integration.test_loop4_instance_lifecycle" name="test_application_shutdown_stops_owned_workers_before_requeueing_attempts" time="0.158" /><testcase classname="tests.integration.test_loop4_process_orphan" name="test_supervisor_crash_closes_job_and_stops_only_its_owned_child" time="0.151" /><testcase classname="tests.integration.test_loop4_recovery_contract" name="test_restart_does_not_commit_a_legacy_running_attempt_as_success" time="0.226" /><testcase classname="tests.integration.test_loop4_recovery_contract" name="test_formal_repository_recovers_only_an_expired_crashed_owner_attempt" time="0.223" /><testcase classname="tests.integration.test_loop4_recovery_contract" name="test_takeover_rejects_running_old_instance_after_lease_expiry" time="0.112" /><testcase classname="tests.integration.test_loop4_recovery_contract" name="test_crashed_instance_requires_os_mutex_proof_and_matching_replacement" time="0.116" /><testcase classname="tests.integration.test_loop4_recovery_contract" name="test_takeover_rejects_unexpired_lease_from_stopped_instance" time="0.123" /><testcase classname="tests.integration.test_loop4_recovery_contract" name="test_takeover_requires_same_data_root_and_rotates_fencing_token" time="0.346" /><testcase classname="tests.integration.test_loop4_recovery_contract" name="test_lease_renewal_requires_the_current_owner_and_token" time="0.112" /><testcase classname="tests.integration.test_loop4_recovery_contract" name="test_browser_recovery_fences_the_old_navigation_token" time="0.120" /><testcase classname="tests.integration.test_loop4_recovery_contract" name="test_browser_cannot_return_to_automated_without_all_recovery_proofs" time="0.134" /><testcase classname="tests.integration.test_loop4_recovery_contract" name="test_human_control_is_not_reclaimed_by_elapsed_time" time="0.151" /><testcase classname="tests.integration.test_loop4_recovery_contract" name="test_automated_control_release_fences_the_returned_navigation_token" time="0.131" /><testcase classname="tests.integration.test_loop4_recovery_contract" name="test_expired_automated_browser_grant_cannot_authorize_navigation" time="0.118" /><testcase classname="tests.integration.test_loop4_recovery_contract" name="test_only_the_current_automated_token_can_renew_navigation_control" time="0.119" /><testcase classname="tests.integration.test_loop4_recovery_contract" name="test_human_control_requires_an_explicit_matching_return" time="0.121" /><testcase classname="tests.integration.test_loop4_scheduler_fencing" name="test_valid_process_local_fencing_token_commits_atomic_result" time="0.203" /><testcase classname="tests.integration.test_loop4_scheduler_fencing" name="test_old_fencing_token_is_rejected_without_any_result_write" time="0.194" /><testcase classname="tests.integration.test_loop4_scheduler_fencing" name="test_old_lease_generation_is_rejected_without_any_result_write" time="0.167" /><testcase classname="tests.integration.test_loop4_scheduler_fencing" name="test_wrong_process_identity_is_rejected_without_any_result_write[instance_id]" time="0.177" /><testcase classname="tests.integration.test_loop4_scheduler_fencing" name="test_wrong_process_identity_is_rejected_without_any_result_write[worker_id]" time="0.360" /><testcase classname="tests.integration.test_loop4_scheduler_fencing" name="test_released_lease_is_rejected_without_any_result_write" time="0.199" /><testcase classname="tests.integration.test_loop4_scheduler_fencing" name="test_expired_lease_is_rejected_without_any_result_write" time="0.199" /><testcase classname="tests.integration.test_loop4_scheduler_fencing" name="test_takeover_permanently_fences_the_old_process_token" time="0.199" /><testcase classname="tests.integration.test_loop4_scheduler_fencing" name="test_publish_before_commit_rollback_leaves_neither_lease_nor_raw_grant" time="0.158" /><testcase classname="tests.integration.test_loop4_scheduler_fencing" name="test_post_commit_context_failure_reconciles_to_the_committed_active_grant" time="0.174" /><testcase classname="tests.integration.test_loop4_shared_and_restart" name="test_new_instance_never_blesses_a_legacy_running_attempt" time="0.214" /><testcase classname="tests.integration.test_loop4_shared_and_restart" name="test_shared_failure_is_propagated_once_to_each_active_consumer" time="0.388" /><testcase classname="tests.integration.test_loop4_shared_and_restart" name="test_shared_failure_cannot_propagate_while_global_retry_budget_remains" time="0.125" /><testcase classname="tests.integration.test_loop4_shared_and_restart" name="test_first_shared_failure_retries_once_then_each_consumer_uses_success_once" time="0.280" /><testcase classname="tests.integration.test_loop4_shared_and_restart" name="test_exhausted_shared_retry_propagates_one_source_failure_once" time="0.275" /><testcase classname="tests.integration.test_loop4_shared_and_restart" name="test_two_concurrent_safe_retries_create_one_shared_production_attempt" time="0.129" /><testcase classname="tests.integration.test_loop4_shared_and_restart" name="test_shared_retry_budget_cannot_be_bypassed_with_a_new_idempotency_key" time="0.127" /><testcase classname="tests.unit.adapters.fake.test_fake_ocr_independence" name="test_ocr_input_contains_only_evidence_identity_and_image_fields" time="0.001" /><testcase classname="tests.unit.adapters.fake.test_fake_ocr_independence" name="test_fake_ocr_values_are_independent_from_platform_expected_weights" time="0.001" /><testcase classname="tests.unit.api.test_sse" name="test_sse_uses_default_message_events_for_browser_onmessage" time="0.000" /><testcase classname="tests.unit.application.audit.test_service" name="test_failure_persistence_error_is_not_silenced" time="0.002" /><testcase classname="tests.unit.config.test_paths" name="test_default_data_root_comes_only_from_local_app_data" time="0.003" /><testcase classname="tests.unit.config.test_paths" name="test_missing_local_app_data_fails_without_cwd_fallback" time="0.001" /><testcase classname="tests.unit.config.test_paths" name="test_test_profile_uses_only_explicit_temporary_root" time="0.002" /><testcase classname="tests.unit.config.test_paths" name="test_application_paths_are_created_below_data_root" time="0.009" /><testcase classname="tests.unit.config.test_paths" name="test_existing_file_cannot_be_used_as_data_root" time="0.003" /><testcase classname="tests.unit.config.test_paths" name="test_safe_child_rejects_path_escape[../escape]" time="0.003" /><testcase classname="tests.unit.config.test_paths" name="test_safe_child_rejects_path_escape[a/../../escape]" time="0.003" /><testcase classname="tests.unit.config.test_paths" name="test_safe_child_rejects_path_escape[/absolute]" time="0.002" /><testcase classname="tests.unit.config.test_schema" name="test_default_configuration_is_shadow_and_local_only" time="0.001" /><testcase classname="tests.unit.config.test_schema" name="test_configuration_rejects_noncanonical_host[0.0.0.0]" time="0.001" /><testcase classname="tests.unit.config.test_schema" name="test_configuration_rejects_noncanonical_host[localhost]" time="0.001" /><testcase classname="tests.unit.config.test_schema" name="test_configuration_rejects_noncanonical_host[192.168.1.2]" time="0.001" /><testcase classname="tests.unit.config.test_schema" name="test_configuration_rejects_noncanonical_host[::1]" time="0.000" /><testcase classname="tests.unit.config.test_schema" name="test_configuration_rejects_legacy_port" time="0.000" /><testcase classname="tests.unit.config.test_schema" name="test_configuration_rejects_unknown_fields_and_schema_versions" time="0.000" /><testcase classname="tests.unit.config.test_schema" name="test_test_profile_requires_explicit_absolute_data_root" time="0.002" /><testcase classname="tests.unit.config.test_schema" name="test_real_platform_access_cannot_be_enabled_in_phase_one" time="0.000" /><testcase classname="tests.unit.data.test_content_addressed_store" name="test_put_bytes_is_content_addressed_and_deduplicated" time="0.009" /><testcase classname="tests.unit.data.test_content_addressed_store" name="test_read_bytes_rejects_a_corrupted_canonical_blob" time="0.008" /><testcase classname="tests.unit.data.test_content_addressed_store" name="test_recover_staging_removes_only_uncommitted_parts" time="0.009" /><testcase classname="tests.unit.data.test_content_addressed_store" name="test_read_bytes_rejects_unsafe_or_noncanonical_identity[../outside]" time="0.004" /><testcase classname="tests.unit.data.test_content_addressed_store" name="test_read_bytes_rejects_unsafe_or_noncanonical_identity[not-a-sha256]" time="0.003" /><testcase classname="tests.unit.data.test_content_addressed_store" name="test_read_bytes_rejects_unsafe_or_noncanonical_identity[AAAAAAAAAAAAAAAAAAAAAAAAAAAAAAAAAAAAAAAAAAAAAAAAAAAAAAAAAAAAAAAA]" time="0.003" /><testcase classname="tests.unit.domain.audit.test_evidence_and_shadow" name="test_evidence_fingerprint_is_deterministic_and_rule_versioned" time="0.001" /><testcase classname="tests.unit.domain.audit.test_evidence_and_shadow" name="test_key_evidence_changes_invalidate_the_identity" time="0.001" /><testcase classname="tests.unit.domain.audit.test_evidence_and_shadow" name="test_shadow_problem_is_only_excluded_from_the_shadow_normal_sample" time="0.000" /><testcase classname="tests.unit.domain.audit.test_evidence_and_shadow" name="test_every_shadow_outcome_has_no_real_platform_effect" time="0.001" /><testcase classname="tests.unit.domain.audit.test_manual_actions" name="test_correction_requires_reason_correct_value_and_operator" time="0.001" /><testcase classname="tests.unit.domain.audit.test_manual_actions" name="test_correction_replaces_only_the_selected_ordinary_net_and_recompares" time="0.001" /><testcase classname="tests.unit.domain.audit.test_manual_actions" name="test_correction_that_still_differs_does_not_pass" time="0.002" /><testcase classname="tests.unit.domain.audit.test_manual_actions" name="test_unloading_correction_recompares_the_unloading_ordinary_net" time="0.001" /><testcase classname="tests.unit.domain.audit.test_manual_actions" name="test_evidence_change_invalidates_an_older_correction" time="0.001" /><testcase classname="tests.unit.domain.audit.test_manual_actions" name="test_problem_confirmation_requires_a_preset_reason_and_operator" time="0.001" /><testcase classname="tests.unit.domain.audit.test_manual_actions" name="test_problem_confirmation_allows_unknown_correct_weight" time="0.001" /><testcase classname="tests.unit.domain.audit.test_manual_actions" name="test_optional_problem_weight_requires_an_explicit_ticket_target" time="0.001" /><testcase classname="tests.unit.domain.audit.test_manual_actions" name="test_auto_pass_cannot_be_turned_into_a_problem_without_new_evidence" time="0.001" /><testcase classname="tests.unit.domain.audit.test_manual_actions" name="test_dismissing_a_suspicion_requires_a_basis_and_forces_reevaluation" time="0.002" /><testcase classname="tests.unit.domain.audit.test_manual_actions" name="test_revocation_is_append_only_and_requires_reevaluation" time="0.001" /><testcase classname="tests.unit.domain.audit.test_ticket_roles_and_decisions" name="test_expected_ticket_roles_are_accepted" time="0.001" /><testcase classname="tests.unit.domain.audit.test_ticket_roles_and_decisions" name="test_role_conflicts_have_stable_classification[unloading-loading-suspected_swapped]" time="0.001" /><testcase classname="tests.unit.domain.audit.test_ticket_roles_and_decisions" name="test_role_conflicts_have_stable_classification[loading-loading-both_loading]" time="0.001" /><testcase classname="tests.unit.domain.audit.test_ticket_roles_and_decisions" name="test_role_conflicts_have_stable_classification[unloading-unloading-both_unloading]" time="0.001" /><testcase classname="tests.unit.domain.audit.test_ticket_roles_and_decisions" name="test_role_conflicts_have_stable_classification[unknown-unloading-role_unknown]" time="0.001" /><testcase classname="tests.unit.domain.audit.test_ticket_roles_and_decisions" name="test_duplicate_image_takes_priority_over_role_conflict" time="0.001" /><testcase classname="tests.unit.domain.audit.test_ticket_roles_and_decisions" name="test_missing_ticket_is_not_inferred_from_the_upload_slot" time="0.001" /><testcase classname="tests.unit.domain.audit.test_ticket_roles_and_decisions" name="test_uncertain_role_is_not_forced_to_a_binary_role" time="0.001" /><testcase classname="tests.unit.domain.audit.test_ticket_roles_and_decisions" name="test_ticket_position_mismatch_is_a_contract_error" time="0.001" /><testcase classname="tests.unit.domain.audit.test_ticket_roles_and_decisions" name="test_normal_audit_passes_only_when_both_ordinary_nets_match" time="0.002" /><testcase classname="tests.unit.domain.audit.test_ticket_roles_and_decisions" name="test_any_reliable_weight_mismatch_requires_a_recorded_resolution[30.01-30.00]" time="0.001" /><testcase classname="tests.unit.domain.audit.test_ticket_roles_and_decisions" name="test_any_reliable_weight_mismatch_requires_a_recorded_resolution[30.00-29.99]" time="0.001" /><testcase classname="tests.unit.domain.audit.test_ticket_roles_and_decisions" name="test_any_reliable_weight_mismatch_requires_a_recorded_resolution[30.01-29.99]" time="0.001" /><testcase classname="tests.unit.domain.audit.test_ticket_roles_and_decisions" name="test_ineligible_weight_evidence_never_auto_passes[changed0-platform_weight_missing]" time="0.001" /><testcase classname="tests.unit.domain.audit.test_ticket_roles_and_decisions" name="test_ineligible_weight_evidence_never_auto_passes[changed1-ticket_net_missing]" time="0.001" /><testcase classname="tests.unit.domain.audit.test_ticket_roles_and_decisions" name="test_ineligible_weight_evidence_never_auto_passes[changed2-ticket_weight_precision_requires_review]" time="0.001" /><testcase classname="tests.unit.domain.audit.test_ticket_roles_and_decisions" name="test_ineligible_weight_evidence_never_auto_passes[changed3-ticket_weight_unit_requires_review]" time="0.001" /><testcase classname="tests.unit.domain.audit.test_ticket_roles_and_decisions" name="test_role_swap_is_suspected_but_never_automatically_exchanged" time="0.001" /><testcase classname="tests.unit.domain.audit.test_ticket_roles_and_decisions" name="test_role_pair_issues_block_automatic_pass[loading0-unloading0-suspected_problem]" time="0.001" /><testcase classname="tests.unit.domain.audit.test_ticket_roles_and_decisions" name="test_role_pair_issues_block_automatic_pass[loading1-unloading1-suspected_problem]" time="0.001" /><testcase classname="tests.unit.domain.audit.test_ticket_roles_and_decisions" name="test_role_pair_issues_block_automatic_pass[loading2-unloading2-suspected_problem]" time="0.001" /><testcase classname="tests.unit.domain.audit.test_ticket_roles_and_decisions" name="test_factory_net_never_changes_audit_result" time="0.001" /><testcase classname="tests.unit.domain.audit.test_ticket_roles_and_decisions" name="test_uncertain_evidence_takes_precedence_over_a_known_mismatch" time="0.001" /><testcase classname="tests.unit.domain.audit.test_ticket_roles_and_decisions" name="test_system_failures_are_raised_instead_of_becoming_finance_review" time="0.001" /><testcase classname="tests.unit.domain.audit.test_weights" name="test_weight_reading_rejects_float_input" time="0.001" /><testcase classname="tests.unit.domain.audit.test_weights" name="test_weight_reading_rejects_invalid_amounts[amount0]" time="0.001" /><testcase classname="tests.unit.domain.audit.test_weights" name="test_weight_reading_rejects_invalid_amounts[amount1]" time="0.000" /><testcase classname="tests.unit.domain.audit.test_weights" name="test_weight_reading_rejects_invalid_amounts[amount2]" time="0.000" /><testcase classname="tests.unit.domain.audit.test_weights" name="test_weight_reading_requires_original_text" time="0.001" /><testcase classname="tests.unit.domain.audit.test_weights" name="test_kilograms_convert_to_exact_tonnes" time="0.077" /><testcase classname="tests.unit.domain.audit.test_weights" name="test_tonnes_are_not_scaled_during_normalization" time="0.000" /><testcase classname="tests.unit.domain.audit.test_weights" name="test_values_requiring_rounding_have_no_automatic_comparison_value" time="0.001" /><testcase classname="tests.unit.domain.audit.test_weights" name="test_weight_policy_is_fixed_to_two_decimal_places" time="0.001" /><testcase classname="tests.unit.domain.audit.test_weights" name="test_comparison_uses_normalized_two_decimal_values" time="0.001" /><testcase classname="tests.unit.domain.audit.test_weights" name="test_comparison_has_no_business_tolerance" time="0.000" /><testcase classname="tests.unit.jobs.test_action_matrix" name="test_queued_loop2_job_only_exposes_a_safe_details_action" time="0.000" /><testcase classname="tests.unit.jobs.test_action_matrix" name="test_succeeded_loop2_job_exposes_results_without_inventing_controls" time="0.000" /><testcase classname="tests.unit.jobs.test_action_matrix" name="test_start_action_reports_the_real_conflict_reason" time="0.000" /><testcase classname="tests.unit.jobs.test_action_matrix" name="test_versioned_controls_serialize_the_authoritative_job_version" time="0.000" /><testcase classname="tests.unit.jobs.test_loop3_scheduler_policy" name="test_scheduler_priority_uses_business_first_then_bounded_aging" time="0.000" /><testcase classname="tests.unit.jobs.test_loop3_scheduler_policy" name="test_scheduler_rotation_and_fifo_are_deterministic" time="0.000" /><testcase classname="tests.unit.jobs.test_loop3_scheduler_policy" name="test_three_sustained_jobs_rotate_without_starvation" time="0.000" /><testcase classname="tests.unit.jobs.test_loop3_scheduler_policy" name="test_shared_evidence_identity_includes_pipeline_fingerprint" time="0.000" /><testcase classname="tests.unit.jobs.test_loop3_scheduler_policy" name="test_runner_waits_between_atomic_ticks_and_can_stop_during_wait" time="0.052" /><testcase classname="tests.unit.jobs.test_loop3_scheduler_policy" name="test_runner_close_waits_without_timeout_for_the_active_atomic_tick" time="0.063" /><testcase classname="tests.unit.system.test_instance_lifecycle" name="test_start_heartbeats_and_close_are_idempotent" time="0.021" /><testcase classname="tests.unit.system.test_instance_lifecycle" name="test_context_manager_marks_the_registered_instance_stopped" time="0.003" /><testcase classname="tests.unit.system.test_instance_lifecycle" name="test_heartbeat_failure_is_reported_after_clean_stop" time="0.018" /><testcase classname="tests.unit.system.test_instance_lifecycle" name="test_close_before_start_is_final_and_idempotent" time="0.003" /><testcase classname="tests.unit.system.test_instance_lifecycle" name="test_close_waits_for_an_in_progress_registration" time="0.003" /><testcase classname="tests.unit.system.test_instance_lifecycle" name="test_data_root_identity_is_stable_for_the_resolved_windows_path" time="0.003" /><testcase classname="tests.unit.system.test_instance_lock" name="test_second_instance_for_same_data_root_is_rejected" time="0.029" /><testcase classname="tests.unit.system.test_instance_lock" name="test_different_data_roots_can_hold_independent_instances" time="0.009" /><testcase classname="tests.unit.system.test_instance_lock" name="test_stale_diagnostic_file_is_not_treated_as_an_active_instance" time="0.017" /><testcase classname="tests.unit.system.test_port_guard" name="test_port_reservation_uses_requested_loopback_port" time="0.001" /><testcase classname="tests.unit.system.test_port_guard" name="test_second_reservation_fails_without_closing_or_replacing_owner" time="0.001" /><testcase classname="tests.unit.system.test_port_guard" name="test_port_guard_does_not_enable_reuseaddr" time="0.001" /><testcase classname="tests.unit.system.test_process_supervision" name="test_supervisor_close_stops_owned_helper_but_not_unknown_process" time="0.010" /><testcase classname="tests.unit.system.test_process_supervision" name="test_forged_worker_identity_cannot_terminate_owned_or_unknown_process" time="0.011" /><testcase classname="tests.unit.system.test_process_supervision" name="test_correct_owned_identity_can_stop_only_that_helper" time="0.012" /><testcase classname="tests.unit.system.test_process_supervision" name="test_process_identity_mismatch_never_falls_back_to_pid_only" time="0.007" /><testcase classname="tests.unit.system.test_versioning" name="test_version_manifest_matches_package" time="0.001" /><testcase classname="tests.unit.verification.test_ledger" name="test_repository_ledger_matches_json_schema" time="0.002" /><testcase classname="tests.unit.verification.test_ledger" name="test_ledger_update_is_atomic_and_revision_guarded" time="0.012" /><testcase classname="tests.unit.verification.test_ledger" name="test_failure_before_replace_preserves_previous_ledger" time="0.010" /><testcase classname="tests.unit.verification.test_ledger" name="test_accepted_ledger_requires_passed_gates_and_commit" time="0.007" /></testsuite></testsuites>