<?xml version="1.0" encoding="utf-8"?><testsuites name="pytest tests"><testsuite name="pytest" errors="0" failures="0" skipped="0" tests="50" time="0.711" timestamp="2026-07-25T12:56:29.446296+08:00" hostname="ProArtJH"><properties><property name="hypothesis-statistics-tests/unit/domain/audit/test_weights.py::test_kilograms_convert_to_exact_tonnes" value="dGVzdHMvdW5pdC9kb21haW4vYXVkaXQvdGVzdF93ZWlnaHRzLnB5Ojp0ZXN0X2tpbG9ncmFtc19jb252ZXJ0X3RvX2V4YWN0X3Rvbm5lczoKCiAgLSBkdXJpbmcgZ2VuZXJhdGUgcGhhc2UgKDAuMDYgc2Vjb25kcyk6CiAgICAtIFR5cGljYWwgcnVudGltZXM6IDwgMW1zLCBvZiB3aGljaCA8IDFtcyBpbiBkYXRhIGdlbmVyYXRpb24KICAgIC0gMTAwIHBhc3NpbmcsIDAgZmFpbGluZywgYW5kIDAgaW52YWxpZCB0ZXN0IGNhc2VzCgogIC0gU3RvcHBlZCBiZWNhdXNlIHNldHRpbmdzLm1heF9leGFtcGxlcz0xMDA=" /></properties><testcase classname="tests.unit.domain.audit.test_evidence_and_shadow" name="test_evidence_fingerprint_is_deterministic_and_rule_versioned" time="0.001" /><testcase classname="tests.unit.domain.audit.test_evidence_and_shadow" name="test_key_evidence_changes_invalidate_the_identity" time="0.001" /><testcase classname="tests.unit.domain.audit.test_evidence_and_shadow" name="test_shadow_problem_is_only_excluded_from_the_shadow_normal_sample" time="0.001" /><testcase classname="tests.unit.domain.audit.test_evidence_and_shadow" name="test_every_shadow_outcome_has_no_real_platform_effect" time="0.001" /><testcase classname="tests.unit.domain.audit.test_manual_actions" name="test_correction_requires_reason_correct_value_and_operator" time="0.001" /><testcase classname="tests.unit.domain.audit.test_manual_actions" name="test_correction_replaces_only_the_selected_ordinary_net_and_recompares" time="0.001" /><testcase classname="tests.unit.domain.audit.test_manual_actions" name="test_correction_that_still_differs_does_not_pass" time="0.001" /><testcase classname="tests.unit.domain.audit.test_manual_actions" name="test_unloading_correction_recompares_the_unloading_ordinary_net" time="0.001" /><testcase classname="tests.unit.domain.audit.test_manual_actions" name="test_evidence_change_invalidates_an_older_correction" time="0.001" /><testcase classname="tests.unit.domain.audit.test_manual_actions" name="test_problem_confirmation_requires_a_preset_reason_and_operator" time="0.001" /><testcase classname="tests.unit.domain.audit.test_manual_actions" name="test_problem_confirmation_allows_unknown_correct_weight" time="0.001" /><testcase classname="tests.unit.domain.audit.test_manual_actions" name="test_optional_problem_weight_requires_an_explicit_ticket_target" time="0.001" /><testcase classname="tests.unit.domain.audit.test_manual_actions" name="test_auto_pass_cannot_be_turned_into_a_problem_without_new_evidence" time="0.001" /><testcase classname="tests.unit.domain.audit.test_manual_actions" name="test_dismissing_a_suspicion_requires_a_basis_and_forces_reevaluation" time="0.002" /><testcase classname="tests.unit.domain.audit.test_manual_actions" name="test_revocation_is_append_only_and_requires_reevaluation" time="0.001" /><testcase classname="tests.unit.domain.audit.test_ticket_roles_and_decisions" name="test_expected_ticket_roles_are_accepted" time="0.001" /><testcase classname="tests.unit.domain.audit.test_ticket_roles_and_decisions" name="test_role_conflicts_have_stable_classification[unloading-loading-suspected_swapped]" time="0.001" /><testcase classname="tests.unit.domain.audit.test_ticket_roles_and_decisions" name="test_role_conflicts_have_stable_classification[loading-loading-both_loading]" time="0.001" /><testcase classname="tests.unit.domain.audit.test_ticket_roles_and_decisions" name="test_role_conflicts_have_stable_classification[unloading-unloading-both_unloading]" time="0.001" /><testcase classname="tests.unit.domain.audit.test_ticket_roles_and_decisions" name="test_role_conflicts_have_stable_classification[unknown-unloading-role_unknown]" time="0.001" /><testcase classname="tests.unit.domain.audit.test_ticket_roles_and_decisions" name="test_duplicate_image_takes_priority_over_role_conflict" time="0.000" /><testcase classname="tests.unit.domain.audit.test_ticket_roles_and_decisions" name="test_missing_ticket_is_not_inferred_from_the_upload_slot" time="0.000" /><testcase classname="tests.unit.domain.audit.test_ticket_roles_and_decisions" name="test_uncertain_role_is_not_forced_to_a_binary_role" time="0.000" /><testcase classname="tests.unit.domain.audit.test_ticket_roles_and_decisions" name="test_ticket_position_mismatch_is_a_contract_error" time="0.001" /><testcase classname="tests.unit.domain.audit.test_ticket_roles_and_decisions" name="test_normal_audit_passes_only_when_both_ordinary_nets_match" time="0.001" /><testcase classname="tests.unit.domain.audit.test_ticket_roles_and_decisions" name="test_any_reliable_weight_mismatch_requires_a_recorded_resolution[30.01-30.00]" time="0.001" /><testcase classname="tests.unit.domain.audit.test_ticket_roles_and_decisions" name="test_any_reliable_weight_mismatch_requires_a_recorded_resolution[30.00-29.99]" time="0.001" /><testcase classname="tests.unit.domain.audit.test_ticket_roles_and_decisions" name="test_any_reliable_weight_mismatch_requires_a_recorded_resolution[30.01-29.99]" time="0.001" /><testcase classname="tests.unit.domain.audit.test_ticket_roles_and_decisions" name="test_ineligible_weight_evidence_never_auto_passes[changed0-platform_weight_missing]" time="0.001" /><testcase classname="tests.unit.domain.audit.test_ticket_roles_and_decisions" name="test_ineligible_weight_evidence_never_auto_passes[changed1-ticket_net_missing]" time="0.001" /><testcase classname="tests.unit.domain.audit.test_ticket_roles_and_decisions" name="test_ineligible_weight_evidence_never_auto_passes[changed2-ticket_weight_precision_requires_review]" time="0.001" /><testcase classname="tests.unit.domain.audit.test_ticket_roles_and_decisions" name="test_ineligible_weight_evidence_never_auto_passes[changed3-ticket_weight_unit_requires_review]" time="0.001" /><testcase classname="tests.unit.domain.audit.test_ticket_roles_and_decisions" name="test_role_swap_is_suspected_but_never_automatically_exchanged" time="0.000" /><testcase classname="tests.unit.domain.audit.test_ticket_roles_and_decisions" name="test_role_pair_issues_block_automatic_pass[loading0-unloading0-suspected_problem]" time="0.001" /><testcase classname="tests.unit.domain.audit.test_ticket_roles_and_decisions" name="test_role_pair_issues_block_automatic_pass[loading1-unloading1-suspected_problem]" time="0.000" /><testcase classname="tests.unit.domain.audit.test_ticket_roles_and_decisions" name="test_role_pair_issues_block_automatic_pass[loading2-unloading2-suspected_problem]" time="0.000" /><testcase classname="tests.unit.domain.audit.test_ticket_roles_and_decisions" name="test_factory_net_never_changes_audit_result" time="0.001" /><testcase classname="tests.unit.domain.audit.test_ticket_roles_and_decisions" name="test_uncertain_evidence_takes_precedence_over_a_known_mismatch" time="0.000" /><testcase classname="tests.unit.domain.audit.test_ticket_roles_and_decisions" name="test_system_failures_are_raised_instead_of_becoming_finance_review" time="0.001" /><testcase classname="tests.unit.domain.audit.test_weights" name="test_weight_reading_rejects_float_input" time="0.001" /><testcase classname="tests.unit.domain.audit.test_weights" name="test_weight_reading_rejects_invalid_amounts[amount0]" time="0.001" /><testcase classname="tests.unit.domain.audit.test_weights" name="test_weight_reading_rejects_invalid_amounts[amount1]" time="0.000" /><testcase classname="tests.unit.domain.audit.test_weights" name="test_weight_reading_rejects_invalid_amounts[amount2]" time="0.001" /><testcase classname="tests.unit.domain.audit.test_weights" name="test_weight_reading_requires_original_text" time="0.001" /><testcase classname="tests.unit.domain.audit.test_weights" name="test_kilograms_convert_to_exact_tonnes" time="0.063" /><testcase classname="tests.unit.domain.audit.test_weights" name="test_tonnes_are_not_scaled_during_normalization" time="0.000" /><testcase classname="tests.unit.domain.audit.test_weights" name="test_values_requiring_rounding_have_no_automatic_comparison_value" time="0.000" /><testcase classname="tests.unit.domain.audit.test_weights" name="test_weight_policy_is_fixed_to_two_decimal_places" time="0.001" /><testcase classname="tests.unit.domain.audit.test_weights" name="test_comparison_uses_normalized_two_decimal_values" time="0.001" /><testcase classname="tests.unit.domain.audit.test_weights" name="test_comparison_has_no_business_tolerance" time="0.000" /></testsuite></testsuites>