<?xml version="1.0" encoding="utf-8"?><testsuites name="pytest tests"><testsuite name="pytest" errors="2" failures="0" skipped="0" tests="2" time="0.394" timestamp="2026-07-25T13:23:37.497212+08:00" hostname="ProArtJH"><testcase classname="" name="tests.unit.jobs.test_action_matrix" time="0.000"><error message="collection failure">ImportError while importing test module 'C:\Users\aya72\OneDrive\Desktop\AI开发\DaHe\tests\unit\jobs\test_action_matrix.py'.
Hint: make sure your test modules/packages have valid Python names.
Traceback:
..\..\..\..\AppData\Local\Programs\Python\Python312\Lib\importlib\__init__.py:90: in import_module
    return _bootstrap._gcd_import(name[level:], package, level)
           ^^^^^^^^^^^^^^^^^^^^^^^^^^^^^^^^^^^^^^^^^^^^^^^^^^^^
tests\unit\jobs\test_action_matrix.py:3: in &lt;module&gt;
    from dahe.jobs.actions import JobActionFacts, build_action_matrix
E   ModuleNotFoundError: No module named 'dahe.jobs'</error></testcase><testcase classname="" name="tests.integration.test_loop2_api" time="0.000"><error message="collection failure">ImportError while importing test module 'C:\Users\aya72\OneDrive\Desktop\AI开发\DaHe\tests\integration\test_loop2_api.py'.
Hint: make sure your test modules/packages have valid Python names.
Traceback:
..\..\..\..\AppData\Local\Programs\Python\Python312\Lib\importlib\__init__.py:90: in import_module
    return _bootstrap._gcd_import(name[level:], package, level)
           ^^^^^^^^^^^^^^^^^^^^^^^^^^^^^^^^^^^^^^^^^^^^^^^^^^^^
tests\integration\test_loop2_api.py:11: in &lt;module&gt;
    from dahe.api.app import create_app
E   ModuleNotFoundError: No module named 'dahe.api'</error></testcase></testsuite></testsuites>