<?xml version="1.0" encoding="utf-8"?><testsuites name="pytest tests"><testsuite name="pytest" errors="0" failures="0" skipped="1" tests="150" time="7.288" timestamp="2026-07-25T22:36:43.882784+08:00" hostname="local-windows-host"><testcase classname="tests.contract.test_loop6_ocr_protocol" name="test_extract_command_contains_only_independent_image_evidence" time="0.001" /><testcase classname="tests.contract.test_loop6_ocr_protocol" name="test_protocol_rejects_platform_or_expected_value_fields[expected_weight]" time="0.000" /><testcase classname="tests.contract.test_loop6_ocr_protocol" name="test_protocol_rejects_platform_or_expected_value_fields[platform_weight]" time="0.000" /><testcase classname="tests.contract.test_loop6_ocr_protocol" name="test_protocol_rejects_platform_or_expected_value_fields[platform_loading_net]" time="0.000" /><testcase classname="tests.contract.test_loop6_ocr_protocol" name="test_protocol_rejects_platform_or_expected_value_fields[platform_unloading_net]" time="0.000" /><testcase classname="tests.contract.test_loop6_ocr_protocol" name="test_protocol_rejects_platform_or_expected_value_fields[upload_slot]" time="0.000" /><testcase classname="tests.contract.test_loop6_ocr_protocol" name="test_protocol_rejects_platform_or_expected_value_fields[candidate_weight]" time="0.000" /><testcase classname="tests.contract.test_loop6_ocr_protocol" name="test_protocol_rejects_absolute_or_escaping_image_paths[%SYNTHETIC_USERPROFILE%\\ticket.png]" time="0.000" /><testcase classname="tests.contract.test_loop6_ocr_protocol" name="test_protocol_rejects_absolute_or_escaping_image_paths[/evidence/ticket.png]" time="0.000" /><testcase classname="tests.contract.test_loop6_ocr_protocol" name="test_protocol_rejects_absolute_or_escaping_image_paths[../ticket.png]" time="0.000" /><testcase classname="tests.contract.test_loop6_ocr_protocol" name="test_protocol_rejects_absolute_or_escaping_image_paths[evidence/../../ticket.png]" time="0.000" /><testcase classname="tests.contract.test_loop6_ocr_protocol" name="test_protocol_rejects_absolute_or_escaping_image_paths[evidence\\..\\ticket.png]" time="0.000" /><testcase classname="tests.contract.test_loop6_ocr_protocol" name="test_protocol_rejects_absolute_or_escaping_image_paths[//server/share/ticket.png]" time="0.000" /><testcase classname="tests.contract.test_loop6_ocr_protocol" name="test_result_parser_rejects_malformed_or_oversized_ndjson" time="0.001" /><testcase classname="tests.contract.test_loop6_ocr_protocol" name="test_command_serialization_rejects_non_utf8_or_oversized_values" time="0.000" /><testcase classname="tests.contract.test_loop6_ocr_protocol" name="test_result_parser_requires_correlation_and_exact_schema" time="0.001" /><testcase classname="tests.contract.test_loop6_ocr_protocol" name="test_worker_protocol_schema_and_source_do_not_define_forbidden_inputs" time="0.003" /><testcase classname="tests.contract.test_loop6_protocol_conformance" name="test_main_schema_and_worker_accept_the_same_valid_commands[_extract_payload]" time="0.003" /><testcase classname="tests.contract.test_loop6_protocol_conformance" name="test_main_schema_and_worker_accept_the_same_valid_commands[_hello_payload]" time="0.002" /><testcase classname="tests.contract.test_loop6_protocol_conformance" name="test_main_schema_and_worker_reject_the_same_invalid_commands[unexpected-True]" time="0.002" /><testcase classname="tests.contract.test_loop6_protocol_conformance" name="test_main_schema_and_worker_reject_the_same_invalid_commands[protocol_version-2]" time="0.002" /><testcase classname="tests.contract.test_loop6_protocol_conformance" name="test_main_schema_and_worker_reject_the_same_invalid_commands[operation-settle]" time="0.002" /><testcase classname="tests.contract.test_loop6_protocol_conformance" name="test_main_schema_and_worker_reject_the_same_invalid_commands[relative_path-../ticket.png]" time="0.002" /><testcase classname="tests.contract.test_loop6_protocol_conformance" name="test_main_schema_and_worker_reject_the_same_invalid_commands[image_sha256-None]" time="0.003" /><testcase classname="tests.contract.test_loop6_protocol_conformance" name="test_main_schema_and_worker_reject_the_same_invalid_commands[command_id-xxxxxxxxxxxxxxxxxxxxxxxxxxxxxxxxxxxxxxxxxxxxxxxxxxxxxxxxxxxxxxxxxxxxxxxxxxxxxxxxxxxxxxxxxxxxxxxxxxxxxxxxxxxxxxxxxxxxxxxxxxxxxxxxx]" time="0.002" /><testcase classname="tests.contract.test_loop6_protocol_conformance" name="test_main_schema_and_worker_reject_the_same_invalid_commands[profile_id-xxxxxxxxxxxxxxxxxxxxxxxxxxxxxxxxxxxxxxxxxxxxxxxxxxxxxxxxxxxxxxxxxxxxxxxxxxxxxxxxxxxxxxxxxxxxxxxxxxxxxxxxxxxxxxxxxxxxxxxxxxxxxxxxx]" time="0.002" /><testcase classname="tests.contract.test_loop6_protocol_conformance" name="test_main_schema_and_worker_reject_the_same_invalid_commands[relative_path-xxxxxxxxxxxxxxxxxxxxxxxxxxxxxxxxxxxxxxxxxxxxxxxxxxxxxxxxxxxxxxxxxxxxxxxxxxxxxxxxxxxxxxxxxxxxxxxxxxxxxxxxxxxxxxxxxxxxxxxxxxxxxxxxxxxxxxxxxxxxxxxxxxxxxxxxxxxxxxxxxxxxxxxxxxxxxxxxxxxxxxxxxxxxxxxxxxxxxxxxxxxxxxxxxxxxxxxxxxxxxxxxxxxxxxxxxxxxxxxxxxxxxxxxxxxxxxxxxxxxxxxxxxxxxxxxxxxxxxxxxxxxxxxxxxxxxxxxxxxxxxxxxxxxxxxxxxxxxxxxxxxxxxxxxxxxxxxxxxxxxxxxxxxxxxxxxxxxxxxxxxxxxxxxxxxxxxxxxxxxxxxxxxxxxxxxxxxxxxxxxxxxxxxxxxxxxxxxxxxxxxxxxxxxxxxxxxxxxxxxxxxxxxxxxxxxxxxxxxxxxxxxxxxxxxxxxxxxxxxxxxxxxxxxxxxxxxxxxxxxxxxxxxxxxxxxx]" time="0.003" /><testcase classname="tests.contract.test_loop6_protocol_conformance" name="test_three_protocol_surfaces_share_limits_and_fields" time="0.002" /><testcase classname="tests.contract.test_loop6_protocol_conformance" name="test_worker_wire_decoder_rejects_invalid_utf8_or_unterminated_commands" time="0.002" /><testcase classname="tests.contract.test_loop6_protocol_conformance" name="test_main_result_schema_and_worker_serializer_share_one_bounded_contract" time="0.004" /><testcase classname="tests.contract.test_loop6_runtime_isolation" name="test_main_application_lock_remains_free_of_ocr_binary_packages" time="0.001" /><testcase classname="tests.contract.test_loop6_runtime_isolation" name="test_cpu_and_gpu_locks_are_separate_and_mutually_exclusive" time="0.001" /><testcase classname="tests.contract.test_loop6_runtime_isolation" name="test_runtime_layout_is_portable_and_not_committed" time="0.001" /><testcase classname="tests.contract.test_loop6_runtime_isolation" name="test_normal_worker_startup_has_no_model_download_fallback" time="0.001" /><testcase classname="tests.integration.test_loop6_ndjson_worker" name="test_supervised_worker_round_trip_and_clean_shutdown" time="0.070" /><testcase classname="tests.integration.test_loop6_ndjson_worker" name="test_worker_hello_and_heartbeat_bind_one_worker_identity" time="0.062" /><testcase classname="tests.integration.test_loop6_ndjson_worker" name="test_worker_crash_timeout_and_malformed_output_are_distinct" time="0.248" /><testcase classname="tests.integration.test_loop6_persistent_ocr_scheduler" name="test_gateway_output_fingerprint_excludes_worker_session_noise" time="0.063" /><testcase classname="tests.integration.test_loop6_persistent_ocr_scheduler" name="test_gpu_only_policy_does_not_queue_an_unavailable_cpu_fallback" time="0.223" /><testcase classname="tests.integration.test_loop6_persistent_ocr_scheduler" name="test_backend_presence_never_routes_fake_pipeline_ids_to_local_protocol" time="0.201" /><testcase classname="tests.integration.test_loop6_persistent_ocr_scheduler" name="test_explicit_local_job_fails_as_system_error_without_composed_runtime" time="0.143" /><testcase classname="tests.integration.test_loop6_persistent_ocr_scheduler" name="test_second_gpu_image_failure_releases_gpu_and_cpu_restarts_both_images" time="0.354" /><testcase classname="tests.integration.test_loop6_persistent_ocr_scheduler" name="test_two_jobs_share_each_runtime_aware_image_artifact_once" time="0.294" /><testcase classname="tests.integration.test_loop6_persistent_ocr_scheduler" name="test_pending_ocr_does_not_block_other_job_and_cancel_waits_for_safe_boundary" time="0.391" /><testcase classname="tests.integration.test_loop6_persistent_ocr_scheduler" name="test_pause_waits_for_image_checkpoint_and_resume_does_not_redownload" time="0.667" /><testcase classname="tests.integration.test_loop6_persistent_ocr_scheduler" name="test_stale_ocr_lease_cannot_commit_worker_result" time="0.824" /><testcase classname="tests.integration.test_loop6_persistent_ocr_scheduler" name="test_cpu_technical_failure_is_failed_not_human_review" time="0.431" /><testcase classname="tests.integration.test_loop6_worker_orphan" name="test_parent_crash_stops_its_owned_ndjson_worker" time="0.130" /><testcase classname="tests.unit.ocr.test_bootstrap_atomic_activation" name="test_managed_path_must_be_a_child_of_runtime_root" time="0.007" /><testcase classname="tests.unit.ocr.test_bootstrap_atomic_activation" name="test_gpu_only_partial_upgrade_is_rejected" time="0.001" /><testcase classname="tests.unit.ocr.test_bootstrap_atomic_activation" name="test_cpu_partial_upgrade_cannot_drop_an_active_gpu" time="0.006" /><testcase classname="tests.unit.ocr.test_bootstrap_atomic_activation" name="test_failed_model_provisioning_never_mutates_active_models" time="0.014" /><testcase classname="tests.unit.ocr.test_bootstrap_atomic_activation" name="test_qualification_must_bind_every_runtime_in_generation" time="0.004" /><testcase classname="tests.unit.ocr.test_bootstrap_atomic_activation" name="test_bootstrap_publishes_one_complete_mocked_composition" time="0.066" /><testcase classname="tests.unit.ocr.test_bootstrap_atomic_activation" name="test_bootstrap_smoke_failure_leaves_no_partial_active_pointer" time="0.016" /><testcase classname="tests.unit.ocr.test_bootstrap_atomic_activation" name="test_candidate_qualification_publishes_requested_gpu_profile" time="0.002" /><testcase classname="tests.unit.ocr.test_device_discovery" name="test_nvidia_csv_uses_uuid_as_stable_identity_and_index_as_ephemeral" time="0.001" /><testcase classname="tests.unit.ocr.test_device_discovery" name="test_same_uuid_can_map_to_a_different_index_after_restart" time="0.001" /><testcase classname="tests.unit.ocr.test_device_discovery" name="test_discovery_returns_empty_when_nvidia_smi_is_absent" time="0.001" /><testcase classname="tests.unit.ocr.test_device_discovery" name="test_discovery_classifies_timeout_without_guessing_devices" time="0.001" /><testcase classname="tests.unit.ocr.test_device_discovery" name="test_malformed_device_rows_are_rejected[0, , NVIDIA RTX Example, 8192 MiB, 610.62, 8.9]" time="0.001" /><testcase classname="tests.unit.ocr.test_device_discovery" name="test_malformed_device_rows_are_rejected[gpu-zero, GPU-a, NVIDIA RTX Example, 8192 MiB, 610.62, 8.9]" time="0.001" /><testcase classname="tests.unit.ocr.test_device_discovery" name="test_malformed_device_rows_are_rejected[0, GPU-a, NVIDIA RTX Example, unknown, 610.62, 8.9]" time="0.001" /><testcase classname="tests.unit.ocr.test_device_discovery" name="test_malformed_device_rows_are_rejected[0, GPU-a, NVIDIA RTX Example, 8192 MiB, 610.62]" time="0.001" /><testcase classname="tests.unit.ocr.test_model_provisioning_staging" name="test_model_provisioning_can_only_create_a_new_managed_staging_cache" time="0.009" /><testcase classname="tests.unit.ocr.test_model_provisioning_staging" name="test_model_provisioning_rejects_active_or_unmanaged_targets[model-cache]" time="0.005" /><testcase classname="tests.unit.ocr.test_model_provisioning_staging" name="test_model_provisioning_rejects_active_or_unmanaged_targets[.model-staging-invalid]" time="0.005" /><testcase classname="tests.unit.ocr.test_model_provisioning_staging" name="test_model_provisioning_rejects_preexisting_staging_content" time="0.005" /><testcase classname="tests.unit.ocr.test_profile_registry" name="test_registry_loads_only_current_fully_matching_profiles" time="0.006" /><testcase classname="tests.unit.ocr.test_profile_registry" name="test_registry_rejects_stale_or_unsafe_gpu_qualification[mutation0-driver]" time="0.006" /><testcase classname="tests.unit.ocr.test_profile_registry" name="test_registry_rejects_stale_or_unsafe_gpu_qualification[mutation1-worker]" time="0.006" /><testcase classname="tests.unit.ocr.test_profile_registry" name="test_registry_rejects_stale_or_unsafe_gpu_qualification[mutation2-model]" time="0.006" /><testcase classname="tests.unit.ocr.test_profile_registry" name="test_registry_rejects_stale_or_unsafe_gpu_qualification[mutation3-memory]" time="0.006" /><testcase classname="tests.unit.ocr.test_profile_registry" name="test_registry_rejects_tampered_runtime_profile_identity[precision-fp32]" time="0.006" /><testcase classname="tests.unit.ocr.test_profile_registry" name="test_registry_rejects_tampered_runtime_profile_identity[batch_size-1]" time="0.007" /><testcase classname="tests.unit.ocr.test_profile_registry" name="test_registry_rejects_tampered_runtime_profile_identity[profile_id-gpu-tampered-profile]" time="0.006" /><testcase classname="tests.unit.ocr.test_profile_registry" name="test_registry_rejects_tampered_runtime_profile_identity[runtime_fingerprint-9999999999999999999999999999999999999999999999999999999999999999]" time="0.006" /><testcase classname="tests.unit.ocr.test_profile_registry" name="test_registry_rejects_nonportable_cpu_profile" time="0.007" /><testcase classname="tests.unit.ocr.test_profile_registry" name="test_registry_rejects_old_or_single_image_qualification" time="0.007" /><testcase classname="tests.unit.ocr.test_profile_registry" name="test_registry_binds_each_difference_item_to_the_qualified_images" time="0.007" /><testcase classname="tests.unit.ocr.test_profiles_and_fingerprints" name="test_auto_prefers_only_a_qualified_gpu_and_keeps_cpu_fallback" time="0.001" /><testcase classname="tests.unit.ocr.test_profiles_and_fingerprints" name="test_auto_uses_cpu_when_gpu_is_unavailable_or_failed_smoke" time="0.001" /><testcase classname="tests.unit.ocr.test_profiles_and_fingerprints" name="test_cpu_must_be_qualified_even_when_gpu_exists" time="0.001" /><testcase classname="tests.unit.ocr.test_profiles_and_fingerprints" name="test_cpu_only_never_selects_or_starts_gpu" time="0.001" /><testcase classname="tests.unit.ocr.test_profiles_and_fingerprints" name="test_device_profile_never_persists_a_gpu_index" time="0.001" /><testcase classname="tests.unit.ocr.test_profiles_and_fingerprints" name="test_device_profile_requires_a_stable_id_only_for_gpu" time="0.001" /><testcase classname="tests.unit.ocr.test_profiles_and_fingerprints" name="test_runtime_fingerprint_changes_for_lock_model_profile_or_device" time="0.001" /><testcase classname="tests.unit.ocr.test_profiles_and_fingerprints" name="test_pipeline_fingerprint_includes_runtime_and_template_versions" time="0.001" /><testcase classname="tests.unit.ocr.test_runtime_factory" name="test_factory_builds_qualified_gpu_and_cpu_fallback_with_handshake" time="0.101" /><testcase classname="tests.unit.ocr.test_runtime_factory" name="test_factory_uses_the_atomic_active_composition_pointer" time="0.099" /><testcase classname="tests.unit.ocr.test_runtime_factory" name="test_factory_rejects_complete_legacy_layout_without_active_pointer" time="0.073" /><testcase classname="tests.unit.ocr.test_runtime_factory" name="test_factory_honors_cpu_only_without_starting_gpu" time="0.087" /><testcase classname="tests.unit.ocr.test_runtime_factory" name="test_factory_honors_preferred_stable_device_and_disables_fallback" time="0.097" /><testcase classname="tests.unit.ocr.test_runtime_factory" name="test_factory_does_not_substitute_an_unselected_gpu" time="0.094" /><testcase classname="tests.unit.ocr.test_runtime_factory" name="test_factory_recomputes_source_contract_hashes[lock]" time="0.103" /><testcase classname="tests.unit.ocr.test_runtime_factory" name="test_factory_recomputes_source_contract_hashes[worker]" time="0.089" /><testcase classname="tests.unit.ocr.test_runtime_factory" name="test_factory_rejects_installed_worker_source_drift_before_launch" time="0.093" /><testcase classname="tests.unit.ocr.test_runtime_factory" name="test_factory_rejects_inventory_or_model_drift_before_starting_workers" time="0.187" /><testcase classname="tests.unit.ocr.test_runtime_factory" name="test_factory_closes_started_worker_when_later_hello_fails" time="0.106" /><testcase classname="tests.unit.ocr.test_runtime_inventory" name="test_exact_lock_and_inventory_must_match_without_stale_packages" time="0.006" /><testcase classname="tests.unit.ocr.test_runtime_inventory" name="test_cpu_and_gpu_inventory_reject_cross_installed_paddle" time="0.001" /><testcase classname="tests.unit.ocr.test_runtime_layout" name="test_legacy_layout_is_read_only_compatibility_when_pointer_is_absent" time="0.010" /><testcase classname="tests.unit.ocr.test_runtime_layout" name="test_activation_is_one_atomic_pointer_after_a_complete_generation" time="0.059" /><testcase classname="tests.unit.ocr.test_runtime_layout" name="test_failed_candidate_does_not_change_the_previous_pointer" time="0.053" /><testcase classname="tests.unit.ocr.test_runtime_layout" name="test_pointer_and_manifest_hashes_are_fail_closed" time="0.040" /><testcase classname="tests.unit.ocr.test_runtime_layout" name="test_generation_rejects_unexpected_top_level_content" time="0.032" /><testcase classname="tests.unit.ocr.test_runtime_layout" name="test_pointer_cannot_escape_the_managed_generation_path" time="0.007" /><testcase classname="tests.unit.ocr.test_runtime_layout" name="test_generation_parent_link_is_rejected" time="0.018"><skipped type="pytest.skip" message="Windows symlink creation requires an unavailable privilege">%USERPROFILE%\OneDrive\Desktop\AI开发\DaHe\tests\unit\ocr\test_runtime_layout.py:197: Windows symlink creation requires an unavailable privilege</skipped></testcase><testcase classname="tests.unit.ocr.test_runtime_paths" name="test_ascii_repository_uses_ignored_local_runtime_by_default" time="0.001" /><testcase classname="tests.unit.ocr.test_runtime_paths" name="test_unicode_repository_falls_back_to_ascii_local_app_install_root" time="0.001" /><testcase classname="tests.unit.ocr.test_runtime_paths" name="test_explicit_unicode_runtime_root_is_rejected_on_windows" time="0.001" /><testcase classname="tests.unit.ocr.test_runtime_paths" name="test_no_portable_windows_root_requires_manual_selection" time="0.001" /><testcase classname="tests.unit.ocr.test_source_fingerprint" name="test_worker_source_hash_ignores_interpreter_cache_files" time="0.013" /><testcase classname="tests.unit.ocr.test_source_fingerprint" name="test_installed_worker_hash_uses_package_inside_the_selected_runtime" time="0.016" /><testcase classname="tests.unit.ocr.test_source_fingerprint" name="test_installed_worker_package_must_remain_inside_its_runtime" time="0.007" /><testcase classname="tests.unit.ocr.test_source_fingerprint" name="test_qualification_rejects_installed_worker_source_drift" time="0.008" /><testcase classname="tests.unit.ocr.test_waybill_fallback_and_diff" name="test_authoritative_error_contract_allows_expected_gpu_fallbacks[no_gpu]" time="0.000" /><testcase classname="tests.unit.ocr.test_waybill_fallback_and_diff" name="test_authoritative_error_contract_allows_expected_gpu_fallbacks[driver_incompatible]" time="0.001" /><testcase classname="tests.unit.ocr.test_waybill_fallback_and_diff" name="test_authoritative_error_contract_allows_expected_gpu_fallbacks[insufficient_memory]" time="0.001" /><testcase classname="tests.unit.ocr.test_waybill_fallback_and_diff" name="test_authoritative_error_contract_allows_expected_gpu_fallbacks[out_of_memory]" time="0.001" /><testcase classname="tests.unit.ocr.test_waybill_fallback_and_diff" name="test_authoritative_error_contract_allows_expected_gpu_fallbacks[worker_crashed]" time="0.001" /><testcase classname="tests.unit.ocr.test_waybill_fallback_and_diff" name="test_authoritative_error_contract_allows_expected_gpu_fallbacks[worker_timeout]" time="0.001" /><testcase classname="tests.unit.ocr.test_waybill_fallback_and_diff" name="test_authoritative_error_contract_allows_expected_gpu_fallbacks[smoke_failed]" time="0.001" /><testcase classname="tests.unit.ocr.test_waybill_fallback_and_diff" name="test_authoritative_error_contract_rejects_unsafe_gpu_fallbacks[evidence_mismatch]" time="0.001" /><testcase classname="tests.unit.ocr.test_waybill_fallback_and_diff" name="test_authoritative_error_contract_rejects_unsafe_gpu_fallbacks[model_manifest_invalid]" time="0.001" /><testcase classname="tests.unit.ocr.test_waybill_fallback_and_diff" name="test_authoritative_error_contract_rejects_unsafe_gpu_fallbacks[protocol_error]" time="0.001" /><testcase classname="tests.unit.ocr.test_waybill_fallback_and_diff" name="test_authoritative_error_contract_rejects_unsafe_gpu_fallbacks[runtime_missing]" time="0.001" /><testcase classname="tests.unit.ocr.test_waybill_fallback_and_diff" name="test_runtime_difference_report_is_per_image_and_critical_field_aware" time="0.001" /><testcase classname="tests.unit.ocr.test_worker_engine_contract" name="test_paddle_output_arrays_must_be_sequences_with_equal_lengths[payload0]" time="0.008" /><testcase classname="tests.unit.ocr.test_worker_engine_contract" name="test_paddle_output_arrays_must_be_sequences_with_equal_lengths[payload1]" time="0.006" /><testcase classname="tests.unit.ocr.test_worker_engine_contract" name="test_paddle_output_arrays_must_be_sequences_with_equal_lengths[payload2]" time="0.007" /><testcase classname="tests.unit.ocr.test_worker_engine_contract" name="test_paddle_output_arrays_accept_one_aligned_prediction" time="0.006" /><testcase classname="tests.unit.ocr.test_worker_engine_contract" name="test_worker_decodes_the_captured_bytes_without_a_source_path" time="0.007" /><testcase classname="tests.unit.ocr.test_worker_engine_contract" name="test_worker_rejects_captured_image_above_the_pixel_limit" time="0.006" /><testcase classname="tests.unit.ocr.test_worker_image_contract" name="test_worker_resolves_hashed_images_below_the_limit_in_a_unicode_data_root" time="0.028" /><testcase classname="tests.unit.ocr.test_worker_image_contract" name="test_worker_ocr_input_remains_the_bytes_that_were_hashed" time="0.032" /><testcase classname="tests.unit.ocr.test_worker_image_contract" name="test_worker_rejects_an_image_above_the_byte_limit_before_ocr" time="0.017" /><testcase classname="tests.unit.ocr.test_worker_image_contract" name="test_worker_exits_after_one_inference_failure" time="0.030" /><testcase classname="tests.unit.ocr.test_worker_model_manifest" name="test_model_manifest_accepts_only_the_exact_declared_file_set" time="0.019" /><testcase classname="tests.unit.ocr.test_worker_model_manifest" name="test_model_manifest_rejects_extra_missing_or_changed_files[extra]" time="0.022" /><testcase classname="tests.unit.ocr.test_worker_model_manifest" name="test_model_manifest_rejects_extra_missing_or_changed_files[missing]" time="0.012" /><testcase classname="tests.unit.ocr.test_worker_model_manifest" name="test_model_manifest_rejects_extra_missing_or_changed_files[changed]" time="0.015" /><testcase classname="tests.unit.ocr.test_worker_model_manifest" name="test_model_manifest_rejects_hard_linked_model_files" time="0.019" /><testcase classname="tests.unit.ocr.test_worker_model_manifest" name="test_model_manifest_rejects_reparse_or_symbolic_paths_without_following_them" time="0.014" /><testcase classname="tests.unit.ocr.test_worker_offline_guard" name="test_worker_python_network_guard_denies_resolution_and_connections" time="0.003" /><testcase classname="tests.unit.system.test_ocr_process_environment" name="test_ocr_child_environment_is_whitelisted_and_offline" time="0.007" /><testcase classname="tests.unit.system.test_ocr_process_environment" name="test_ocr_child_environment_rejects_unapproved_overrides" time="0.007" /><testcase classname="tests.unit.system.test_server_ocr_composition" name="test_app_builds_backend_only_after_database_migration" time="0.273" /><testcase classname="tests.unit.system.test_server_ocr_composition" name="test_standard_console_composes_verified_local_ocr_backend" time="0.003" /><testcase classname="tests.unit.system.test_server_ocr_composition" name="test_protected_fake_fixture_console_does_not_start_local_workers" time="0.003" /></testsuite></testsuites>