<?xml version="1.0" encoding="utf-8"?><testsuites name="pytest tests"><testsuite name="pytest" errors="0" failures="0" skipped="2" tests="526" time="28.994" timestamp="2026-07-25T22:35:21.005415+08:00" hostname="local-windows-host"><properties><property name="hypothesis-statistics-tests/unit/domain/audit/test_weights.py::test_kilograms_convert_to_exact_tonnes" value="dGVzdHMvdW5pdC9kb21haW4vYXVkaXQvdGVzdF93ZWlnaHRzLnB5Ojp0ZXN0X2tpbG9ncmFtc19jb252ZXJ0X3RvX2V4YWN0X3Rvbm5lczoKCiAgLSBkdXJpbmcgZ2VuZXJhdGUgcGhhc2UgKDAuMjUgc2Vjb25kcyk6CiAgICAtIFR5cGljYWwgcnVudGltZXM6IDwgMW1zLCBvZiB3aGljaCA8IDFtcyBpbiBkYXRhIGdlbmVyYXRpb24KICAgIC0gMTAwIHBhc3NpbmcsIDAgZmFpbGluZywgYW5kIDAgaW52YWxpZCB0ZXN0IGNhc2VzCgogIC0gU3RvcHBlZCBiZWNhdXNlIHNldHRpbmdzLm1heF9leGFtcGxlcz0xMDA=" /></properties><testcase classname="tests.contract.test_bootstrap_safety" name="test_startup_check_writes_only_below_explicit_test_root" time="0.025" /><testcase classname="tests.contract.test_bootstrap_safety" name="test_startup_check_never_opens_outbound_connection" time="0.018" /><testcase classname="tests.contract.test_bootstrap_safety" name="test_project_entry_rejects_non_project_python" time="0.001" /><testcase classname="tests.contract.test_loop5_frozen_contract" name="test_manifest_freezes_one_synthetic_origin_and_exact_read_operations" time="0.005" /><testcase classname="tests.contract.test_loop5_frozen_contract" name="test_loading_manifest_verifies_every_declared_fixture_hash" time="0.021" /><testcase classname="tests.contract.test_loop5_frozen_contract" name="test_synthetic_contract_contains_no_credentials_or_production_markers" time="0.010" /><testcase classname="tests.contract.test_loop5_frozen_contract" name="test_frozen_adapter_replays_list_details_and_images_without_socket_access" time="0.010" /><testcase classname="tests.contract.test_loop5_frozen_contract" name="test_normal_application_cannot_enable_or_expose_real_platform_access" time="0.240" /><testcase classname="tests.contract.test_loop5_no_platform_write_surface" name="test_public_connector_operation_enum_contains_only_frozen_read_operations" time="0.000" /><testcase classname="tests.contract.test_loop5_no_platform_write_surface" name="test_connector_command_rejects_unknown_and_financial_write_operations" time="0.000" /><testcase classname="tests.contract.test_loop5_no_platform_write_surface" name="test_openapi_has_no_financial_or_generic_platform_write_route" time="0.173" /><testcase classname="tests.contract.test_loop5_no_platform_write_surface" name="test_frozen_adapter_has_no_generic_request_or_platform_write_method" time="0.001" /><testcase classname="tests.contract.test_loop6_ocr_protocol" name="test_extract_command_contains_only_independent_image_evidence" time="0.001" /><testcase classname="tests.contract.test_loop6_ocr_protocol" name="test_protocol_rejects_platform_or_expected_value_fields[expected_weight]" time="0.001" /><testcase classname="tests.contract.test_loop6_ocr_protocol" name="test_protocol_rejects_platform_or_expected_value_fields[platform_weight]" time="0.000" /><testcase classname="tests.contract.test_loop6_ocr_protocol" name="test_protocol_rejects_platform_or_expected_value_fields[platform_loading_net]" time="0.000" /><testcase classname="tests.contract.test_loop6_ocr_protocol" name="test_protocol_rejects_platform_or_expected_value_fields[platform_unloading_net]" time="0.001" /><testcase classname="tests.contract.test_loop6_ocr_protocol" name="test_protocol_rejects_platform_or_expected_value_fields[upload_slot]" time="0.001" /><testcase classname="tests.contract.test_loop6_ocr_protocol" name="test_protocol_rejects_platform_or_expected_value_fields[candidate_weight]" time="0.001" /><testcase classname="tests.contract.test_loop6_ocr_protocol" name="test_protocol_rejects_absolute_or_escaping_image_paths[%SYNTHETIC_USERPROFILE%\\ticket.png]" time="0.001" /><testcase classname="tests.contract.test_loop6_ocr_protocol" name="test_protocol_rejects_absolute_or_escaping_image_paths[/evidence/ticket.png]" time="0.001" /><testcase classname="tests.contract.test_loop6_ocr_protocol" name="test_protocol_rejects_absolute_or_escaping_image_paths[../ticket.png]" time="0.001" /><testcase classname="tests.contract.test_loop6_ocr_protocol" name="test_protocol_rejects_absolute_or_escaping_image_paths[evidence/../../ticket.png]" time="0.000" /><testcase classname="tests.contract.test_loop6_ocr_protocol" name="test_protocol_rejects_absolute_or_escaping_image_paths[evidence\\..\\ticket.png]" time="0.001" /><testcase classname="tests.contract.test_loop6_ocr_protocol" name="test_protocol_rejects_absolute_or_escaping_image_paths[//server/share/ticket.png]" time="0.001" /><testcase classname="tests.contract.test_loop6_ocr_protocol" name="test_result_parser_rejects_malformed_or_oversized_ndjson" time="0.002" /><testcase classname="tests.contract.test_loop6_ocr_protocol" name="test_command_serialization_rejects_non_utf8_or_oversized_values" time="0.001" /><testcase classname="tests.contract.test_loop6_ocr_protocol" name="test_result_parser_requires_correlation_and_exact_schema" time="0.001" /><testcase classname="tests.contract.test_loop6_ocr_protocol" name="test_worker_protocol_schema_and_source_do_not_define_forbidden_inputs" time="0.005" /><testcase classname="tests.contract.test_loop6_protocol_conformance" name="test_main_schema_and_worker_accept_the_same_valid_commands[_extract_payload]" time="0.006" /><testcase classname="tests.contract.test_loop6_protocol_conformance" name="test_main_schema_and_worker_accept_the_same_valid_commands[_hello_payload]" time="0.004" /><testcase classname="tests.contract.test_loop6_protocol_conformance" name="test_main_schema_and_worker_reject_the_same_invalid_commands[unexpected-True]" time="0.004" /><testcase classname="tests.contract.test_loop6_protocol_conformance" name="test_main_schema_and_worker_reject_the_same_invalid_commands[protocol_version-2]" time="0.005" /><testcase classname="tests.contract.test_loop6_protocol_conformance" name="test_main_schema_and_worker_reject_the_same_invalid_commands[operation-settle]" time="0.004" /><testcase classname="tests.contract.test_loop6_protocol_conformance" name="test_main_schema_and_worker_reject_the_same_invalid_commands[relative_path-../ticket.png]" time="0.005" /><testcase classname="tests.contract.test_loop6_protocol_conformance" name="test_main_schema_and_worker_reject_the_same_invalid_commands[image_sha256-None]" time="0.005" /><testcase classname="tests.contract.test_loop6_protocol_conformance" name="test_main_schema_and_worker_reject_the_same_invalid_commands[command_id-xxxxxxxxxxxxxxxxxxxxxxxxxxxxxxxxxxxxxxxxxxxxxxxxxxxxxxxxxxxxxxxxxxxxxxxxxxxxxxxxxxxxxxxxxxxxxxxxxxxxxxxxxxxxxxxxxxxxxxxxxxxxxxxxx]" time="0.005" /><testcase classname="tests.contract.test_loop6_protocol_conformance" name="test_main_schema_and_worker_reject_the_same_invalid_commands[profile_id-xxxxxxxxxxxxxxxxxxxxxxxxxxxxxxxxxxxxxxxxxxxxxxxxxxxxxxxxxxxxxxxxxxxxxxxxxxxxxxxxxxxxxxxxxxxxxxxxxxxxxxxxxxxxxxxxxxxxxxxxxxxxxxxxx]" time="0.005" /><testcase classname="tests.contract.test_loop6_protocol_conformance" name="test_main_schema_and_worker_reject_the_same_invalid_commands[relative_path-xxxxxxxxxxxxxxxxxxxxxxxxxxxxxxxxxxxxxxxxxxxxxxxxxxxxxxxxxxxxxxxxxxxxxxxxxxxxxxxxxxxxxxxxxxxxxxxxxxxxxxxxxxxxxxxxxxxxxxxxxxxxxxxxxxxxxxxxxxxxxxxxxxxxxxxxxxxxxxxxxxxxxxxxxxxxxxxxxxxxxxxxxxxxxxxxxxxxxxxxxxxxxxxxxxxxxxxxxxxxxxxxxxxxxxxxxxxxxxxxxxxxxxxxxxxxxxxxxxxxxxxxxxxxxxxxxxxxxxxxxxxxxxxxxxxxxxxxxxxxxxxxxxxxxxxxxxxxxxxxxxxxxxxxxxxxxxxxxxxxxxxxxxxxxxxxxxxxxxxxxxxxxxxxxxxxxxxxxxxxxxxxxxxxxxxxxxxxxxxxxxxxxxxxxxxxxxxxxxxxxxxxxxxxxxxxxxxxxxxxxxxxxxxxxxxxxxxxxxxxxxxxxxxxxxxxxxxxxxxxxxxxxxxxxxxxxxxxxxxxxxxxxxxxxxxxx]" time="0.005" /><testcase classname="tests.contract.test_loop6_protocol_conformance" name="test_three_protocol_surfaces_share_limits_and_fields" time="0.005" /><testcase classname="tests.contract.test_loop6_protocol_conformance" name="test_worker_wire_decoder_rejects_invalid_utf8_or_unterminated_commands" time="0.004" /><testcase classname="tests.contract.test_loop6_protocol_conformance" name="test_main_result_schema_and_worker_serializer_share_one_bounded_contract" time="0.006" /><testcase classname="tests.contract.test_loop6_runtime_isolation" name="test_main_application_lock_remains_free_of_ocr_binary_packages" time="0.001" /><testcase classname="tests.contract.test_loop6_runtime_isolation" name="test_cpu_and_gpu_locks_are_separate_and_mutually_exclusive" time="0.001" /><testcase classname="tests.contract.test_loop6_runtime_isolation" name="test_runtime_layout_is_portable_and_not_committed" time="0.001" /><testcase classname="tests.contract.test_loop6_runtime_isolation" name="test_normal_worker_startup_has_no_model_download_fallback" time="0.002" /><testcase classname="tests.contract.test_repository_boundaries" name="test_phase_two_source_has_no_real_platform_or_ocr_runtime_dependencies" time="0.208" /><testcase classname="tests.contract.test_repository_boundaries" name="test_domain_layer_stays_independent_of_framework_and_persistence" time="0.009" /><testcase classname="tests.contract.test_repository_boundaries" name="test_source_contains_no_developer_absolute_path" time="0.017" /><testcase classname="tests.contract.test_repository_boundaries" name="test_agents_remains_a_short_execution_rule_file" time="0.001" /><testcase classname="tests.integration.test_cli_preflight" name="test_cli_startup_check_succeeds_offline" time="0.329" /><testcase classname="tests.integration.test_cli_preflight" name="test_cli_protected_fixtures_require_an_explicit_data_root" time="0.240" /><testcase classname="tests.integration.test_cli_preflight" name="test_cli_port_conflict_stops_without_replacing_owner" time="0.216" /><testcase classname="tests.integration.test_cli_preflight" name="test_cli_second_instance_is_rejected" time="0.214" /><testcase classname="tests.integration.test_cli_preflight" name="test_cli_unmanaged_formal_database_stops_cleanly_without_mutation" time="0.943" /><testcase classname="tests.integration.test_loop2_api" name="test_meta_exposes_one_version_and_fake_adapter_boundary" time="0.139" /><testcase classname="tests.integration.test_loop2_api" name="test_version_mismatch_stops_before_reading_business_state" time="0.131" /><testcase classname="tests.integration.test_loop2_api" name="test_local_writes_require_session_csrf_and_idempotency" time="0.132" /><testcase classname="tests.integration.test_loop2_api" name="test_duplicate_start_uses_idempotency_key_and_finishes_one_normal_item" time="0.349" /><testcase classname="tests.integration.test_loop2_api" name="test_queued_job_actions_are_entirely_supplied_by_backend" time="0.144" /><testcase classname="tests.integration.test_loop2_api" name="test_normal_audit_can_pause_resume_and_cancel_through_the_api" time="0.173" /><testcase classname="tests.integration.test_loop2_api" name="test_page_refresh_can_restore_job_from_file_backed_temporary_sqlite" time="0.188" /><testcase classname="tests.integration.test_loop2_api" name="test_unknown_host_and_forbidden_financial_routes_are_rejected" time="0.138" /><testcase classname="tests.integration.test_loop2_api" name="test_built_console_is_served_without_exposing_arbitrary_files" time="0.172" /><testcase classname="tests.integration.test_loop2_backend_blockers" name="test_failed_job_persists_diagnostic_without_business_review" time="0.404" /><testcase classname="tests.integration.test_loop2_backend_blockers" name="test_normal_audit_uses_the_unified_resource_scheduler" time="0.270" /><testcase classname="tests.integration.test_loop2_backend_blockers" name="test_configured_non_default_host_and_port_define_local_boundary" time="0.166" /><testcase classname="tests.integration.test_loop2_backend_blockers" name="test_old_temporary_schema_is_ignored_without_modification" time="0.152" /><testcase classname="tests.integration.test_loop2_backend_blockers" name="test_unmanaged_formal_database_fails_without_write_or_lock" time="0.014" /><testcase classname="tests.integration.test_loop3_operator_contract" name="test_operator_contract_exposes_versioned_starts_controls_and_resources" time="0.320" /><testcase classname="tests.integration.test_loop3_operator_contract" name="test_fixture_start_version_is_scoped_and_reusable_after_terminal_job" time="0.244" /><testcase classname="tests.integration.test_loop3_operator_contract" name="test_conflict_creation_and_control_cas_are_atomic_under_threads" time="0.146" /><testcase classname="tests.integration.test_loop3_operator_contract" name="test_control_boundary_emits_final_paused_and_cancelled_events" time="0.193" /><testcase classname="tests.integration.test_loop3_operator_contract" name="test_every_resource_projection_change_advances_the_event_cursor" time="0.504" /><testcase classname="tests.integration.test_loop3_operator_contract" name="test_failed_shared_work_fails_future_consumer_without_human_review" time="0.354" /><testcase classname="tests.integration.test_loop3_operator_contract" name="test_restart_keeps_one_scheduler_owner_for_queued_loop3_job" time="0.318" /><testcase classname="tests.integration.test_loop3_scheduler" name="test_durable_alembic_schema_persists_all_scheduler_models" time="0.130" /><testcase classname="tests.integration.test_loop3_scheduler" name="test_conflict_key_rejects_duplicate_but_unrelated_three_jobs_coexist" time="0.155" /><testcase classname="tests.integration.test_loop3_scheduler" name="test_scheduler_runs_independent_resources_fairly_and_isolates_review_items" time="0.537" /><testcase classname="tests.integration.test_loop3_scheduler" name="test_pause_finishes_atomic_ocr_releases_lease_and_resume_skips_download" time="0.274" /><testcase classname="tests.integration.test_loop3_scheduler" name="test_control_writes_are_idempotent_and_reject_stale_versions" time="0.151" /><testcase classname="tests.integration.test_loop3_scheduler" name="test_pause_then_cancel_preserves_results_and_does_not_stop_shared_work" time="0.238" /><testcase classname="tests.integration.test_loop3_scheduler" name="test_injected_technical_ocr_failure_never_enters_human_review" time="0.359" /><testcase classname="tests.integration.test_loop3_scheduler" name="test_loading_probe_requires_explicit_test_fixture_gate" time="0.130" /><testcase classname="tests.integration.test_loop4_audit_atomicity" name="test_snapshots_decisions_and_references_commit_as_one_revision" time="0.136" /><testcase classname="tests.integration.test_loop4_audit_atomicity" name="test_failure_after_decision_insert_rolls_back_the_entire_database_revision" time="0.116" /><testcase classname="tests.integration.test_loop4_audit_atomicity" name="test_process_crash_inside_snapshot_transaction_is_rolled_back_on_reopen" time="0.600" /><testcase classname="tests.integration.test_loop4_audit_atomicity" name="test_committed_business_evidence_is_immutable[platform_snapshots]" time="0.152" /><testcase classname="tests.integration.test_loop4_audit_atomicity" name="test_committed_business_evidence_is_immutable[audit_decisions]" time="0.144" /><testcase classname="tests.integration.test_loop4_data_foundation" name="test_fresh_runtime_is_at_migration_head_with_required_sqlite_pragmas" time="0.116" /><testcase classname="tests.integration.test_loop4_data_foundation" name="test_runtime_upgrades_0001_with_backup_and_preserves_data" time="0.188" /><testcase classname="tests.integration.test_loop4_data_foundation" name="test_alembic_task_schema_matches_the_runtime_metadata_contract" time="0.129" /><testcase classname="tests.integration.test_loop4_data_foundation" name="test_import_bundle_is_atomic_idempotent_and_keeps_one_blob_per_hash" time="0.152" /><testcase classname="tests.integration.test_loop4_data_foundation" name="test_failure_inside_snapshot_transaction_leaves_no_partial_business_rows" time="0.135" /><testcase classname="tests.integration.test_loop4_data_foundation" name="test_hold_blocks_cleanup_and_cleanup_claim_races_safely_with_new_reference" time="0.136" /><testcase classname="tests.integration.test_loop4_data_foundation" name="test_online_backup_restores_database_and_evidence_to_an_empty_temporary_root" time="0.214" /><testcase classname="tests.integration.test_loop4_data_foundation" name="test_online_backup_includes_evidence_protected_only_by_an_active_hold" time="0.207" /><testcase classname="tests.integration.test_loop4_data_foundation" name="test_failed_restore_leaves_target_retryable_after_evidence_is_repaired" time="0.188" /><testcase classname="tests.integration.test_loop4_data_foundation" name="test_restore_rejects_manifest_missing_an_active_database_evidence_identity" time="0.389" /><testcase classname="tests.integration.test_loop4_data_foundation" name="test_restore_refuses_a_nonempty_target" time="0.160" /><testcase classname="tests.integration.test_loop4_data_foundation" name="test_unknown_alembic_revision_is_rejected_without_modifying_database" time="0.015" /><testcase classname="tests.integration.test_loop4_data_foundation" name="test_pre_migration_backup_is_integrity_checked_and_self_describing" time="0.030" /><testcase classname="tests.integration.test_loop4_instance_lifecycle" name="test_persistent_instance_heartbeat_and_clean_shutdown" time="0.137" /><testcase classname="tests.integration.test_loop4_instance_lifecycle" name="test_application_lifespan_registers_and_stops_the_guarded_instance" time="0.128" /><testcase classname="tests.integration.test_loop4_instance_lifecycle" name="test_application_shutdown_abandons_only_its_uncommitted_atomic_attempt" time="0.159" /><testcase classname="tests.integration.test_loop4_instance_lifecycle" name="test_application_shutdown_stops_owned_workers_before_requeueing_attempts" time="0.129" /><testcase classname="tests.integration.test_loop4_process_orphan" name="test_supervisor_crash_closes_job_and_stops_only_its_owned_child" time="0.131" /><testcase classname="tests.integration.test_loop4_recovery_contract" name="test_restart_does_not_commit_a_legacy_running_attempt_as_success" time="0.177" /><testcase classname="tests.integration.test_loop4_recovery_contract" name="test_formal_repository_recovers_only_an_expired_crashed_owner_attempt" time="0.185" /><testcase classname="tests.integration.test_loop4_recovery_contract" name="test_takeover_rejects_running_old_instance_after_lease_expiry" time="0.114" /><testcase classname="tests.integration.test_loop4_recovery_contract" name="test_crashed_instance_requires_os_mutex_proof_and_matching_replacement" time="0.114" /><testcase classname="tests.integration.test_loop4_recovery_contract" name="test_takeover_rejects_unexpired_lease_from_stopped_instance" time="0.128" /><testcase classname="tests.integration.test_loop4_recovery_contract" name="test_takeover_requires_same_data_root_and_rotates_fencing_token" time="0.330" /><testcase classname="tests.integration.test_loop4_recovery_contract" name="test_lease_renewal_requires_the_current_owner_and_token" time="0.122" /><testcase classname="tests.integration.test_loop4_recovery_contract" name="test_browser_recovery_fences_the_old_navigation_token" time="0.123" /><testcase classname="tests.integration.test_loop4_recovery_contract" name="test_browser_cannot_return_to_automated_without_all_recovery_proofs" time="0.127" /><testcase classname="tests.integration.test_loop4_recovery_contract" name="test_human_control_is_not_reclaimed_by_elapsed_time" time="0.120" /><testcase classname="tests.integration.test_loop4_recovery_contract" name="test_automated_control_release_fences_the_returned_navigation_token" time="0.125" /><testcase classname="tests.integration.test_loop4_recovery_contract" name="test_expired_automated_browser_grant_cannot_authorize_navigation" time="0.120" /><testcase classname="tests.integration.test_loop4_recovery_contract" name="test_only_the_current_automated_token_can_renew_navigation_control" time="0.121" /><testcase classname="tests.integration.test_loop4_recovery_contract" name="test_human_control_requires_an_explicit_matching_return" time="0.116" /><testcase classname="tests.integration.test_loop4_scheduler_fencing" name="test_valid_process_local_fencing_token_commits_atomic_result" time="0.167" /><testcase classname="tests.integration.test_loop4_scheduler_fencing" name="test_old_fencing_token_is_rejected_without_any_result_write" time="0.166" /><testcase classname="tests.integration.test_loop4_scheduler_fencing" name="test_old_lease_generation_is_rejected_without_any_result_write" time="0.165" /><testcase classname="tests.integration.test_loop4_scheduler_fencing" name="test_wrong_process_identity_is_rejected_without_any_result_write[instance_id]" time="0.143" /><testcase classname="tests.integration.test_loop4_scheduler_fencing" name="test_wrong_process_identity_is_rejected_without_any_result_write[worker_id]" time="0.400" /><testcase classname="tests.integration.test_loop4_scheduler_fencing" name="test_released_lease_is_rejected_without_any_result_write" time="0.150" /><testcase classname="tests.integration.test_loop4_scheduler_fencing" name="test_expired_lease_is_rejected_without_any_result_write" time="0.140" /><testcase classname="tests.integration.test_loop4_scheduler_fencing" name="test_takeover_permanently_fences_the_old_process_token" time="0.155" /><testcase classname="tests.integration.test_loop4_scheduler_fencing" name="test_publish_before_commit_rollback_leaves_neither_lease_nor_raw_grant" time="0.134" /><testcase classname="tests.integration.test_loop4_scheduler_fencing" name="test_post_commit_context_failure_reconciles_to_the_committed_active_grant" time="0.142" /><testcase classname="tests.integration.test_loop4_shared_and_restart" name="test_new_instance_never_blesses_a_legacy_running_attempt" time="0.188" /><testcase classname="tests.integration.test_loop4_shared_and_restart" name="test_shared_failure_is_propagated_once_to_each_active_consumer" time="0.369" /><testcase classname="tests.integration.test_loop4_shared_and_restart" name="test_shared_failure_cannot_propagate_while_global_retry_budget_remains" time="0.118" /><testcase classname="tests.integration.test_loop4_shared_and_restart" name="test_first_shared_failure_retries_once_then_each_consumer_uses_success_once" time="0.227" /><testcase classname="tests.integration.test_loop4_shared_and_restart" name="test_exhausted_shared_retry_propagates_one_source_failure_once" time="0.209" /><testcase classname="tests.integration.test_loop4_shared_and_restart" name="test_two_concurrent_safe_retries_create_one_shared_production_attempt" time="0.139" /><testcase classname="tests.integration.test_loop4_shared_and_restart" name="test_shared_retry_budget_cannot_be_bypassed_with_a_new_idempotency_key" time="0.131" /><testcase classname="tests.integration.test_loop5_browser_checkpoint_recovery" name="test_sqlite_navigation_authorizer_fences_job_identity" time="0.133" /><testcase classname="tests.integration.test_loop5_browser_checkpoint_recovery" name="test_sqlite_navigation_authorizer_rejects_old_token_after_recovery" time="0.129" /><testcase classname="tests.integration.test_loop5_durable_capture" name="test_durable_capture_commits_structured_checkpoints_and_evidence" time="0.227" /><testcase classname="tests.integration.test_loop5_durable_capture" name="test_each_advance_performs_at_most_one_platform_read" time="0.216" /><testcase classname="tests.integration.test_loop5_durable_capture" name="test_post_read_fence_failure_does_not_commit_the_list_result" time="0.143" /><testcase classname="tests.integration.test_loop5_durable_capture" name="test_untrusted_connector_result_cannot_reach_checkpoint_or_evidence[mismatched-result]" time="0.350" /><testcase classname="tests.integration.test_loop5_durable_capture" name="test_untrusted_connector_result_cannot_reach_checkpoint_or_evidence[tampered-staged-payload]" time="0.127" /><testcase classname="tests.integration.test_loop5_durable_capture" name="test_connector_runtime_rejects_stale_authority_before_frozen_read" time="0.125" /><testcase classname="tests.integration.test_loop5_durable_capture" name="test_new_coordinator_resumes_after_last_committed_detail_without_repeating_reads" time="0.236" /><testcase classname="tests.integration.test_loop5_durable_capture" name="test_image_file_precedes_atomic_reference_and_checkpoint_commit" time="0.202" /><testcase classname="tests.integration.test_loop5_durable_capture" name="test_fake_browser_close_retries_only_the_uncommitted_image" time="0.237" /><testcase classname="tests.integration.test_loop5_durable_capture" name="test_invalid_browser_replacement_cannot_commit_the_unfinished_image" time="0.148" /><testcase classname="tests.integration.test_loop5_durable_capture" name="test_checkpoint_identity_cannot_be_reused_for_a_different_invocation" time="0.205" /><testcase classname="tests.integration.test_loop5_durable_capture" name="test_store_rejects_a_valid_grant_for_a_different_checkpoint_job" time="0.119" /><testcase classname="tests.integration.test_loop6_ndjson_worker" name="test_supervised_worker_round_trip_and_clean_shutdown" time="0.065" /><testcase classname="tests.integration.test_loop6_ndjson_worker" name="test_worker_hello_and_heartbeat_bind_one_worker_identity" time="0.057" /><testcase classname="tests.integration.test_loop6_ndjson_worker" name="test_worker_crash_timeout_and_malformed_output_are_distinct" time="0.275" /><testcase classname="tests.integration.test_loop6_persistent_ocr_scheduler" name="test_gateway_output_fingerprint_excludes_worker_session_noise" time="0.071" /><testcase classname="tests.integration.test_loop6_persistent_ocr_scheduler" name="test_gpu_only_policy_does_not_queue_an_unavailable_cpu_fallback" time="0.235" /><testcase classname="tests.integration.test_loop6_persistent_ocr_scheduler" name="test_backend_presence_never_routes_fake_pipeline_ids_to_local_protocol" time="0.193" /><testcase classname="tests.integration.test_loop6_persistent_ocr_scheduler" name="test_explicit_local_job_fails_as_system_error_without_composed_runtime" time="0.149" /><testcase classname="tests.integration.test_loop6_persistent_ocr_scheduler" name="test_second_gpu_image_failure_releases_gpu_and_cpu_restarts_both_images" time="0.523" /><testcase classname="tests.integration.test_loop6_persistent_ocr_scheduler" name="test_two_jobs_share_each_runtime_aware_image_artifact_once" time="0.292" /><testcase classname="tests.integration.test_loop6_persistent_ocr_scheduler" name="test_pending_ocr_does_not_block_other_job_and_cancel_waits_for_safe_boundary" time="0.360" /><testcase classname="tests.integration.test_loop6_persistent_ocr_scheduler" name="test_pause_waits_for_image_checkpoint_and_resume_does_not_redownload" time="0.523" /><testcase classname="tests.integration.test_loop6_persistent_ocr_scheduler" name="test_stale_ocr_lease_cannot_commit_worker_result" time="0.573" /><testcase classname="tests.integration.test_loop6_persistent_ocr_scheduler" name="test_cpu_technical_failure_is_failed_not_human_review" time="0.233" /><testcase classname="tests.integration.test_loop6_worker_orphan" name="test_parent_crash_stops_its_owned_ndjson_worker" time="0.129" /><testcase classname="tests.unit.adapters.fake.test_fake_ocr_independence" name="test_ocr_input_contains_only_evidence_identity_and_image_fields" time="0.001" /><testcase classname="tests.unit.adapters.fake.test_fake_ocr_independence" name="test_fake_ocr_values_are_independent_from_platform_expected_weights" time="0.001" /><testcase classname="tests.unit.api.test_sse" name="test_sse_uses_default_message_events_for_browser_onmessage" time="0.001" /><testcase classname="tests.unit.application.audit.test_service" name="test_failure_persistence_error_is_not_silenced" time="0.004" /><testcase classname="tests.unit.config.test_paths" name="test_default_data_root_comes_only_from_local_app_data" time="0.004" /><testcase classname="tests.unit.config.test_paths" name="test_missing_local_app_data_fails_without_cwd_fallback" time="0.000" /><testcase classname="tests.unit.config.test_paths" name="test_test_profile_uses_only_explicit_temporary_root" time="0.003" /><testcase classname="tests.unit.config.test_paths" name="test_application_paths_are_created_below_data_root" time="0.008" /><testcase classname="tests.unit.config.test_paths" name="test_existing_file_cannot_be_used_as_data_root" time="0.006" /><testcase classname="tests.unit.config.test_paths" name="test_safe_child_rejects_path_escape[../escape]" time="0.003" /><testcase classname="tests.unit.config.test_paths" name="test_safe_child_rejects_path_escape[a/../../escape]" time="0.002" /><testcase classname="tests.unit.config.test_paths" name="test_safe_child_rejects_path_escape[/absolute]" time="0.002" /><testcase classname="tests.unit.config.test_schema" name="test_default_configuration_is_shadow_and_local_only" time="0.000" /><testcase classname="tests.unit.config.test_schema" name="test_configuration_rejects_noncanonical_host[0.0.0.0]" time="0.000" /><testcase classname="tests.unit.config.test_schema" name="test_configuration_rejects_noncanonical_host[localhost]" time="0.000" /><testcase classname="tests.unit.config.test_schema" name="test_configuration_rejects_noncanonical_host[192.168.1.2]" time="0.000" /><testcase classname="tests.unit.config.test_schema" name="test_configuration_rejects_noncanonical_host[::1]" time="0.000" /><testcase classname="tests.unit.config.test_schema" name="test_configuration_rejects_legacy_port" time="0.000" /><testcase classname="tests.unit.config.test_schema" name="test_configuration_rejects_unknown_fields_and_schema_versions" time="0.000" /><testcase classname="tests.unit.config.test_schema" name="test_test_profile_requires_explicit_absolute_data_root" time="0.002" /><testcase classname="tests.unit.config.test_schema" name="test_real_platform_access_cannot_be_enabled_in_phase_one" time="0.000" /><testcase classname="tests.unit.data.test_content_addressed_store" name="test_put_bytes_is_content_addressed_and_deduplicated" time="0.010" /><testcase classname="tests.unit.data.test_content_addressed_store" name="test_read_bytes_rejects_a_corrupted_canonical_blob" time="0.007" /><testcase classname="tests.unit.data.test_content_addressed_store" name="test_recover_staging_removes_only_uncommitted_parts" time="0.009" /><testcase classname="tests.unit.data.test_content_addressed_store" name="test_read_bytes_rejects_unsafe_or_noncanonical_identity[../outside]" time="0.003" /><testcase classname="tests.unit.data.test_content_addressed_store" name="test_read_bytes_rejects_unsafe_or_noncanonical_identity[not-a-sha256]" time="0.003" /><testcase classname="tests.unit.data.test_content_addressed_store" name="test_read_bytes_rejects_unsafe_or_noncanonical_identity[AAAAAAAAAAAAAAAAAAAAAAAAAAAAAAAAAAAAAAAAAAAAAAAAAAAAAAAAAAAAAAAA]" time="0.003" /><testcase classname="tests.unit.domain.audit.test_evidence_and_shadow" name="test_evidence_fingerprint_is_deterministic_and_rule_versioned" time="0.000" /><testcase classname="tests.unit.domain.audit.test_evidence_and_shadow" name="test_key_evidence_changes_invalidate_the_identity" time="0.000" /><testcase classname="tests.unit.domain.audit.test_evidence_and_shadow" name="test_shadow_problem_is_only_excluded_from_the_shadow_normal_sample" time="0.000" /><testcase classname="tests.unit.domain.audit.test_evidence_and_shadow" name="test_every_shadow_outcome_has_no_real_platform_effect" time="0.000" /><testcase classname="tests.unit.domain.audit.test_manual_actions" name="test_correction_requires_reason_correct_value_and_operator" time="0.001" /><testcase classname="tests.unit.domain.audit.test_manual_actions" name="test_correction_replaces_only_the_selected_ordinary_net_and_recompares" time="0.001" /><testcase classname="tests.unit.domain.audit.test_manual_actions" name="test_correction_that_still_differs_does_not_pass" time="0.000" /><testcase classname="tests.unit.domain.audit.test_manual_actions" name="test_unloading_correction_recompares_the_unloading_ordinary_net" time="0.000" /><testcase classname="tests.unit.domain.audit.test_manual_actions" name="test_evidence_change_invalidates_an_older_correction" time="0.001" /><testcase classname="tests.unit.domain.audit.test_manual_actions" name="test_problem_confirmation_requires_a_preset_reason_and_operator" time="0.000" /><testcase classname="tests.unit.domain.audit.test_manual_actions" name="test_problem_confirmation_allows_unknown_correct_weight" time="0.000" /><testcase classname="tests.unit.domain.audit.test_manual_actions" name="test_optional_problem_weight_requires_an_explicit_ticket_target" time="0.000" /><testcase classname="tests.unit.domain.audit.test_manual_actions" name="test_auto_pass_cannot_be_turned_into_a_problem_without_new_evidence" time="0.000" /><testcase classname="tests.unit.domain.audit.test_manual_actions" name="test_dismissing_a_suspicion_requires_a_basis_and_forces_reevaluation" time="0.001" /><testcase classname="tests.unit.domain.audit.test_manual_actions" name="test_revocation_is_append_only_and_requires_reevaluation" time="0.000" /><testcase classname="tests.unit.domain.audit.test_ticket_roles_and_decisions" name="test_expected_ticket_roles_are_accepted" time="0.000" /><testcase classname="tests.unit.domain.audit.test_ticket_roles_and_decisions" name="test_role_conflicts_have_stable_classification[unloading-loading-suspected_swapped]" time="0.000" /><testcase classname="tests.unit.domain.audit.test_ticket_roles_and_decisions" name="test_role_conflicts_have_stable_classification[loading-loading-both_loading]" time="0.000" /><testcase classname="tests.unit.domain.audit.test_ticket_roles_and_decisions" name="test_role_conflicts_have_stable_classification[unloading-unloading-both_unloading]" time="0.000" /><testcase classname="tests.unit.domain.audit.test_ticket_roles_and_decisions" name="test_role_conflicts_have_stable_classification[unknown-unloading-role_unknown]" time="0.000" /><testcase classname="tests.unit.domain.audit.test_ticket_roles_and_decisions" name="test_duplicate_image_takes_priority_over_role_conflict" time="0.000" /><testcase classname="tests.unit.domain.audit.test_ticket_roles_and_decisions" name="test_missing_ticket_is_not_inferred_from_the_upload_slot" time="0.000" /><testcase classname="tests.unit.domain.audit.test_ticket_roles_and_decisions" name="test_uncertain_role_is_not_forced_to_a_binary_role" time="0.000" /><testcase classname="tests.unit.domain.audit.test_ticket_roles_and_decisions" name="test_ticket_position_mismatch_is_a_contract_error" time="0.000" /><testcase classname="tests.unit.domain.audit.test_ticket_roles_and_decisions" name="test_normal_audit_passes_only_when_both_ordinary_nets_match" time="0.000" /><testcase classname="tests.unit.domain.audit.test_ticket_roles_and_decisions" name="test_any_reliable_weight_mismatch_requires_a_recorded_resolution[30.01-30.00]" time="0.000" /><testcase classname="tests.unit.domain.audit.test_ticket_roles_and_decisions" name="test_any_reliable_weight_mismatch_requires_a_recorded_resolution[30.00-29.99]" time="0.000" /><testcase classname="tests.unit.domain.audit.test_ticket_roles_and_decisions" name="test_any_reliable_weight_mismatch_requires_a_recorded_resolution[30.01-29.99]" time="0.000" /><testcase classname="tests.unit.domain.audit.test_ticket_roles_and_decisions" name="test_ineligible_weight_evidence_never_auto_passes[changed0-platform_weight_missing]" time="0.000" /><testcase classname="tests.unit.domain.audit.test_ticket_roles_and_decisions" name="test_ineligible_weight_evidence_never_auto_passes[changed1-ticket_net_missing]" time="0.000" /><testcase classname="tests.unit.domain.audit.test_ticket_roles_and_decisions" name="test_ineligible_weight_evidence_never_auto_passes[changed2-ticket_weight_precision_requires_review]" time="0.000" /><testcase classname="tests.unit.domain.audit.test_ticket_roles_and_decisions" name="test_ineligible_weight_evidence_never_auto_passes[changed3-ticket_weight_unit_requires_review]" time="0.000" /><testcase classname="tests.unit.domain.audit.test_ticket_roles_and_decisions" name="test_role_swap_is_suspected_but_never_automatically_exchanged" time="0.000" /><testcase classname="tests.unit.domain.audit.test_ticket_roles_and_decisions" name="test_role_pair_issues_block_automatic_pass[loading0-unloading0-suspected_problem]" time="0.000" /><testcase classname="tests.unit.domain.audit.test_ticket_roles_and_decisions" name="test_role_pair_issues_block_automatic_pass[loading1-unloading1-suspected_problem]" time="0.000" /><testcase classname="tests.unit.domain.audit.test_ticket_roles_and_decisions" name="test_role_pair_issues_block_automatic_pass[loading2-unloading2-suspected_problem]" time="0.000" /><testcase classname="tests.unit.domain.audit.test_ticket_roles_and_decisions" name="test_factory_net_never_changes_audit_result" time="0.000" /><testcase classname="tests.unit.domain.audit.test_ticket_roles_and_decisions" name="test_uncertain_evidence_takes_precedence_over_a_known_mismatch" time="0.000" /><testcase classname="tests.unit.domain.audit.test_ticket_roles_and_decisions" name="test_system_failures_are_raised_instead_of_becoming_finance_review" time="0.000" /><testcase classname="tests.unit.domain.audit.test_weights" name="test_weight_reading_rejects_float_input" time="0.000" /><testcase classname="tests.unit.domain.audit.test_weights" name="test_weight_reading_rejects_invalid_amounts[amount0]" time="0.000" /><testcase classname="tests.unit.domain.audit.test_weights" name="test_weight_reading_rejects_invalid_amounts[amount1]" time="0.000" /><testcase classname="tests.unit.domain.audit.test_weights" name="test_weight_reading_rejects_invalid_amounts[amount2]" time="0.000" /><testcase classname="tests.unit.domain.audit.test_weights" name="test_weight_reading_requires_original_text" time="0.000" /><testcase classname="tests.unit.domain.audit.test_weights" name="test_kilograms_convert_to_exact_tonnes" time="0.253" /><testcase classname="tests.unit.domain.audit.test_weights" name="test_tonnes_are_not_scaled_during_normalization" time="0.000" /><testcase classname="tests.unit.domain.audit.test_weights" name="test_values_requiring_rounding_have_no_automatic_comparison_value" time="0.000" /><testcase classname="tests.unit.domain.audit.test_weights" name="test_weight_policy_is_fixed_to_two_decimal_places" time="0.000" /><testcase classname="tests.unit.domain.audit.test_weights" name="test_comparison_uses_normalized_two_decimal_values" time="0.000" /><testcase classname="tests.unit.domain.audit.test_weights" name="test_comparison_has_no_business_tolerance" time="0.000" /><testcase classname="tests.unit.jobs.test_action_matrix" name="test_queued_loop2_job_only_exposes_a_safe_details_action" time="0.000" /><testcase classname="tests.unit.jobs.test_action_matrix" name="test_succeeded_loop2_job_exposes_results_without_inventing_controls" time="0.000" /><testcase classname="tests.unit.jobs.test_action_matrix" name="test_start_action_reports_the_real_conflict_reason" time="0.000" /><testcase classname="tests.unit.jobs.test_action_matrix" name="test_versioned_controls_serialize_the_authoritative_job_version" time="0.000" /><testcase classname="tests.unit.jobs.test_loop3_scheduler_policy" name="test_scheduler_priority_uses_business_first_then_bounded_aging" time="0.000" /><testcase classname="tests.unit.jobs.test_loop3_scheduler_policy" name="test_scheduler_rotation_and_fifo_are_deterministic" time="0.000" /><testcase classname="tests.unit.jobs.test_loop3_scheduler_policy" name="test_three_sustained_jobs_rotate_without_starvation" time="0.000" /><testcase classname="tests.unit.jobs.test_loop3_scheduler_policy" name="test_shared_evidence_identity_includes_pipeline_fingerprint" time="0.000" /><testcase classname="tests.unit.jobs.test_loop3_scheduler_policy" name="test_runner_waits_between_atomic_ticks_and_can_stop_during_wait" time="0.052" /><testcase classname="tests.unit.jobs.test_loop3_scheduler_policy" name="test_runner_close_waits_without_timeout_for_the_active_atomic_tick" time="0.061" /><testcase classname="tests.unit.ocr.test_bootstrap_atomic_activation" name="test_managed_path_must_be_a_child_of_runtime_root" time="0.004" /><testcase classname="tests.unit.ocr.test_bootstrap_atomic_activation" name="test_gpu_only_partial_upgrade_is_rejected" time="0.000" /><testcase classname="tests.unit.ocr.test_bootstrap_atomic_activation" name="test_cpu_partial_upgrade_cannot_drop_an_active_gpu" time="0.003" /><testcase classname="tests.unit.ocr.test_bootstrap_atomic_activation" name="test_failed_model_provisioning_never_mutates_active_models" time="0.007" /><testcase classname="tests.unit.ocr.test_bootstrap_atomic_activation" name="test_qualification_must_bind_every_runtime_in_generation" time="0.002" /><testcase classname="tests.unit.ocr.test_bootstrap_atomic_activation" name="test_bootstrap_publishes_one_complete_mocked_composition" time="0.043" /><testcase classname="tests.unit.ocr.test_bootstrap_atomic_activation" name="test_bootstrap_smoke_failure_leaves_no_partial_active_pointer" time="0.009" /><testcase classname="tests.unit.ocr.test_bootstrap_atomic_activation" name="test_candidate_qualification_publishes_requested_gpu_profile" time="0.002" /><testcase classname="tests.unit.ocr.test_device_discovery" name="test_nvidia_csv_uses_uuid_as_stable_identity_and_index_as_ephemeral" time="0.000" /><testcase classname="tests.unit.ocr.test_device_discovery" name="test_same_uuid_can_map_to_a_different_index_after_restart" time="0.000" /><testcase classname="tests.unit.ocr.test_device_discovery" name="test_discovery_returns_empty_when_nvidia_smi_is_absent" time="0.000" /><testcase classname="tests.unit.ocr.test_device_discovery" name="test_discovery_classifies_timeout_without_guessing_devices" time="0.000" /><testcase classname="tests.unit.ocr.test_device_discovery" name="test_malformed_device_rows_are_rejected[0, , NVIDIA RTX Example, 8192 MiB, 610.62, 8.9]" time="0.000" /><testcase classname="tests.unit.ocr.test_device_discovery" name="test_malformed_device_rows_are_rejected[gpu-zero, GPU-a, NVIDIA RTX Example, 8192 MiB, 610.62, 8.9]" time="0.000" /><testcase classname="tests.unit.ocr.test_device_discovery" name="test_malformed_device_rows_are_rejected[0, GPU-a, NVIDIA RTX Example, unknown, 610.62, 8.9]" time="0.000" /><testcase classname="tests.unit.ocr.test_device_discovery" name="test_malformed_device_rows_are_rejected[0, GPU-a, NVIDIA RTX Example, 8192 MiB, 610.62]" time="0.000" /><testcase classname="tests.unit.ocr.test_model_provisioning_staging" name="test_model_provisioning_can_only_create_a_new_managed_staging_cache" time="0.005" /><testcase classname="tests.unit.ocr.test_model_provisioning_staging" name="test_model_provisioning_rejects_active_or_unmanaged_targets[model-cache]" time="0.003" /><testcase classname="tests.unit.ocr.test_model_provisioning_staging" name="test_model_provisioning_rejects_active_or_unmanaged_targets[.model-staging-invalid]" time="0.003" /><testcase classname="tests.unit.ocr.test_model_provisioning_staging" name="test_model_provisioning_rejects_preexisting_staging_content" time="0.003" /><testcase classname="tests.unit.ocr.test_profile_registry" name="test_registry_loads_only_current_fully_matching_profiles" time="0.005" /><testcase classname="tests.unit.ocr.test_profile_registry" name="test_registry_rejects_stale_or_unsafe_gpu_qualification[mutation0-driver]" time="0.004" /><testcase classname="tests.unit.ocr.test_profile_registry" name="test_registry_rejects_stale_or_unsafe_gpu_qualification[mutation1-worker]" time="0.004" /><testcase classname="tests.unit.ocr.test_profile_registry" name="test_registry_rejects_stale_or_unsafe_gpu_qualification[mutation2-model]" time="0.005" /><testcase classname="tests.unit.ocr.test_profile_registry" name="test_registry_rejects_stale_or_unsafe_gpu_qualification[mutation3-memory]" time="0.005" /><testcase classname="tests.unit.ocr.test_profile_registry" name="test_registry_rejects_tampered_runtime_profile_identity[precision-fp32]" time="0.005" /><testcase classname="tests.unit.ocr.test_profile_registry" name="test_registry_rejects_tampered_runtime_profile_identity[batch_size-1]" time="0.005" /><testcase classname="tests.unit.ocr.test_profile_registry" name="test_registry_rejects_tampered_runtime_profile_identity[profile_id-gpu-tampered-profile]" time="0.005" /><testcase classname="tests.unit.ocr.test_profile_registry" name="test_registry_rejects_tampered_runtime_profile_identity[runtime_fingerprint-9999999999999999999999999999999999999999999999999999999999999999]" time="0.005" /><testcase classname="tests.unit.ocr.test_profile_registry" name="test_registry_rejects_nonportable_cpu_profile" time="0.008" /><testcase classname="tests.unit.ocr.test_profile_registry" name="test_registry_rejects_old_or_single_image_qualification" time="0.006" /><testcase classname="tests.unit.ocr.test_profile_registry" name="test_registry_binds_each_difference_item_to_the_qualified_images" time="0.017" /><testcase classname="tests.unit.ocr.test_profiles_and_fingerprints" name="test_auto_prefers_only_a_qualified_gpu_and_keeps_cpu_fallback" time="0.000" /><testcase classname="tests.unit.ocr.test_profiles_and_fingerprints" name="test_auto_uses_cpu_when_gpu_is_unavailable_or_failed_smoke" time="0.000" /><testcase classname="tests.unit.ocr.test_profiles_and_fingerprints" name="test_cpu_must_be_qualified_even_when_gpu_exists" time="0.000" /><testcase classname="tests.unit.ocr.test_profiles_and_fingerprints" name="test_cpu_only_never_selects_or_starts_gpu" time="0.000" /><testcase classname="tests.unit.ocr.test_profiles_and_fingerprints" name="test_device_profile_never_persists_a_gpu_index" time="0.001" /><testcase classname="tests.unit.ocr.test_profiles_and_fingerprints" name="test_device_profile_requires_a_stable_id_only_for_gpu" time="0.000" /><testcase classname="tests.unit.ocr.test_profiles_and_fingerprints" name="test_runtime_fingerprint_changes_for_lock_model_profile_or_device" time="0.000" /><testcase classname="tests.unit.ocr.test_profiles_and_fingerprints" name="test_pipeline_fingerprint_includes_runtime_and_template_versions" time="0.000" /><testcase classname="tests.unit.ocr.test_runtime_factory" name="test_factory_builds_qualified_gpu_and_cpu_fallback_with_handshake" time="0.069" /><testcase classname="tests.unit.ocr.test_runtime_factory" name="test_factory_uses_the_atomic_active_composition_pointer" time="0.056" /><testcase classname="tests.unit.ocr.test_runtime_factory" name="test_factory_rejects_complete_legacy_layout_without_active_pointer" time="0.047" /><testcase classname="tests.unit.ocr.test_runtime_factory" name="test_factory_honors_cpu_only_without_starting_gpu" time="0.057" /><testcase classname="tests.unit.ocr.test_runtime_factory" name="test_factory_honors_preferred_stable_device_and_disables_fallback" time="0.061" /><testcase classname="tests.unit.ocr.test_runtime_factory" name="test_factory_does_not_substitute_an_unselected_gpu" time="0.061" /><testcase classname="tests.unit.ocr.test_runtime_factory" name="test_factory_recomputes_source_contract_hashes[lock]" time="0.051" /><testcase classname="tests.unit.ocr.test_runtime_factory" name="test_factory_recomputes_source_contract_hashes[worker]" time="0.052" /><testcase classname="tests.unit.ocr.test_runtime_factory" name="test_factory_rejects_installed_worker_source_drift_before_launch" time="0.053" /><testcase classname="tests.unit.ocr.test_runtime_factory" name="test_factory_rejects_inventory_or_model_drift_before_starting_workers" time="0.112" /><testcase classname="tests.unit.ocr.test_runtime_factory" name="test_factory_closes_started_worker_when_later_hello_fails" time="0.061" /><testcase classname="tests.unit.ocr.test_runtime_inventory" name="test_exact_lock_and_inventory_must_match_without_stale_packages" time="0.006" /><testcase classname="tests.unit.ocr.test_runtime_inventory" name="test_cpu_and_gpu_inventory_reject_cross_installed_paddle" time="0.000" /><testcase classname="tests.unit.ocr.test_runtime_layout" name="test_legacy_layout_is_read_only_compatibility_when_pointer_is_absent" time="0.007" /><testcase classname="tests.unit.ocr.test_runtime_layout" name="test_activation_is_one_atomic_pointer_after_a_complete_generation" time="0.030" /><testcase classname="tests.unit.ocr.test_runtime_layout" name="test_failed_candidate_does_not_change_the_previous_pointer" time="0.026" /><testcase classname="tests.unit.ocr.test_runtime_layout" name="test_pointer_and_manifest_hashes_are_fail_closed" time="0.024" /><testcase classname="tests.unit.ocr.test_runtime_layout" name="test_generation_rejects_unexpected_top_level_content" time="0.020" /><testcase classname="tests.unit.ocr.test_runtime_layout" name="test_pointer_cannot_escape_the_managed_generation_path" time="0.004" /><testcase classname="tests.unit.ocr.test_runtime_layout" name="test_generation_parent_link_is_rejected" time="0.016"><skipped type="pytest.skip" message="Windows symlink creation requires an unavailable privilege">%USERPROFILE%\OneDrive\Desktop\AI开发\DaHe\tests\unit\ocr\test_runtime_layout.py:197: Windows symlink creation requires an unavailable privilege</skipped></testcase><testcase classname="tests.unit.ocr.test_runtime_paths" name="test_ascii_repository_uses_ignored_local_runtime_by_default" time="0.000" /><testcase classname="tests.unit.ocr.test_runtime_paths" name="test_unicode_repository_falls_back_to_ascii_local_app_install_root" time="0.000" /><testcase classname="tests.unit.ocr.test_runtime_paths" name="test_explicit_unicode_runtime_root_is_rejected_on_windows" time="0.000" /><testcase classname="tests.unit.ocr.test_runtime_paths" name="test_no_portable_windows_root_requires_manual_selection" time="0.000" /><testcase classname="tests.unit.ocr.test_source_fingerprint" name="test_worker_source_hash_ignores_interpreter_cache_files" time="0.007" /><testcase classname="tests.unit.ocr.test_source_fingerprint" name="test_installed_worker_hash_uses_package_inside_the_selected_runtime" time="0.007" /><testcase classname="tests.unit.ocr.test_source_fingerprint" name="test_installed_worker_package_must_remain_inside_its_runtime" time="0.003" /><testcase classname="tests.unit.ocr.test_source_fingerprint" name="test_qualification_rejects_installed_worker_source_drift" time="0.006" /><testcase classname="tests.unit.ocr.test_waybill_fallback_and_diff" name="test_authoritative_error_contract_allows_expected_gpu_fallbacks[no_gpu]" time="0.000" /><testcase classname="tests.unit.ocr.test_waybill_fallback_and_diff" name="test_authoritative_error_contract_allows_expected_gpu_fallbacks[driver_incompatible]" time="0.000" /><testcase classname="tests.unit.ocr.test_waybill_fallback_and_diff" name="test_authoritative_error_contract_allows_expected_gpu_fallbacks[insufficient_memory]" time="0.000" /><testcase classname="tests.unit.ocr.test_waybill_fallback_and_diff" name="test_authoritative_error_contract_allows_expected_gpu_fallbacks[out_of_memory]" time="0.000" /><testcase classname="tests.unit.ocr.test_waybill_fallback_and_diff" name="test_authoritative_error_contract_allows_expected_gpu_fallbacks[worker_crashed]" time="0.000" /><testcase classname="tests.unit.ocr.test_waybill_fallback_and_diff" name="test_authoritative_error_contract_allows_expected_gpu_fallbacks[worker_timeout]" time="0.000" /><testcase classname="tests.unit.ocr.test_waybill_fallback_and_diff" name="test_authoritative_error_contract_allows_expected_gpu_fallbacks[smoke_failed]" time="0.000" /><testcase classname="tests.unit.ocr.test_waybill_fallback_and_diff" name="test_authoritative_error_contract_rejects_unsafe_gpu_fallbacks[evidence_mismatch]" time="0.000" /><testcase classname="tests.unit.ocr.test_waybill_fallback_and_diff" name="test_authoritative_error_contract_rejects_unsafe_gpu_fallbacks[model_manifest_invalid]" time="0.000" /><testcase classname="tests.unit.ocr.test_waybill_fallback_and_diff" name="test_authoritative_error_contract_rejects_unsafe_gpu_fallbacks[protocol_error]" time="0.000" /><testcase classname="tests.unit.ocr.test_waybill_fallback_and_diff" name="test_authoritative_error_contract_rejects_unsafe_gpu_fallbacks[runtime_missing]" time="0.000" /><testcase classname="tests.unit.ocr.test_waybill_fallback_and_diff" name="test_runtime_difference_report_is_per_image_and_critical_field_aware" time="0.001" /><testcase classname="tests.unit.ocr.test_worker_engine_contract" name="test_paddle_output_arrays_must_be_sequences_with_equal_lengths[payload0]" time="0.005" /><testcase classname="tests.unit.ocr.test_worker_engine_contract" name="test_paddle_output_arrays_must_be_sequences_with_equal_lengths[payload1]" time="0.004" /><testcase classname="tests.unit.ocr.test_worker_engine_contract" name="test_paddle_output_arrays_must_be_sequences_with_equal_lengths[payload2]" time="0.006" /><testcase classname="tests.unit.ocr.test_worker_engine_contract" name="test_paddle_output_arrays_accept_one_aligned_prediction" time="0.004" /><testcase classname="tests.unit.ocr.test_worker_engine_contract" name="test_worker_decodes_the_captured_bytes_without_a_source_path" time="0.004" /><testcase classname="tests.unit.ocr.test_worker_engine_contract" name="test_worker_rejects_captured_image_above_the_pixel_limit" time="0.004" /><testcase classname="tests.unit.ocr.test_worker_image_contract" name="test_worker_resolves_hashed_images_below_the_limit_in_a_unicode_data_root" time="0.020" /><testcase classname="tests.unit.ocr.test_worker_image_contract" name="test_worker_ocr_input_remains_the_bytes_that_were_hashed" time="0.020" /><testcase classname="tests.unit.ocr.test_worker_image_contract" name="test_worker_rejects_an_image_above_the_byte_limit_before_ocr" time="0.010" /><testcase classname="tests.unit.ocr.test_worker_image_contract" name="test_worker_exits_after_one_inference_failure" time="0.020" /><testcase classname="tests.unit.ocr.test_worker_model_manifest" name="test_model_manifest_accepts_only_the_exact_declared_file_set" time="0.013" /><testcase classname="tests.unit.ocr.test_worker_model_manifest" name="test_model_manifest_rejects_extra_missing_or_changed_files[extra]" time="0.013" /><testcase classname="tests.unit.ocr.test_worker_model_manifest" name="test_model_manifest_rejects_extra_missing_or_changed_files[missing]" time="0.007" /><testcase classname="tests.unit.ocr.test_worker_model_manifest" name="test_model_manifest_rejects_extra_missing_or_changed_files[changed]" time="0.010" /><testcase classname="tests.unit.ocr.test_worker_model_manifest" name="test_model_manifest_rejects_hard_linked_model_files" time="0.009" /><testcase classname="tests.unit.ocr.test_worker_model_manifest" name="test_model_manifest_rejects_reparse_or_symbolic_paths_without_following_them" time="0.008" /><testcase classname="tests.unit.ocr.test_worker_offline_guard" name="test_worker_python_network_guard_denies_resolution_and_connections" time="0.002" /><testcase classname="tests.unit.platform.test_loop5_adversarial_contract" name="test_loaded_manifest_and_authorized_payload_are_deeply_frozen" time="0.004" /><testcase classname="tests.unit.platform.test_loop5_adversarial_contract" name="test_fixture_changed_after_manifest_load_is_reverified_before_replay" time="0.021" /><testcase classname="tests.unit.platform.test_loop5_adversarial_contract" name="test_transport_rejects_authority_from_a_different_response_contract" time="0.024" /><testcase classname="tests.unit.platform.test_loop5_adversarial_contract" name="test_safety_flags_are_verified_against_sanitized_fixture_content[mutation0]" time="0.013" /><testcase classname="tests.unit.platform.test_loop5_adversarial_contract" name="test_safety_flags_are_verified_against_sanitized_fixture_content[mutation1]" time="0.012" /><testcase classname="tests.unit.platform.test_loop5_adversarial_contract" name="test_safety_flags_are_verified_against_sanitized_fixture_content[mutation2]" time="0.013" /><testcase classname="tests.unit.platform.test_loop5_adversarial_contract" name="test_firewall_rejects_same_origin_deception[https://contract.chengfeng.invalid@attacker.test]" time="0.004" /><testcase classname="tests.unit.platform.test_loop5_adversarial_contract" name="test_firewall_rejects_same_origin_deception[https://contract.chengfeng.invalid.attacker.test]" time="0.003" /><testcase classname="tests.unit.platform.test_loop5_adversarial_contract" name="test_firewall_rejects_same_origin_deception[https://contract.chengfeng.invalid%2eattacker.test]" time="0.003" /><testcase classname="tests.unit.platform.test_loop5_adversarial_contract" name="test_firewall_rejects_same_origin_deception[https://contract.chengfeng.invalid.]" time="0.004" /><testcase classname="tests.unit.platform.test_loop5_adversarial_contract" name="test_firewall_rejects_same_origin_deception[https://contract\u3002chengfeng.invalid]" time="0.003" /><testcase classname="tests.unit.platform.test_loop5_adversarial_contract" name="test_firewall_rejects_same_origin_deception[https://attacker.test/https://contract.chengfeng.invalid]" time="0.003" /><testcase classname="tests.unit.platform.test_loop5_adversarial_contract" name="test_adapter_rejects_non_json_and_critical_list_mismatches[not-json]" time="0.003" /><testcase classname="tests.unit.platform.test_loop5_adversarial_contract" name="test_adapter_rejects_non_json_and_critical_list_mismatches[{&quot;ok&quot;:1,&quot;data&quot;:{}}]" time="0.004" /><testcase classname="tests.unit.platform.test_loop5_adversarial_contract" name="test_adapter_rejects_non_json_and_critical_list_mismatches[{&quot;ok&quot;:true,&quot;data&quot;:{&quot;page_number&quot;:2,&quot;page_size&quot;:50,&quot;total&quot;:0,&quot;items&quot;:[]}}]" time="0.004" /><testcase classname="tests.unit.platform.test_loop5_adversarial_contract" name="test_adapter_rejects_non_json_and_critical_list_mismatches[{&quot;ok&quot;:true,&quot;data&quot;:{&quot;page_number&quot;:1,&quot;page_size&quot;:50,&quot;total&quot;:2,&quot;items&quot;:[{&quot;platform_waybill_id&quot;:&quot;duplicate&quot;,&quot;waybill_number&quot;:&quot;A&quot;,&quot;vehicle_number&quot;:null},{&quot;platform_waybill_id&quot;:&quot;duplicate&quot;,&quot;waybill_number&quot;:&quot;B&quot;,&quot;vehicle_number&quot;:null}]}}]" time="0.003" /><testcase classname="tests.unit.platform.test_loop5_adversarial_contract" name="test_dns_probe_exception_cannot_block_the_business_request" time="0.003" /><testcase classname="tests.unit.platform.test_loop5_adversarial_contract" name="test_fault_queue_is_ordered_and_each_failure_is_consumed_once" time="0.003" /><testcase classname="tests.unit.platform.test_loop5_connector_staging" name="test_command_cleanup_removes_only_the_named_command_directory" time="0.005" /><testcase classname="tests.unit.platform.test_loop5_connector_staging" name="test_startup_recovery_removes_safe_orphan_command_directories" time="0.004" /><testcase classname="tests.unit.platform.test_loop5_connector_staging" name="test_recovery_retains_a_command_active_in_this_process" time="0.003" /><testcase classname="tests.unit.platform.test_loop5_connector_staging" name="test_recovery_refuses_unknown_or_nested_staging_entries" time="0.004" /><testcase classname="tests.unit.platform.test_loop5_redaction" name="test_redact_text_removes_headers_credentials_signed_queries_and_phone" time="0.000" /><testcase classname="tests.unit.platform.test_loop5_redaction" name="test_redact_mapping_recurses_without_mutating_the_input" time="0.000" /><testcase classname="tests.unit.platform.test_loop5_redaction" name="test_safe_diagnostic_keeps_classification_but_omits_raw_response_and_secrets" time="0.000" /><testcase classname="tests.unit.platform.test_loop5_redaction" name="test_connector_command_serialization_contains_authority_not_credentials" time="0.000" /><testcase classname="tests.unit.platform.test_loop5_redaction" name="test_authority_repr_does_not_expose_the_process_local_fencing_token" time="0.000" /><testcase classname="tests.unit.platform.test_loop5_request_firewall" name="test_every_frozen_request_is_authorized_by_exact_contract" time="0.003" /><testcase classname="tests.unit.platform.test_loop5_request_firewall" name="test_origin_rejects_scheme_port_userinfo_suffix_subdomain_ip_and_trailing_dot" time="0.003" /><testcase classname="tests.unit.platform.test_loop5_request_firewall" name="test_path_rejects_aliases_traversal_encoding_and_near_matches" time="0.003" /><testcase classname="tests.unit.platform.test_loop5_request_firewall" name="test_method_and_parameter_location_must_match_the_operation_contract" time="0.003" /><testcase classname="tests.unit.platform.test_loop5_request_firewall" name="test_payload_is_key_order_independent_but_rejects_missing_extra_null_and_wrong_type" time="0.003" /><testcase classname="tests.unit.platform.test_loop5_request_firewall" name="test_unknown_operations_redirects_and_named_write_requests_are_denied" time="0.003" /><testcase classname="tests.unit.platform.test_loop5_response_errors" name="test_list_and_detail_ignore_irrelevant_fields_but_preserve_nullable_values" time="0.004" /><testcase classname="tests.unit.platform.test_loop5_response_errors" name="test_login_page_is_classified_as_waiting_external_not_page_change" time="0.004" /><testcase classname="tests.unit.platform.test_loop5_response_errors" name="test_unknown_html_is_page_contract_change_not_login_failure" time="0.003" /><testcase classname="tests.unit.platform.test_loop5_response_errors" name="test_image_timeout_is_retryable_and_distinct_from_login_and_page_change" time="0.003" /><testcase classname="tests.unit.platform.test_loop5_response_errors" name="test_transient_list_failure_is_retryable_network_error_with_original_cause" time="0.004" /><testcase classname="tests.unit.platform.test_loop5_response_errors" name="test_dns_diagnostic_failure_does_not_block_successful_business_request" time="0.004" /><testcase classname="tests.unit.platform.test_loop5_result_file_verifier" name="test_verified_payload_is_immutable_and_authorized_before_and_after_read" time="0.004" /><testcase classname="tests.unit.platform.test_loop5_result_file_verifier" name="test_result_mismatch_is_rejected_before_authorization" time="0.002" /><testcase classname="tests.unit.platform.test_loop5_result_file_verifier" name="test_result_cannot_reference_another_commands_staged_payload" time="0.003" /><testcase classname="tests.unit.platform.test_loop5_result_file_verifier" name="test_second_authorization_failure_never_returns_verified_content" time="0.004" /><testcase classname="tests.unit.platform.test_loop5_result_file_verifier" name="test_declared_hash_size_and_json_media_are_reverified[ffffffffffffffffffffffffffffffffffffffffffffffffffffffffffffffff-None-{&quot;ok&quot;:true}-SHA-256]" time="0.004" /><testcase classname="tests.unit.platform.test_loop5_result_file_verifier" name="test_declared_hash_size_and_json_media_are_reverified[None-1-{&quot;ok&quot;:true}-size]" time="0.003" /><testcase classname="tests.unit.platform.test_loop5_result_file_verifier" name="test_declared_hash_size_and_json_media_are_reverified[None-None-not-json-UTF-8 JSON]" time="0.004" /><testcase classname="tests.unit.platform.test_loop5_result_file_verifier" name="test_ticket_image_signature_is_reverified[not-an-image]" time="0.005" /><testcase classname="tests.unit.platform.test_loop5_result_file_verifier" name="test_ticket_image_signature_is_reverified[\x89PNGbad]" time="0.004" /><testcase classname="tests.unit.platform.test_loop5_result_file_verifier" name="test_ticket_image_signature_is_reverified[\xff\xd8\xffmissing-end-marker]" time="0.005" /><testcase classname="tests.unit.platform.test_loop5_result_file_verifier" name="test_ticket_image_signature_must_match_declared_media_type[image/png-\x89PNG\r\n\x1a\nsynthetic]" time="0.004" /><testcase classname="tests.unit.platform.test_loop5_result_file_verifier" name="test_ticket_image_signature_must_match_declared_media_type[image/jpeg-\xff\xd8\xff\xe0synthetic\xff\xd9]" time="0.004" /><testcase classname="tests.unit.platform.test_loop5_result_file_verifier" name="test_ticket_image_rejects_a_different_valid_image_signature" time="0.003" /><testcase classname="tests.unit.platform.test_loop5_result_file_verifier" name="test_path_scope_reserved_names_and_missing_files_are_rejected[other-directory/page.json-connector-staging]" time="0.004" /><testcase classname="tests.unit.platform.test_loop5_result_file_verifier" name="test_path_scope_reserved_names_and_missing_files_are_rejected[connector-staging/CON.json-reserved]" time="0.003" /><testcase classname="tests.unit.platform.test_loop5_result_file_verifier" name="test_path_scope_reserved_names_and_missing_files_are_rejected[connector-staging/5659b1c78073831657b2155bff88ebac5c1ad43650d1ce59cd8b8f97457ef201/missing.json-does not exist]" time="0.003" /><testcase classname="tests.unit.platform.test_loop5_result_file_verifier" name="test_lexical_escape_is_rejected_even_if_protocol_object_is_tampered" time="0.002" /><testcase classname="tests.unit.platform.test_loop5_result_file_verifier" name="test_symlink_component_is_rejected_when_supported" time="0.003"><skipped type="pytest.skip" message="symlinks unavailable: [WinError 1314] 客户端没有所需的特权。: '%USERPROFILE%\\AppData\\Local\\Temp\\pytest-session-user\\pytest-687\\test_symlink_component_is_reje0\\outside' -&gt; '%USERPROFILE%\\AppData\\Local\\Temp\\pytest-session-user\\pytest-687\\test_symlink_component_is_reje0\\connector-staging\\5659b1c78073831657b2155bff88ebac5c1ad43650d1ce59cd8b8f97457ef201'">%USERPROFILE%\OneDrive\Desktop\AI开发\DaHe\tests\unit\platform\test_loop5_result_file_verifier.py:365: symlinks unavailable: [WinError 1314] 客户端没有所需的特权。: '%USERPROFILE%\\AppData\\Local\\Temp\\pytest-session-user\\pytest-687\\test_symlink_component_is_reje0\\outside' -&gt; '%USERPROFILE%\\AppData\\Local\\Temp\\pytest-session-user\\pytest-687\\test_symlink_component_is_reje0\\connector-staging\\5659b1c78073831657b2155bff88ebac5c1ad43650d1ce59cd8b8f97457ef201'</skipped></testcase><testcase classname="tests.unit.platform.test_loop5_result_protocol" name="test_command_round_trips_as_one_strict_utf8_ndjson_record" time="0.000" /><testcase classname="tests.unit.platform.test_loop5_result_protocol" name="test_command_accepts_urlsafe_fencing_token_prefixes[_]" time="0.000" /><testcase classname="tests.unit.platform.test_loop5_result_protocol" name="test_command_accepts_urlsafe_fencing_token_prefixes[-]" time="0.000" /><testcase classname="tests.unit.platform.test_loop5_result_protocol" name="test_command_parser_accepts_each_declared_read_operation[get_waybill_detail-parameters0]" time="0.000" /><testcase classname="tests.unit.platform.test_loop5_result_protocol" name="test_command_parser_accepts_each_declared_read_operation[download_ticket_image-parameters1]" time="0.000" /><testcase classname="tests.unit.platform.test_loop5_result_protocol" name="test_command_parser_rejects_wrong_types_versions_and_write_operations[protocol_version-2]" time="0.000" /><testcase classname="tests.unit.platform.test_loop5_result_protocol" name="test_command_parser_rejects_wrong_types_versions_and_write_operations[protocol_version-True]" time="0.000" /><testcase classname="tests.unit.platform.test_loop5_result_protocol" name="test_command_parser_rejects_wrong_types_versions_and_write_operations[command_id-123]" time="0.000" /><testcase classname="tests.unit.platform.test_loop5_result_protocol" name="test_command_parser_rejects_wrong_types_versions_and_write_operations[operation-settlement_confirm]" time="0.000" /><testcase classname="tests.unit.platform.test_loop5_result_protocol" name="test_command_parser_rejects_wrong_types_versions_and_write_operations[operation-receipt_cancel]" time="0.000" /><testcase classname="tests.unit.platform.test_loop5_result_protocol" name="test_command_parser_rejects_wrong_types_versions_and_write_operations[operation-pay]" time="0.000" /><testcase classname="tests.unit.platform.test_loop5_result_protocol" name="test_command_parser_rejects_wrong_types_versions_and_write_operations[authority-value6]" time="0.001" /><testcase classname="tests.unit.platform.test_loop5_result_protocol" name="test_command_parser_rejects_wrong_types_versions_and_write_operations[parameters-value7]" time="0.000" /><testcase classname="tests.unit.platform.test_loop5_result_protocol" name="test_command_parser_rejects_wrong_types_versions_and_write_operations[credential_reference-123]" time="0.001" /><testcase classname="tests.unit.platform.test_loop5_result_protocol" name="test_command_parser_rejects_extra_top_level_fields[extra0]" time="0.001" /><testcase classname="tests.unit.platform.test_loop5_result_protocol" name="test_command_parser_rejects_extra_top_level_fields[extra1]" time="0.000" /><testcase classname="tests.unit.platform.test_loop5_result_protocol" name="test_command_parser_rejects_extra_top_level_fields[extra2]" time="0.000" /><testcase classname="tests.unit.platform.test_loop5_result_protocol" name="test_command_parser_rejects_wrong_authority_field_types[session_id-1]" time="0.000" /><testcase classname="tests.unit.platform.test_loop5_result_protocol" name="test_command_parser_rejects_wrong_authority_field_types[instance_id-None]" time="0.000" /><testcase classname="tests.unit.platform.test_loop5_result_protocol" name="test_command_parser_rejects_wrong_authority_field_types[worker_id-value2]" time="0.000" /><testcase classname="tests.unit.platform.test_loop5_result_protocol" name="test_command_parser_rejects_wrong_authority_field_types[job_id-True]" time="0.000" /><testcase classname="tests.unit.platform.test_loop5_result_protocol" name="test_command_parser_rejects_wrong_authority_field_types[control_epoch-1]" time="0.000" /><testcase classname="tests.unit.platform.test_loop5_result_protocol" name="test_command_parser_rejects_wrong_authority_field_types[control_epoch-False]" time="0.000" /><testcase classname="tests.unit.platform.test_loop5_result_protocol" name="test_command_parser_rejects_wrong_authority_field_types[fencing_token-value6]" time="0.000" /><testcase classname="tests.unit.platform.test_loop5_result_protocol" name="test_command_parser_rejects_missing_or_extra_authority_fields" time="0.000" /><testcase classname="tests.unit.platform.test_loop5_result_protocol" name="test_command_parser_rejects_sensitive_parameters[parameters0]" time="0.000" /><testcase classname="tests.unit.platform.test_loop5_result_protocol" name="test_command_parser_rejects_sensitive_parameters[parameters1]" time="0.000" /><testcase classname="tests.unit.platform.test_loop5_result_protocol" name="test_command_parser_rejects_sensitive_parameters[parameters2]" time="0.000" /><testcase classname="tests.unit.platform.test_loop5_result_protocol" name="test_command_parser_rejects_sensitive_parameters[parameters3]" time="0.000" /><testcase classname="tests.unit.platform.test_loop5_result_protocol" name="test_command_parser_rejects_sensitive_parameters[parameters4]" time="0.000" /><testcase classname="tests.unit.platform.test_loop5_result_protocol" name="test_command_parser_rejects_sensitive_parameters[parameters5]" time="0.000" /><testcase classname="tests.unit.platform.test_loop5_result_protocol" name="test_command_parser_rejects_sensitive_parameters[parameters6]" time="0.000" /><testcase classname="tests.unit.platform.test_loop5_result_protocol" name="test_command_parser_rejects_newline_and_multi_record_injection[{&quot;authority&quot;:{&quot;control_epoch&quot;:1,&quot;fencing_token&quot;:&quot;process-local-fencing-token&quot;,&quot;instance_id&quot;:&quot;synthetic-instance&quot;,&quot;job_id&quot;:&quot;synthetic-job&quot;,&quot;session_id&quot;:&quot;synthetic-session&quot;,&quot;worker_id&quot;:&quot;synthetic-worker&quot;},&quot;command_id&quot;:&quot;synthetic-command-001&quot;,&quot;credential_reference&quot;:&quot;windows-credential:chengfeng-test&quot;,&quot;operation&quot;:&quot;list_waybills&quot;,&quot;parameters&quot;:{&quot;page_number&quot;:1,&quot;page_size&quot;:50,&quot;scope&quot;:&quot;loop5-synthetic-scope&quot;},&quot;protocol_version&quot;:1}\n{&quot;authority&quot;:{&quot;control_epoch&quot;:1,&quot;fencing_token&quot;:&quot;process-local-fencing-token&quot;,&quot;instance_id&quot;:&quot;synthetic-instance&quot;,&quot;job_id&quot;:&quot;synthetic-job&quot;,&quot;session_id&quot;:&quot;synthetic-session&quot;,&quot;worker_id&quot;:&quot;synthetic-worker&quot;},&quot;command_id&quot;:&quot;synthetic-command-001&quot;,&quot;credential_reference&quot;:&quot;windows-credential:chengfeng-test&quot;,&quot;operation&quot;:&quot;list_waybills&quot;,&quot;parameters&quot;:{&quot;page_number&quot;:1,&quot;page_size&quot;:50,&quot;scope&quot;:&quot;loop5-synthetic-scope&quot;},&quot;protocol_version&quot;:1}\n]" time="0.000" /><testcase classname="tests.unit.platform.test_loop5_result_protocol" name="test_command_parser_rejects_newline_and_multi_record_injection[{&quot;authority&quot;:{&quot;control_epoch&quot;:1,&quot;fencing_token&quot;:&quot;process-local-fencing-token&quot;,&quot;instance_id&quot;:&quot;synthetic-instance&quot;,&quot;job_id&quot;:&quot;synthetic-job&quot;,&quot;session_id&quot;:&quot;synthetic-session&quot;,&quot;worker_id&quot;:&quot;synthetic-worker&quot;},&quot;command_id&quot;:&quot;synthetic-command-001&quot;,&quot;credential_reference&quot;:&quot;windows-credential:chengfeng-test&quot;,&quot;operation&quot;:&quot;list_waybills&quot;,&quot;parameters&quot;:{&quot;page_number&quot;:1,&quot;page_size&quot;:50,&quot;scope&quot;:&quot;loop5-synthetic-scope&quot;},&quot;protocol_version&quot;:1}]" time="0.000" /><testcase classname="tests.unit.platform.test_loop5_result_protocol" name="test_command_parser_rejects_newline_and_multi_record_injection[{&quot;authority&quot;:{&quot;control_epoch&quot;:1,&quot;fencing_token&quot;:&quot;process-local-fencing-token&quot;,&quot;instance_id&quot;:&quot;synthetic-instance&quot;,&quot;job_id&quot;:&quot;synthetic-job&quot;,&quot;session_id&quot;:&quot;synthetic-session&quot;,&quot;worker_id&quot;:&quot;synthetic-worker&quot;},&quot;command_id&quot;:&quot;synthetic-command-001&quot;,&quot;credential_reference&quot;:&quot;windows-credential:chengfeng-test&quot;,&quot;operation&quot;:&quot;list_waybills&quot;,&quot;parameters&quot;:{&quot;page_number&quot;:1,&quot;page_size&quot;:50,&quot;scope&quot;:&quot;loop5-synthetic-scope&quot;},&quot;protocol_version&quot;:1}\r\n]" time="0.000" /><testcase classname="tests.unit.platform.test_loop5_result_protocol" name="test_command_parser_rejects_newline_and_multi_record_injection[{&quot;authority&quot;:{&quot;control_epoch&quot;:1,&quot;fencing_token&quot;:&quot;process-local-fencing-token&quot;,&quot;instance_id&quot;:&quot;synthetic-instance&quot;,&quot;job_id&quot;:&quot;synthetic-job&quot;,&quot;session_id&quot;:&quot;synthetic-session&quot;,&quot;worker_id&quot;:&quot;synthetic-worker&quot;},&quot;command_id&quot;:&quot;synthetic-command-001&quot;,&quot;credential_reference&quot;:&quot;windows-credential:chengfeng-test&quot;,&quot;operation&quot;:&quot;list_waybills&quot;,&quot;parameters&quot;:{&quot;page_number&quot;:1,&quot;page_size&quot;:50,&quot;scope&quot;:&quot;loop5-synthetic-scope&quot;},&quot;protocol_version&quot;:1}\n{}\n]" time="0.000" /><testcase classname="tests.unit.platform.test_loop5_result_protocol" name="test_command_parser_rejects_invalid_utf8" time="0.000" /><testcase classname="tests.unit.platform.test_loop5_result_protocol" name="test_command_parser_rejects_duplicate_json_fields[{&quot;protocol_version&quot;:1,&quot;protocol_version&quot;:1}\n]" time="0.000" /><testcase classname="tests.unit.platform.test_loop5_result_protocol" name="test_command_parser_rejects_duplicate_json_fields[{&quot;protocol_version&quot;:1,&quot;command_id&quot;:&quot;synthetic-command-001&quot;,&quot;operation&quot;:&quot;list_waybills&quot;,&quot;authority&quot;:{&quot;session_id&quot;:&quot;one&quot;,&quot;session_id&quot;:&quot;two&quot;},&quot;parameters&quot;:{},&quot;credential_reference&quot;:null}\n]" time="0.000" /><testcase classname="tests.unit.platform.test_loop5_result_protocol" name="test_command_parser_enforces_exact_parameters_for_each_read_operation[list_waybills-parameters0]" time="0.000" /><testcase classname="tests.unit.platform.test_loop5_result_protocol" name="test_command_parser_enforces_exact_parameters_for_each_read_operation[list_waybills-parameters1]" time="0.000" /><testcase classname="tests.unit.platform.test_loop5_result_protocol" name="test_command_parser_enforces_exact_parameters_for_each_read_operation[list_waybills-parameters2]" time="0.000" /><testcase classname="tests.unit.platform.test_loop5_result_protocol" name="test_command_parser_enforces_exact_parameters_for_each_read_operation[get_waybill_detail-parameters3]" time="0.000" /><testcase classname="tests.unit.platform.test_loop5_result_protocol" name="test_command_parser_enforces_exact_parameters_for_each_read_operation[download_ticket_image-parameters4]" time="0.000" /><testcase classname="tests.unit.platform.test_loop5_result_protocol" name="test_success_result_round_trips_as_one_strict_ndjson_record" time="0.000" /><testcase classname="tests.unit.platform.test_loop5_result_protocol" name="test_result_correlation_accepts_its_originating_command" time="0.000" /><testcase classname="tests.unit.platform.test_loop5_result_protocol" name="test_result_correlation_rejects_protocol_command_and_operation_mismatches" time="0.000" /><testcase classname="tests.unit.platform.test_loop5_result_protocol" name="test_failed_result_round_trips_without_a_payload_or_raw_error" time="0.000" /><testcase classname="tests.unit.platform.test_loop5_result_protocol" name="test_image_timeout_cannot_be_attached_to_a_non_image_operation" time="0.000" /><testcase classname="tests.unit.platform.test_loop5_result_protocol" name="test_parser_rejects_unknown_versions_write_operations_and_enum_values[protocol_version-2]" time="0.000" /><testcase classname="tests.unit.platform.test_loop5_result_protocol" name="test_parser_rejects_unknown_versions_write_operations_and_enum_values[protocol_version-True]" time="0.000" /><testcase classname="tests.unit.platform.test_loop5_result_protocol" name="test_parser_rejects_unknown_versions_write_operations_and_enum_values[operation-settlement_confirm]" time="0.000" /><testcase classname="tests.unit.platform.test_loop5_result_protocol" name="test_parser_rejects_unknown_versions_write_operations_and_enum_values[operation-receipt_cancel]" time="0.000" /><testcase classname="tests.unit.platform.test_loop5_result_protocol" name="test_parser_rejects_unknown_versions_write_operations_and_enum_values[operation-pay]" time="0.000" /><testcase classname="tests.unit.platform.test_loop5_result_protocol" name="test_parser_rejects_unknown_versions_write_operations_and_enum_values[outcome-partial]" time="0.000" /><testcase classname="tests.unit.platform.test_loop5_result_protocol" name="test_parser_rejects_unknown_versions_write_operations_and_enum_values[stage-settlement]" time="0.000" /><testcase classname="tests.unit.platform.test_loop5_result_protocol" name="test_parser_rejects_unknown_versions_write_operations_and_enum_values[diagnostic_classification-raw_exception]" time="0.000" /><testcase classname="tests.unit.platform.test_loop5_result_protocol" name="test_parser_rejects_every_extra_top_level_field[payload0]" time="0.000" /><testcase classname="tests.unit.platform.test_loop5_result_protocol" name="test_parser_rejects_every_extra_top_level_field[payload1]" time="0.000" /><testcase classname="tests.unit.platform.test_loop5_result_protocol" name="test_parser_rejects_every_extra_top_level_field[payload2]" time="0.000" /><testcase classname="tests.unit.platform.test_loop5_result_protocol" name="test_parser_rejects_every_extra_top_level_field[payload3]" time="0.000" /><testcase classname="tests.unit.platform.test_loop5_result_protocol" name="test_parser_rejects_wrong_top_level_types[protocol_version-1]" time="0.000" /><testcase classname="tests.unit.platform.test_loop5_result_protocol" name="test_parser_rejects_wrong_top_level_types[command_id-1]" time="0.000" /><testcase classname="tests.unit.platform.test_loop5_result_protocol" name="test_parser_rejects_wrong_top_level_types[operation-1]" time="0.000" /><testcase classname="tests.unit.platform.test_loop5_result_protocol" name="test_parser_rejects_wrong_top_level_types[outcome-True]" time="0.000" /><testcase classname="tests.unit.platform.test_loop5_result_protocol" name="test_parser_rejects_wrong_top_level_types[stage-None]" time="0.000" /><testcase classname="tests.unit.platform.test_loop5_result_protocol" name="test_parser_rejects_wrong_top_level_types[diagnostic_classification-value5]" time="0.000" /><testcase classname="tests.unit.platform.test_loop5_result_protocol" name="test_parser_rejects_wrong_top_level_types[payload_references-value6]" time="0.000" /><testcase classname="tests.unit.platform.test_loop5_result_protocol" name="test_payload_reference_rejects_escape_paths_urls_and_signed_urls[../outside.png]" time="0.001" /><testcase classname="tests.unit.platform.test_loop5_result_protocol" name="test_payload_reference_rejects_escape_paths_urls_and_signed_urls[/absolute/image.png]" time="0.000" /><testcase classname="tests.unit.platform.test_loop5_result_protocol" name="test_payload_reference_rejects_escape_paths_urls_and_signed_urls[C:\\images\\ticket.png]" time="0.000" /><testcase classname="tests.unit.platform.test_loop5_result_protocol" name="test_payload_reference_rejects_escape_paths_urls_and_signed_urls[https://files.example/ticket.png?token=secret]" time="0.000" /><testcase classname="tests.unit.platform.test_loop5_result_protocol" name="test_payload_reference_rejects_escape_paths_urls_and_signed_urls[images/ticket.png?signature=secret]" time="0.000" /><testcase classname="tests.unit.platform.test_loop5_result_protocol" name="test_payload_reference_rejects_escape_paths_urls_and_signed_urls[images//ticket.png]" time="0.000" /><testcase classname="tests.unit.platform.test_loop5_result_protocol" name="test_payload_reference_rejects_escape_paths_urls_and_signed_urls[images/./ticket.png]" time="0.000" /><testcase classname="tests.unit.platform.test_loop5_result_protocol" name="test_payload_reference_rejects_media_type_that_does_not_match_kind[waybill_page-image/png]" time="0.000" /><testcase classname="tests.unit.platform.test_loop5_result_protocol" name="test_payload_reference_rejects_media_type_that_does_not_match_kind[waybill_detail-image/jpeg]" time="0.000" /><testcase classname="tests.unit.platform.test_loop5_result_protocol" name="test_payload_reference_rejects_media_type_that_does_not_match_kind[ticket_image-application/json]" time="0.000" /><testcase classname="tests.unit.platform.test_loop5_result_protocol" name="test_payload_reference_accepts_v1_size_boundary[waybill_page-application/json-8388608]" time="0.000" /><testcase classname="tests.unit.platform.test_loop5_result_protocol" name="test_payload_reference_accepts_v1_size_boundary[waybill_detail-application/json-8388608]" time="0.000" /><testcase classname="tests.unit.platform.test_loop5_result_protocol" name="test_payload_reference_accepts_v1_size_boundary[ticket_image-image/png-33554432]" time="0.000" /><testcase classname="tests.unit.platform.test_loop5_result_protocol" name="test_payload_reference_rejects_size_above_v1_limit[waybill_page-application/json-8388608]" time="0.000" /><testcase classname="tests.unit.platform.test_loop5_result_protocol" name="test_payload_reference_rejects_size_above_v1_limit[waybill_detail-application/json-8388608]" time="0.000" /><testcase classname="tests.unit.platform.test_loop5_result_protocol" name="test_payload_reference_rejects_size_above_v1_limit[ticket_image-image/jpeg-33554432]" time="0.000" /><testcase classname="tests.unit.platform.test_loop5_result_protocol" name="test_parser_rejects_extra_payload_fields[mutation0]" time="0.000" /><testcase classname="tests.unit.platform.test_loop5_result_protocol" name="test_parser_rejects_extra_payload_fields[mutation1]" time="0.000" /><testcase classname="tests.unit.platform.test_loop5_result_protocol" name="test_parser_rejects_extra_payload_fields[mutation2]" time="0.000" /><testcase classname="tests.unit.platform.test_loop5_result_protocol" name="test_parser_rejects_newline_and_multi_record_injection[{&quot;command_id&quot;:&quot;synthetic-command-001&quot;,&quot;diagnostic_classification&quot;:&quot;none&quot;,&quot;operation&quot;:&quot;list_waybills&quot;,&quot;outcome&quot;:&quot;succeeded&quot;,&quot;payload_references&quot;:[{&quot;byte_size&quot;:123,&quot;kind&quot;:&quot;waybill_page&quot;,&quot;media_type&quot;:&quot;application/json&quot;,&quot;relative_path&quot;:&quot;connector-results/00/page.json&quot;,&quot;sha256&quot;:&quot;0000000000000000000000000000000000000000000000000000000000000000&quot;}],&quot;protocol_version&quot;:1,&quot;stage&quot;:&quot;list_query&quot;}\n{&quot;command_id&quot;:&quot;synthetic-command-001&quot;,&quot;diagnostic_classification&quot;:&quot;none&quot;,&quot;operation&quot;:&quot;list_waybills&quot;,&quot;outcome&quot;:&quot;succeeded&quot;,&quot;payload_references&quot;:[{&quot;byte_size&quot;:123,&quot;kind&quot;:&quot;waybill_page&quot;,&quot;media_type&quot;:&quot;application/json&quot;,&quot;relative_path&quot;:&quot;connector-results/00/page.json&quot;,&quot;sha256&quot;:&quot;0000000000000000000000000000000000000000000000000000000000000000&quot;}],&quot;protocol_version&quot;:1,&quot;stage&quot;:&quot;list_query&quot;}\n]" time="0.000" /><testcase classname="tests.unit.platform.test_loop5_result_protocol" name="test_parser_rejects_newline_and_multi_record_injection[{&quot;command_id&quot;:&quot;synthetic-command-001&quot;,&quot;diagnostic_classification&quot;:&quot;none&quot;,&quot;operation&quot;:&quot;list_waybills&quot;,&quot;outcome&quot;:&quot;succeeded&quot;,&quot;payload_references&quot;:[{&quot;byte_size&quot;:123,&quot;kind&quot;:&quot;waybill_page&quot;,&quot;media_type&quot;:&quot;application/json&quot;,&quot;relative_path&quot;:&quot;connector-results/00/page.json&quot;,&quot;sha256&quot;:&quot;0000000000000000000000000000000000000000000000000000000000000000&quot;}],&quot;protocol_version&quot;:1,&quot;stage&quot;:&quot;list_query&quot;}]" time="0.000" /><testcase classname="tests.unit.platform.test_loop5_result_protocol" name="test_parser_rejects_newline_and_multi_record_injection[{&quot;command_id&quot;:&quot;synthetic-command-001&quot;,&quot;diagnostic_classification&quot;:&quot;none&quot;,&quot;operation&quot;:&quot;list_waybills&quot;,&quot;outcome&quot;:&quot;succeeded&quot;,&quot;payload_references&quot;:[{&quot;byte_size&quot;:123,&quot;kind&quot;:&quot;waybill_page&quot;,&quot;media_type&quot;:&quot;application/json&quot;,&quot;relative_path&quot;:&quot;connector-results/00/page.json&quot;,&quot;sha256&quot;:&quot;0000000000000000000000000000000000000000000000000000000000000000&quot;}],&quot;protocol_version&quot;:1,&quot;stage&quot;:&quot;list_query&quot;}\r\n]" time="0.000" /><testcase classname="tests.unit.platform.test_loop5_result_protocol" name="test_parser_rejects_newline_and_multi_record_injection[{&quot;command_id&quot;:&quot;synthetic-command-001&quot;,&quot;diagnostic_classification&quot;:&quot;none&quot;,&quot;operation&quot;:&quot;list_waybills&quot;,&quot;outcome&quot;:&quot;succeeded&quot;,&quot;payload_references&quot;:[{&quot;byte_size&quot;:123,&quot;kind&quot;:&quot;waybill_page&quot;,&quot;media_type&quot;:&quot;application/json&quot;,&quot;relative_path&quot;:&quot;connector-results/00/page.json&quot;,&quot;sha256&quot;:&quot;0000000000000000000000000000000000000000000000000000000000000000&quot;}],&quot;protocol_version&quot;:1,&quot;stage&quot;:&quot;list_query&quot;}\n{}\n]" time="0.000" /><testcase classname="tests.unit.platform.test_loop5_result_protocol" name="test_result_invariants_prevent_mislabeled_payload_or_error" time="0.000" /><testcase classname="tests.unit.platform.test_loop5_result_protocol" name="test_image_result_contains_only_a_hash_and_relative_reference" time="0.000" /><testcase classname="tests.unit.system.test_instance_lifecycle" name="test_start_heartbeats_and_close_are_idempotent" time="0.027" /><testcase classname="tests.unit.system.test_instance_lifecycle" name="test_context_manager_marks_the_registered_instance_stopped" time="0.003" /><testcase classname="tests.unit.system.test_instance_lifecycle" name="test_heartbeat_failure_is_reported_after_clean_stop" time="0.013" /><testcase classname="tests.unit.system.test_instance_lifecycle" name="test_close_before_start_is_final_and_idempotent" time="0.002" /><testcase classname="tests.unit.system.test_instance_lifecycle" name="test_close_waits_for_an_in_progress_registration" time="0.002" /><testcase classname="tests.unit.system.test_instance_lifecycle" name="test_data_root_identity_is_stable_for_the_resolved_windows_path" time="0.002" /><testcase classname="tests.unit.system.test_instance_lock" name="test_second_instance_for_same_data_root_is_rejected" time="0.031" /><testcase classname="tests.unit.system.test_instance_lock" name="test_different_data_roots_can_hold_independent_instances" time="0.010" /><testcase classname="tests.unit.system.test_instance_lock" name="test_stale_diagnostic_file_is_not_treated_as_an_active_instance" time="0.016" /><testcase classname="tests.unit.system.test_ocr_process_environment" name="test_ocr_child_environment_is_whitelisted_and_offline" time="0.004" /><testcase classname="tests.unit.system.test_ocr_process_environment" name="test_ocr_child_environment_rejects_unapproved_overrides" time="0.004" /><testcase classname="tests.unit.system.test_port_guard" name="test_port_reservation_uses_requested_loopback_port" time="0.001" /><testcase classname="tests.unit.system.test_port_guard" name="test_second_reservation_fails_without_closing_or_replacing_owner" time="0.000" /><testcase classname="tests.unit.system.test_port_guard" name="test_port_guard_does_not_enable_reuseaddr" time="0.000" /><testcase classname="tests.unit.system.test_process_supervision" name="test_supervisor_close_stops_owned_helper_but_not_unknown_process" time="0.012" /><testcase classname="tests.unit.system.test_process_supervision" name="test_forged_worker_identity_cannot_terminate_owned_or_unknown_process" time="0.013" /><testcase classname="tests.unit.system.test_process_supervision" name="test_correct_owned_identity_can_stop_only_that_helper" time="0.012" /><testcase classname="tests.unit.system.test_process_supervision" name="test_process_identity_mismatch_never_falls_back_to_pid_only" time="0.006" /><testcase classname="tests.unit.system.test_server_ocr_composition" name="test_app_builds_backend_only_after_database_migration" time="0.136" /><testcase classname="tests.unit.system.test_server_ocr_composition" name="test_standard_console_composes_verified_local_ocr_backend" time="0.002" /><testcase classname="tests.unit.system.test_server_ocr_composition" name="test_protected_fake_fixture_console_does_not_start_local_workers" time="0.002" /><testcase classname="tests.unit.system.test_versioning" name="test_version_manifest_matches_package" time="0.000" /><testcase classname="tests.unit.verification.test_ledger" name="test_repository_ledger_matches_json_schema" time="0.001" /><testcase classname="tests.unit.verification.test_ledger" name="test_ledger_update_is_atomic_and_revision_guarded" time="0.006" /><testcase classname="tests.unit.verification.test_ledger" name="test_failure_before_replace_preserves_previous_ledger" time="0.007" /><testcase classname="tests.unit.verification.test_ledger" name="test_accepted_ledger_requires_passed_gates_and_commit" time="0.005" /></testsuite></testsuites>